[26 - 2aaaaacc4700] {4}{runtime}: [warning 1071] LEGION WARNING: Region requirement 0 of operation init.parallel (UID 282) in parent task main (UID 26) is using uninitialized data for field(s) 101,102 of logical region (58,3,3) (from file /users/mpapadak/legion/runtime/legion/legion_ops.cc:527)[warning 1071] 
For more information see:
http://legion.stanford.edu/messages/warning_code.html#warning_code_1071

[26 - 2aaaaacc4700] {4}{runtime}: [warning 1071] LEGION WARNING: Region requirement 1 of operation init.parallel (UID 282) in parent task main (UID 26) is using uninitialized data for field(s) 101 of logical region (90,1,1) (from file /users/mpapadak/legion/runtime/legion/legion_ops.cc:527)[warning 1071] 
For more information see:
http://legion.stanford.edu/messages/warning_code.html#warning_code_1071

[19 - 2aaaaacc4700] {4}{runtime}: [warning 1071] LEGION WARNING: Region requirement 0 of operation init.parallel (UID 275) in parent task main (UID 19) is using uninitialized data for field(s) 101,102 of logical region (51,3,3) (from file /users/mpapadak/legion/runtime/legion/legion_ops.cc:527)[warning 1071] 
For more information see:
http://legion.stanford.edu/messages/warning_code.html#warning_code_1071

[19 - 2aaaaacc4700] {4}{runtime}: [warning 1071] LEGION WARNING: Region requirement 1 of operation init.parallel (UID 275) in parent task main (UID 19) is using uninitialized data for field(s) 101 of logical region (83,1,1) (from file /users/mpapadak/legion/runtime/legion/legion_ops.cc:527)[warning 1071] 
For more information see:
http://legion.stanford.edu/messages/warning_code.html#warning_code_1071

[29 - 2aaaaacc4700] {4}{runtime}: [warning 1071] LEGION WARNING: Region requirement 0 of operation init.parallel (UID 285) in parent task main (UID 29) is using uninitialized data for field(s) 101,102 of logical region (61,3,3) (from file /users/mpapadak/legion/runtime/legion/legion_ops.cc:527)[warning 1071] 
For more information see:
http://legion.stanford.edu/messages/warning_code.html#warning_code_1071

[29 - 2aaaaacc4700] {4}{runtime}: [warning 1071] LEGION WARNING: Region requirement 1 of operation init.parallel (UID 285) in parent task main (UID 29) is using uninitialized data for field(s) 101 of logical region (93,1,1) (from file /users/mpapadak/legion/runtime/legion/legion_ops.cc:527)[warning 1071] 
For more information see:
http://legion.stanford.edu/messages/warning_code.html#warning_code_1071

[25 - 2aaaaacc4700] {4}{runtime}: [warning 1071] LEGION WARNING: Region requirement 0 of operation init.parallel (UID 281) in parent task main (UID 25) is using uninitialized data for field(s) 101,102 of logical region (57,3,3) (from file /users/mpapadak/legion/runtime/legion/legion_ops.cc:527)[warning 1071] 
For more information see:
http://legion.stanford.edu/messages/warning_code.html#warning_code_1071

[25 - 2aaaaacc4700] {4}{runtime}: [warning 1071] LEGION WARNING: Region requirement 1 of operation init.parallel (UID 281) in parent task main (UID 25) is using uninitialized data for field(s) 101 of logical region (89,1,1) (from file /users/mpapadak/legion/runtime/legion/legion_ops.cc:527)[warning 1071] 
For more information see:
http://legion.stanford.edu/messages/warning_code.html#warning_code_1071

[21 - 2aaaaacc4700] {4}{runtime}: [warning 1071] LEGION WARNING: Region requirement 0 of operation init.parallel (UID 277) in parent task main (UID 21) is using uninitialized data for field(s) 101,102 of logical region (53,3,3) (from file /users/mpapadak/legion/runtime/legion/legion_ops.cc:527)[warning 1071] 
For more information see:
http://legion.stanford.edu/messages/warning_code.html#warning_code_1071

[21 - 2aaaaacc4700] {4}{runtime}: [warning 1071] LEGION WARNING: Region requirement 1 of operation init.parallel (UID 277) in parent task main (UID 21) is using uninitialized data for field(s) 101 of logical region (85,1,1) (from file /users/mpapadak/legion/runtime/legion/legion_ops.cc:527)[warning 1071] 
For more information see:
http://legion.stanford.edu/messages/warning_code.html#warning_code_1071

[22 - 2aaaaacc4700] {4}{runtime}: [warning 1071] LEGION WARNING: Region requirement 0 of operation init.parallel (UID 278) in parent task main (UID 22) is using uninitialized data for field(s) 101,102 of logical region (54,3,3) (from file /users/mpapadak/legion/runtime/legion/legion_ops.cc:527)[warning 1071] 
For more information see:
http://legion.stanford.edu/messages/warning_code.html#warning_code_1071

[22 - 2aaaaacc4700] {4}{runtime}: [warning 1071] LEGION WARNING: Region requirement 1 of operation init.parallel (UID 278) in parent task main (UID 22) is using uninitialized data for field(s) 101 of logical region (86,1,1) (from file /users/mpapadak/legion/runtime/legion/legion_ops.cc:527)[warning 1071] 
For more information see:
http://legion.stanford.edu/messages/warning_code.html#warning_code_1071

[16 - 2aaaaacc4700] {4}{runtime}: [warning 1071] LEGION WARNING: Region requirement 0 of operation init.parallel (UID 272) in parent task main (UID 16) is using uninitialized data for field(s) 101,102 of logical region (48,3,3) (from file /users/mpapadak/legion/runtime/legion/legion_ops.cc:527)[warning 1071] 
For more information see:
http://legion.stanford.edu/messages/warning_code.html#warning_code_1071

[16 - 2aaaaacc4700] {4}{runtime}: [warning 1071] LEGION WARNING: Region requirement 1 of operation init.parallel (UID 272) in parent task main (UID 16) is using uninitialized data for field(s) 101 of logical region (80,1,1) (from file /users/mpapadak/legion/runtime/legion/legion_ops.cc:527)[warning 1071] 
For more information see:
http://legion.stanford.edu/messages/warning_code.html#warning_code_1071

[17 - 2aaaaacc4700] {4}{runtime}: [warning 1071] LEGION WARNING: Region requirement 0 of operation init.parallel (UID 273) in parent task main (UID 17) is using uninitialized data for field(s) 101,102 of logical region (49,3,3) (from file /users/mpapadak/legion/runtime/legion/legion_ops.cc:527)[warning 1071] 
For more information see:
http://legion.stanford.edu/messages/warning_code.html#warning_code_1071

[17 - 2aaaaacc4700] {4}{runtime}: [warning 1071] LEGION WARNING: Region requirement 1 of operation init.parallel (UID 273) in parent task main (UID 17) is using uninitialized data for field(s) 101 of logical region (81,1,1) (from file /users/mpapadak/legion/runtime/legion/legion_ops.cc:527)[warning 1071] 
For more information see:
http://legion.stanford.edu/messages/warning_code.html#warning_code_1071

[30 - 2aaaaac83700] {4}{runtime}: [warning 1071] LEGION WARNING: Region requirement 0 of operation init.parallel (UID 286) in parent task main (UID 30) is using uninitialized data for field(s) 101,102 of logical region (62,3,3) (from file /users/mpapadak/legion/runtime/legion/legion_ops.cc:527)[warning 1071] 
For more information see:
http://legion.stanford.edu/messages/warning_code.html#warning_code_1071

[30 - 2aaaaac83700] {4}{runtime}: [warning 1071] LEGION WARNING: Region requirement 1 of operation init.parallel (UID 286) in parent task main (UID 30) is using uninitialized data for field(s) 101 of logical region (94,1,1) (from file /users/mpapadak/legion/runtime/legion/legion_ops.cc:527)[warning 1071] 
For more information see:
http://legion.stanford.edu/messages/warning_code.html#warning_code_1071

[18 - 2aaaaac83700] {4}{runtime}: [warning 1071] LEGION WARNING: Region requirement 0 of operation init.parallel (UID 274) in parent task main (UID 18) is using uninitialized data for field(s) 101,102 of logical region (50,3,3) (from file /users/mpapadak/legion/runtime/legion/legion_ops.cc:527)[warning 1071] 
For more information see:
http://legion.stanford.edu/messages/warning_code.html#warning_code_1071

[18 - 2aaaaac83700] {4}{runtime}: [warning 1071] LEGION WARNING: Region requirement 1 of operation init.parallel (UID 274) in parent task main (UID 18) is using uninitialized data for field(s) 101 of logical region (82,1,1) (from file /users/mpapadak/legion/runtime/legion/legion_ops.cc:527)[warning 1071] 
For more information see:
http://legion.stanford.edu/messages/warning_code.html#warning_code_1071

[28 - 2aaaaacc4700] {4}{runtime}: [warning 1071] LEGION WARNING: Region requirement 0 of operation init.parallel (UID 284) in parent task main (UID 28) is using uninitialized data for field(s) 101,102 of logical region (60,3,3) (from file /users/mpapadak/legion/runtime/legion/legion_ops.cc:527)[warning 1071] 
For more information see:
http://legion.stanford.edu/messages/warning_code.html#warning_code_1071

[28 - 2aaaaacc4700] {4}{runtime}: [warning 1071] LEGION WARNING: Region requirement 1 of operation init.parallel (UID 284) in parent task main (UID 28) is using uninitialized data for field(s) 101 of logical region (92,1,1) (from file /users/mpapadak/legion/runtime/legion/legion_ops.cc:527)[warning 1071] 
For more information see:
http://legion.stanford.edu/messages/warning_code.html#warning_code_1071

[31 - 2aaaaacc4700] {4}{runtime}: [warning 1071] LEGION WARNING: Region requirement 0 of operation init.parallel (UID 287) in parent task main (UID 31) is using uninitialized data for field(s) 101,102 of logical region (63,3,3) (from file /users/mpapadak/legion/runtime/legion/legion_ops.cc:527)[warning 1071] 
For more information see:
http://legion.stanford.edu/messages/warning_code.html#warning_code_1071

[31 - 2aaaaacc4700] {4}{runtime}: [warning 1071] LEGION WARNING: Region requirement 1 of operation init.parallel (UID 287) in parent task main (UID 31) is using uninitialized data for field(s) 101 of logical region (95,1,1) (from file /users/mpapadak/legion/runtime/legion/legion_ops.cc:527)[warning 1071] 
For more information see:
http://legion.stanford.edu/messages/warning_code.html#warning_code_1071

[20 - 2aaaaacc4700] {4}{runtime}: [warning 1071] LEGION WARNING: Region requirement 0 of operation init.parallel (UID 276) in parent task main (UID 20) is using uninitialized data for field(s) 101,102 of logical region (52,3,3) (from file /users/mpapadak/legion/runtime/legion/legion_ops.cc:527)[warning 1071] 
For more information see:
http://legion.stanford.edu/messages/warning_code.html#warning_code_1071

[20 - 2aaaaacc4700] {4}{runtime}: [warning 1071] LEGION WARNING: Region requirement 1 of operation init.parallel (UID 276) in parent task main (UID 20) is using uninitialized data for field(s) 101 of logical region (84,1,1) (from file /users/mpapadak/legion/runtime/legion/legion_ops.cc:527)[warning 1071] 
For more information see:
http://legion.stanford.edu/messages/warning_code.html#warning_code_1071

[27 - 2aaaaacc4700] {4}{runtime}: [warning 1071] LEGION WARNING: Region requirement 0 of operation init.parallel (UID 283) in parent task main (UID 27) is using uninitialized data for field(s) 101,102 of logical region (59,3,3) (from file /users/mpapadak/legion/runtime/legion/legion_ops.cc:527)[warning 1071] 
For more information see:
http://legion.stanford.edu/messages/warning_code.html#warning_code_1071

[27 - 2aaaaacc4700] {4}{runtime}: [warning 1071] LEGION WARNING: Region requirement 1 of operation init.parallel (UID 283) in parent task main (UID 27) is using uninitialized data for field(s) 101 of logical region (91,1,1) (from file /users/mpapadak/legion/runtime/legion/legion_ops.cc:527)[warning 1071] 
For more information see:
http://legion.stanford.edu/messages/warning_code.html#warning_code_1071

[24 - 2aaaaacc4700] {4}{runtime}: [warning 1071] LEGION WARNING: Region requirement 0 of operation init.parallel (UID 280) in parent task main (UID 24) is using uninitialized data for field(s) 101,102 of logical region (56,3,3) (from file /users/mpapadak/legion/runtime/legion/legion_ops.cc:527)[warning 1071] 
For more information see:
http://legion.stanford.edu/messages/warning_code.html#warning_code_1071

[24 - 2aaaaacc4700] {4}{runtime}: [warning 1071] LEGION WARNING: Region requirement 1 of operation init.parallel (UID 280) in parent task main (UID 24) is using uninitialized data for field(s) 101 of logical region (88,1,1) (from file /users/mpapadak/legion/runtime/legion/legion_ops.cc:527)[warning 1071] 
For more information see:
http://legion.stanford.edu/messages/warning_code.html#warning_code_1071

[23 - 2aaaaacc4700] {4}{runtime}: [warning 1071] LEGION WARNING: Region requirement 0 of operation init.parallel (UID 279) in parent task main (UID 23) is using uninitialized data for field(s) 101,102 of logical region (55,3,3) (from file /users/mpapadak/legion/runtime/legion/legion_ops.cc:527)[warning 1071] 
For more information see:
http://legion.stanford.edu/messages/warning_code.html#warning_code_1071

[23 - 2aaaaacc4700] {4}{runtime}: [warning 1071] LEGION WARNING: Region requirement 1 of operation init.parallel (UID 279) in parent task main (UID 23) is using uninitialized data for field(s) 101 of logical region (87,1,1) (from file /users/mpapadak/legion/runtime/legion/legion_ops.cc:527)[warning 1071] 
For more information see:
http://legion.stanford.edu/messages/warning_code.html#warning_code_1071

[0 - 2aaaaacc4700] {4}{runtime}: [warning 1071] LEGION WARNING: Region requirement 0 of operation init.parallel (UID 1344) in parent task main (UID 96) is using uninitialized data for field(s) 101,102 of logical region (96,3,3) (from file /users/mpapadak/legion/runtime/legion/legion_ops.cc:527)[warning 1071] 
For more information see:
http://legion.stanford.edu/messages/warning_code.html#warning_code_1071

[0 - 2aaaaacc4700] {4}{runtime}: [warning 1071] LEGION WARNING: Region requirement 1 of operation init.parallel (UID 1344) in parent task main (UID 96) is using uninitialized data for field(s) 101 of logical region (128,1,1) (from file /users/mpapadak/legion/runtime/legion/legion_ops.cc:527)[warning 1071] 
For more information see:
http://legion.stanford.edu/messages/warning_code.html#warning_code_1071

[1 - 2aaaaacc4700] {4}{runtime}: [warning 1071] LEGION WARNING: Region requirement 0 of operation init.parallel (UID 257) in parent task main (UID 1) is using uninitialized data for field(s) 101,102 of logical region (65,3,3) (from file /users/mpapadak/legion/runtime/legion/legion_ops.cc:527)[warning 1071] 
For more information see:
http://legion.stanford.edu/messages/warning_code.html#warning_code_1071

[1 - 2aaaaacc4700] {4}{runtime}: [warning 1071] LEGION WARNING: Region requirement 1 of operation init.parallel (UID 257) in parent task main (UID 1) is using uninitialized data for field(s) 101 of logical region (97,1,1) (from file /users/mpapadak/legion/runtime/legion/legion_ops.cc:527)[warning 1071] 
For more information see:
http://legion.stanford.edu/messages/warning_code.html#warning_code_1071

[3 - 2aaaaacc4700] {4}{runtime}: [warning 1071] LEGION WARNING: Region requirement 0 of operation init.parallel (UID 259) in parent task main (UID 3) is using uninitialized data for field(s) 101,102 of logical region (67,3,3) (from file /users/mpapadak/legion/runtime/legion/legion_ops.cc:527)[warning 1071] 
For more information see:
http://legion.stanford.edu/messages/warning_code.html#warning_code_1071

[3 - 2aaaaacc4700] {4}{runtime}: [warning 1071] LEGION WARNING: Region requirement 1 of operation init.parallel (UID 259) in parent task main (UID 3) is using uninitialized data for field(s) 101 of logical region (99,1,1) (from file /users/mpapadak/legion/runtime/legion/legion_ops.cc:527)[warning 1071] 
For more information see:
http://legion.stanford.edu/messages/warning_code.html#warning_code_1071

[4 - 2aaaaacc4700] {4}{runtime}: [warning 1071] LEGION WARNING: Region requirement 0 of operation init.parallel (UID 260) in parent task main (UID 4) is using uninitialized data for field(s) 101,102 of logical region (68,3,3) (from file /users/mpapadak/legion/runtime/legion/legion_ops.cc:527)[warning 1071] 
For more information see:
http://legion.stanford.edu/messages/warning_code.html#warning_code_1071

[4 - 2aaaaacc4700] {4}{runtime}: [warning 1071] LEGION WARNING: Region requirement 1 of operation init.parallel (UID 260) in parent task main (UID 4) is using uninitialized data for field(s) 101 of logical region (100,1,1) (from file /users/mpapadak/legion/runtime/legion/legion_ops.cc:527)[warning 1071] 
For more information see:
http://legion.stanford.edu/messages/warning_code.html#warning_code_1071

[15 - 2aaaaacc4700] {4}{runtime}: [warning 1071] LEGION WARNING: Region requirement 0 of operation init.parallel (UID 271) in parent task main (UID 15) is using uninitialized data for field(s) 101,102 of logical region (47,3,3) (from file /users/mpapadak/legion/runtime/legion/legion_ops.cc:527)[warning 1071] 
For more information see:
http://legion.stanford.edu/messages/warning_code.html#warning_code_1071

[15 - 2aaaaacc4700] {4}{runtime}: [warning 1071] LEGION WARNING: Region requirement 1 of operation init.parallel (UID 271) in parent task main (UID 15) is using uninitialized data for field(s) 101 of logical region (79,1,1) (from file /users/mpapadak/legion/runtime/legion/legion_ops.cc:527)[warning 1071] 
For more information see:
http://legion.stanford.edu/messages/warning_code.html#warning_code_1071

[6 - 2aaaaac83700] {4}{runtime}: [warning 1071] LEGION WARNING: Region requirement 0 of operation init.parallel (UID 262) in parent task main (UID 6) is using uninitialized data for field(s) 101,102 of logical region (38,3,3) (from file /users/mpapadak/legion/runtime/legion/legion_ops.cc:527)[warning 1071] 
For more information see:
http://legion.stanford.edu/messages/warning_code.html#warning_code_1071

[6 - 2aaaaac83700] {4}{runtime}: [warning 1071] LEGION WARNING: Region requirement 1 of operation init.parallel (UID 262) in parent task main (UID 6) is using uninitialized data for field(s) 101 of logical region (70,1,1) (from file /users/mpapadak/legion/runtime/legion/legion_ops.cc:527)[warning 1071] 
For more information see:
http://legion.stanford.edu/messages/warning_code.html#warning_code_1071

[14 - 2aaaaacc4700] {4}{runtime}: [warning 1071] LEGION WARNING: Region requirement 0 of operation init.parallel (UID 270) in parent task main (UID 14) is using uninitialized data for field(s) 101,102 of logical region (46,3,3) (from file /users/mpapadak/legion/runtime/legion/legion_ops.cc:527)[warning 1071] 
For more information see:
http://legion.stanford.edu/messages/warning_code.html#warning_code_1071

[14 - 2aaaaacc4700] {4}{runtime}: [warning 1071] LEGION WARNING: Region requirement 1 of operation init.parallel (UID 270) in parent task main (UID 14) is using uninitialized data for field(s) 101 of logical region (78,1,1) (from file /users/mpapadak/legion/runtime/legion/legion_ops.cc:527)[warning 1071] 
For more information see:
http://legion.stanford.edu/messages/warning_code.html#warning_code_1071

[13 - 2aaaaacc4700] {4}{runtime}: [warning 1071] LEGION WARNING: Region requirement 0 of operation init.parallel (UID 269) in parent task main (UID 13) is using uninitialized data for field(s) 101,102 of logical region (45,3,3) (from file /users/mpapadak/legion/runtime/legion/legion_ops.cc:527)[warning 1071] 
For more information see:
http://legion.stanford.edu/messages/warning_code.html#warning_code_1071

[13 - 2aaaaacc4700] {4}{runtime}: [warning 1071] LEGION WARNING: Region requirement 1 of operation init.parallel (UID 269) in parent task main (UID 13) is using uninitialized data for field(s) 101 of logical region (77,1,1) (from file /users/mpapadak/legion/runtime/legion/legion_ops.cc:527)[warning 1071] 
For more information see:
http://legion.stanford.edu/messages/warning_code.html#warning_code_1071

[11 - 2aaaaacc4700] {4}{runtime}: [warning 1071] LEGION WARNING: Region requirement 0 of operation init.parallel (UID 267) in parent task main (UID 11) is using uninitialized data for field(s) 101,102 of logical region (43,3,3) (from file /users/mpapadak/legion/runtime/legion/legion_ops.cc:527)[warning 1071] 
For more information see:
http://legion.stanford.edu/messages/warning_code.html#warning_code_1071

[11 - 2aaaaacc4700] {4}{runtime}: [warning 1071] LEGION WARNING: Region requirement 1 of operation init.parallel (UID 267) in parent task main (UID 11) is using uninitialized data for field(s) 101 of logical region (75,1,1) (from file /users/mpapadak/legion/runtime/legion/legion_ops.cc:527)[warning 1071] 
For more information see:
http://legion.stanford.edu/messages/warning_code.html#warning_code_1071

[9 - 2aaaaacc4700] {4}{runtime}: [warning 1071] LEGION WARNING: Region requirement 0 of operation init.parallel (UID 265) in parent task main (UID 9) is using uninitialized data for field(s) 101,102 of logical region (41,3,3) (from file /users/mpapadak/legion/runtime/legion/legion_ops.cc:527)[warning 1071] 
For more information see:
http://legion.stanford.edu/messages/warning_code.html#warning_code_1071

[9 - 2aaaaacc4700] {4}{runtime}: [warning 1071] LEGION WARNING: Region requirement 1 of operation init.parallel (UID 265) in parent task main (UID 9) is using uninitialized data for field(s) 101 of logical region (73,1,1) (from file /users/mpapadak/legion/runtime/legion/legion_ops.cc:527)[warning 1071] 
For more information see:
http://legion.stanford.edu/messages/warning_code.html#warning_code_1071

[2 - 2aaaaacc4700] {4}{runtime}: [warning 1071] LEGION WARNING: Region requirement 0 of operation init.parallel (UID 258) in parent task main (UID 2) is using uninitialized data for field(s) 101,102 of logical region (66,3,3) (from file /users/mpapadak/legion/runtime/legion/legion_ops.cc:527)[warning 1071] 
For more information see:
http://legion.stanford.edu/messages/warning_code.html#warning_code_1071

[2 - 2aaaaacc4700] {4}{runtime}: [warning 1071] LEGION WARNING: Region requirement 1 of operation init.parallel (UID 258) in parent task main (UID 2) is using uninitialized data for field(s) 101 of logical region (98,1,1) (from file /users/mpapadak/legion/runtime/legion/legion_ops.cc:527)[warning 1071] 
For more information see:
http://legion.stanford.edu/messages/warning_code.html#warning_code_1071

[5 - 2aaaaacc4700] {4}{runtime}: [warning 1071] LEGION WARNING: Region requirement 0 of operation init.parallel (UID 261) in parent task main (UID 5) is using uninitialized data for field(s) 101,102 of logical region (37,3,3) (from file /users/mpapadak/legion/runtime/legion/legion_ops.cc:527)[warning 1071] 
For more information see:
http://legion.stanford.edu/messages/warning_code.html#warning_code_1071

[5 - 2aaaaacc4700] {4}{runtime}: [warning 1071] LEGION WARNING: Region requirement 1 of operation init.parallel (UID 261) in parent task main (UID 5) is using uninitialized data for field(s) 101 of logical region (69,1,1) (from file /users/mpapadak/legion/runtime/legion/legion_ops.cc:527)[warning 1071] 
For more information see:
http://legion.stanford.edu/messages/warning_code.html#warning_code_1071

[10 - 2aaaaacc4700] {4}{runtime}: [warning 1071] LEGION WARNING: Region requirement 0 of operation init.parallel (UID 266) in parent task main (UID 10) is using uninitialized data for field(s) 101,102 of logical region (42,3,3) (from file /users/mpapadak/legion/runtime/legion/legion_ops.cc:527)[warning 1071] 
For more information see:
http://legion.stanford.edu/messages/warning_code.html#warning_code_1071

[10 - 2aaaaacc4700] {4}{runtime}: [warning 1071] LEGION WARNING: Region requirement 1 of operation init.parallel (UID 266) in parent task main (UID 10) is using uninitialized data for field(s) 101 of logical region (74,1,1) (from file /users/mpapadak/legion/runtime/legion/legion_ops.cc:527)[warning 1071] 
For more information see:
http://legion.stanford.edu/messages/warning_code.html#warning_code_1071

[8 - 2aaaaacc4700] {4}{runtime}: [warning 1071] LEGION WARNING: Region requirement 0 of operation init.parallel (UID 264) in parent task main (UID 8) is using uninitialized data for field(s) 101,102 of logical region (40,3,3) (from file /users/mpapadak/legion/runtime/legion/legion_ops.cc:527)[warning 1071] 
For more information see:
http://legion.stanford.edu/messages/warning_code.html#warning_code_1071

[8 - 2aaaaacc4700] {4}{runtime}: [warning 1071] LEGION WARNING: Region requirement 1 of operation init.parallel (UID 264) in parent task main (UID 8) is using uninitialized data for field(s) 101 of logical region (72,1,1) (from file /users/mpapadak/legion/runtime/legion/legion_ops.cc:527)[warning 1071] 
For more information see:
http://legion.stanford.edu/messages/warning_code.html#warning_code_1071

[12 - 2aaaaacc4700] {4}{runtime}: [warning 1071] LEGION WARNING: Region requirement 0 of operation init.parallel (UID 268) in parent task main (UID 12) is using uninitialized data for field(s) 101,102 of logical region (44,3,3) (from file /users/mpapadak/legion/runtime/legion/legion_ops.cc:527)[warning 1071] 
For more information see:
http://legion.stanford.edu/messages/warning_code.html#warning_code_1071

[12 - 2aaaaacc4700] {4}{runtime}: [warning 1071] LEGION WARNING: Region requirement 1 of operation init.parallel (UID 268) in parent task main (UID 12) is using uninitialized data for field(s) 101 of logical region (76,1,1) (from file /users/mpapadak/legion/runtime/legion/legion_ops.cc:527)[warning 1071] 
For more information see:
http://legion.stanford.edu/messages/warning_code.html#warning_code_1071

[7 - 2aaaaac83700] {4}{runtime}: [warning 1071] LEGION WARNING: Region requirement 0 of operation init.parallel (UID 263) in parent task main (UID 7) is using uninitialized data for field(s) 101,102 of logical region (39,3,3) (from file /users/mpapadak/legion/runtime/legion/legion_ops.cc:527)[warning 1071] 
For more information see:
http://legion.stanford.edu/messages/warning_code.html#warning_code_1071

[7 - 2aaaaac83700] {4}{runtime}: [warning 1071] LEGION WARNING: Region requirement 1 of operation init.parallel (UID 263) in parent task main (UID 7) is using uninitialized data for field(s) 101 of logical region (71,1,1) (from file /users/mpapadak/legion/runtime/legion/legion_ops.cc:527)[warning 1071] 
For more information see:
http://legion.stanford.edu/messages/warning_code.html#warning_code_1071

[26 - 2aaaaacc4700] {4}{runtime}: [warning 1071] LEGION WARNING: Region requirement 2 of operation init.parallel (UID 282) in parent task main (UID 26) is using uninitialized data for field(s) 101 of logical region (122,2,2) (from file /users/mpapadak/legion/runtime/legion/legion_ops.cc:527)[warning 1071] 
For more information see:
http://legion.stanford.edu/messages/warning_code.html#warning_code_1071

[26 - 2aaaaacc4700] {4}{runtime}: [warning 1071] LEGION WARNING: Region requirement 3 of operation init.parallel (UID 282) in parent task main (UID 26) is using uninitialized data for field(s) 101 of logical region (26,32,32) (from file /users/mpapadak/legion/runtime/legion/legion_ops.cc:527)[warning 1071] 
For more information see:
http://legion.stanford.edu/messages/warning_code.html#warning_code_1071

[19 - 2aaaaacc4700] {4}{runtime}: [warning 1071] LEGION WARNING: Region requirement 2 of operation init.parallel (UID 275) in parent task main (UID 19) is using uninitialized data for field(s) 101 of logical region (115,2,2) (from file /users/mpapadak/legion/runtime/legion/legion_ops.cc:527)[warning 1071] 
For more information see:
http://legion.stanford.edu/messages/warning_code.html#warning_code_1071

[19 - 2aaaaacc4700] {4}{runtime}: [warning 1071] LEGION WARNING: Region requirement 3 of operation init.parallel (UID 275) in parent task main (UID 19) is using uninitialized data for field(s) 101 of logical region (19,32,32) (from file /users/mpapadak/legion/runtime/legion/legion_ops.cc:527)[warning 1071] 
For more information see:
http://legion.stanford.edu/messages/warning_code.html#warning_code_1071

[29 - 2aaaaacc4700] {4}{runtime}: [warning 1071] LEGION WARNING: Region requirement 2 of operation init.parallel (UID 285) in parent task main (UID 29) is using uninitialized data for field(s) 101 of logical region (125,2,2) (from file /users/mpapadak/legion/runtime/legion/legion_ops.cc:527)[warning 1071] 
For more information see:
http://legion.stanford.edu/messages/warning_code.html#warning_code_1071

[29 - 2aaaaacc4700] {4}{runtime}: [warning 1071] LEGION WARNING: Region requirement 3 of operation init.parallel (UID 285) in parent task main (UID 29) is using uninitialized data for field(s) 101 of logical region (29,32,32) (from file /users/mpapadak/legion/runtime/legion/legion_ops.cc:527)[warning 1071] 
For more information see:
http://legion.stanford.edu/messages/warning_code.html#warning_code_1071

[25 - 2aaaaacc4700] {4}{runtime}: [warning 1071] LEGION WARNING: Region requirement 2 of operation init.parallel (UID 281) in parent task main (UID 25) is using uninitialized data for field(s) 101 of logical region (121,2,2) (from file /users/mpapadak/legion/runtime/legion/legion_ops.cc:527)[warning 1071] 
For more information see:
http://legion.stanford.edu/messages/warning_code.html#warning_code_1071

[25 - 2aaaaacc4700] {4}{runtime}: [warning 1071] LEGION WARNING: Region requirement 3 of operation init.parallel (UID 281) in parent task main (UID 25) is using uninitialized data for field(s) 101 of logical region (25,32,32) (from file /users/mpapadak/legion/runtime/legion/legion_ops.cc:527)[warning 1071] 
For more information see:
http://legion.stanford.edu/messages/warning_code.html#warning_code_1071

[21 - 2aaaaacc4700] {4}{runtime}: [warning 1071] LEGION WARNING: Region requirement 2 of operation init.parallel (UID 277) in parent task main (UID 21) is using uninitialized data for field(s) 101 of logical region (117,2,2) (from file /users/mpapadak/legion/runtime/legion/legion_ops.cc:527)[warning 1071] 
For more information see:
http://legion.stanford.edu/messages/warning_code.html#warning_code_1071

[21 - 2aaaaacc4700] {4}{runtime}: [warning 1071] LEGION WARNING: Region requirement 3 of operation init.parallel (UID 277) in parent task main (UID 21) is using uninitialized data for field(s) 101 of logical region (21,32,32) (from file /users/mpapadak/legion/runtime/legion/legion_ops.cc:527)[warning 1071] 
For more information see:
http://legion.stanford.edu/messages/warning_code.html#warning_code_1071

[22 - 2aaaaacc4700] {4}{runtime}: [warning 1071] LEGION WARNING: Region requirement 2 of operation init.parallel (UID 278) in parent task main (UID 22) is using uninitialized data for field(s) 101 of logical region (118,2,2) (from file /users/mpapadak/legion/runtime/legion/legion_ops.cc:527)[warning 1071] 
For more information see:
http://legion.stanford.edu/messages/warning_code.html#warning_code_1071

[22 - 2aaaaacc4700] {4}{runtime}: [warning 1071] LEGION WARNING: Region requirement 3 of operation init.parallel (UID 278) in parent task main (UID 22) is using uninitialized data for field(s) 101 of logical region (22,32,32) (from file /users/mpapadak/legion/runtime/legion/legion_ops.cc:527)[warning 1071] 
For more information see:
http://legion.stanford.edu/messages/warning_code.html#warning_code_1071

[16 - 2aaaaacc4700] {4}{runtime}: [warning 1071] LEGION WARNING: Region requirement 2 of operation init.parallel (UID 272) in parent task main (UID 16) is using uninitialized data for field(s) 101 of logical region (112,2,2) (from file /users/mpapadak/legion/runtime/legion/legion_ops.cc:527)[warning 1071] 
For more information see:
http://legion.stanford.edu/messages/warning_code.html#warning_code_1071

[16 - 2aaaaacc4700] {4}{runtime}: [warning 1071] LEGION WARNING: Region requirement 3 of operation init.parallel (UID 272) in parent task main (UID 16) is using uninitialized data for field(s) 101 of logical region (16,32,32) (from file /users/mpapadak/legion/runtime/legion/legion_ops.cc:527)[warning 1071] 
For more information see:
http://legion.stanford.edu/messages/warning_code.html#warning_code_1071

[17 - 2aaaaacc4700] {4}{runtime}: [warning 1071] LEGION WARNING: Region requirement 2 of operation init.parallel (UID 273) in parent task main (UID 17) is using uninitialized data for field(s) 101 of logical region (113,2,2) (from file /users/mpapadak/legion/runtime/legion/legion_ops.cc:527)[warning 1071] 
For more information see:
http://legion.stanford.edu/messages/warning_code.html#warning_code_1071

[17 - 2aaaaacc4700] {4}{runtime}: [warning 1071] LEGION WARNING: Region requirement 3 of operation init.parallel (UID 273) in parent task main (UID 17) is using uninitialized data for field(s) 101 of logical region (17,32,32) (from file /users/mpapadak/legion/runtime/legion/legion_ops.cc:527)[warning 1071] 
For more information see:
http://legion.stanford.edu/messages/warning_code.html#warning_code_1071

[30 - 2aaaaac83700] {4}{runtime}: [warning 1071] LEGION WARNING: Region requirement 2 of operation init.parallel (UID 286) in parent task main (UID 30) is using uninitialized data for field(s) 101 of logical region (126,2,2) (from file /users/mpapadak/legion/runtime/legion/legion_ops.cc:527)[warning 1071] 
For more information see:
http://legion.stanford.edu/messages/warning_code.html#warning_code_1071

[30 - 2aaaaac83700] {4}{runtime}: [warning 1071] LEGION WARNING: Region requirement 3 of operation init.parallel (UID 286) in parent task main (UID 30) is using uninitialized data for field(s) 101 of logical region (30,32,32) (from file /users/mpapadak/legion/runtime/legion/legion_ops.cc:527)[warning 1071] 
For more information see:
http://legion.stanford.edu/messages/warning_code.html#warning_code_1071

[18 - 2aaaaac83700] {4}{runtime}: [warning 1071] LEGION WARNING: Region requirement 2 of operation init.parallel (UID 274) in parent task main (UID 18) is using uninitialized data for field(s) 101 of logical region (114,2,2) (from file /users/mpapadak/legion/runtime/legion/legion_ops.cc:527)[warning 1071] 
For more information see:
http://legion.stanford.edu/messages/warning_code.html#warning_code_1071

[18 - 2aaaaac83700] {4}{runtime}: [warning 1071] LEGION WARNING: Region requirement 3 of operation init.parallel (UID 274) in parent task main (UID 18) is using uninitialized data for field(s) 101 of logical region (18,32,32) (from file /users/mpapadak/legion/runtime/legion/legion_ops.cc:527)[warning 1071] 
For more information see:
http://legion.stanford.edu/messages/warning_code.html#warning_code_1071

[28 - 2aaaaacc4700] {4}{runtime}: [warning 1071] LEGION WARNING: Region requirement 2 of operation init.parallel (UID 284) in parent task main (UID 28) is using uninitialized data for field(s) 101 of logical region (124,2,2) (from file /users/mpapadak/legion/runtime/legion/legion_ops.cc:527)[warning 1071] 
For more information see:
http://legion.stanford.edu/messages/warning_code.html#warning_code_1071

[28 - 2aaaaacc4700] {4}{runtime}: [warning 1071] LEGION WARNING: Region requirement 3 of operation init.parallel (UID 284) in parent task main (UID 28) is using uninitialized data for field(s) 101 of logical region (28,32,32) (from file /users/mpapadak/legion/runtime/legion/legion_ops.cc:527)[warning 1071] 
For more information see:
http://legion.stanford.edu/messages/warning_code.html#warning_code_1071

[31 - 2aaaaacc4700] {4}{runtime}: [warning 1071] LEGION WARNING: Region requirement 2 of operation init.parallel (UID 287) in parent task main (UID 31) is using uninitialized data for field(s) 101 of logical region (127,2,2) (from file /users/mpapadak/legion/runtime/legion/legion_ops.cc:527)[warning 1071] 
For more information see:
http://legion.stanford.edu/messages/warning_code.html#warning_code_1071

[31 - 2aaaaacc4700] {4}{runtime}: [warning 1071] LEGION WARNING: Region requirement 3 of operation init.parallel (UID 287) in parent task main (UID 31) is using uninitialized data for field(s) 101 of logical region (31,32,32) (from file /users/mpapadak/legion/runtime/legion/legion_ops.cc:527)[warning 1071] 
For more information see:
http://legion.stanford.edu/messages/warning_code.html#warning_code_1071

[20 - 2aaaaacc4700] {4}{runtime}: [warning 1071] LEGION WARNING: Region requirement 2 of operation init.parallel (UID 276) in parent task main (UID 20) is using uninitialized data for field(s) 101 of logical region (116,2,2) (from file /users/mpapadak/legion/runtime/legion/legion_ops.cc:527)[warning 1071] 
For more information see:
http://legion.stanford.edu/messages/warning_code.html#warning_code_1071

[20 - 2aaaaacc4700] {4}{runtime}: [warning 1071] LEGION WARNING: Region requirement 3 of operation init.parallel (UID 276) in parent task main (UID 20) is using uninitialized data for field(s) 101 of logical region (20,32,32) (from file /users/mpapadak/legion/runtime/legion/legion_ops.cc:527)[warning 1071] 
For more information see:
http://legion.stanford.edu/messages/warning_code.html#warning_code_1071

[27 - 2aaaaacc4700] {4}{runtime}: [warning 1071] LEGION WARNING: Region requirement 2 of operation init.parallel (UID 283) in parent task main (UID 27) is using uninitialized data for field(s) 101 of logical region (123,2,2) (from file /users/mpapadak/legion/runtime/legion/legion_ops.cc:527)[warning 1071] 
For more information see:
http://legion.stanford.edu/messages/warning_code.html#warning_code_1071

[27 - 2aaaaacc4700] {4}{runtime}: [warning 1071] LEGION WARNING: Region requirement 3 of operation init.parallel (UID 283) in parent task main (UID 27) is using uninitialized data for field(s) 101 of logical region (27,32,32) (from file /users/mpapadak/legion/runtime/legion/legion_ops.cc:527)[warning 1071] 
For more information see:
http://legion.stanford.edu/messages/warning_code.html#warning_code_1071

[24 - 2aaaaacc4700] {4}{runtime}: [warning 1071] LEGION WARNING: Region requirement 2 of operation init.parallel (UID 280) in parent task main (UID 24) is using uninitialized data for field(s) 101 of logical region (120,2,2) (from file /users/mpapadak/legion/runtime/legion/legion_ops.cc:527)[warning 1071] 
For more information see:
http://legion.stanford.edu/messages/warning_code.html#warning_code_1071

[24 - 2aaaaacc4700] {4}{runtime}: [warning 1071] LEGION WARNING: Region requirement 3 of operation init.parallel (UID 280) in parent task main (UID 24) is using uninitialized data for field(s) 101 of logical region (24,32,32) (from file /users/mpapadak/legion/runtime/legion/legion_ops.cc:527)[warning 1071] 
For more information see:
http://legion.stanford.edu/messages/warning_code.html#warning_code_1071

[23 - 2aaaaacc4700] {4}{runtime}: [warning 1071] LEGION WARNING: Region requirement 2 of operation init.parallel (UID 279) in parent task main (UID 23) is using uninitialized data for field(s) 101 of logical region (119,2,2) (from file /users/mpapadak/legion/runtime/legion/legion_ops.cc:527)[warning 1071] 
For more information see:
http://legion.stanford.edu/messages/warning_code.html#warning_code_1071

[23 - 2aaaaacc4700] {4}{runtime}: [warning 1071] LEGION WARNING: Region requirement 3 of operation init.parallel (UID 279) in parent task main (UID 23) is using uninitialized data for field(s) 101 of logical region (23,32,32) (from file /users/mpapadak/legion/runtime/legion/legion_ops.cc:527)[warning 1071] 
For more information see:
http://legion.stanford.edu/messages/warning_code.html#warning_code_1071

[0 - 2aaaaacc4700] {4}{runtime}: [warning 1071] LEGION WARNING: Region requirement 2 of operation init.parallel (UID 1344) in parent task main (UID 96) is using uninitialized data for field(s) 101 of logical region (160,2,2) (from file /users/mpapadak/legion/runtime/legion/legion_ops.cc:527)[warning 1071] 
For more information see:
http://legion.stanford.edu/messages/warning_code.html#warning_code_1071

[0 - 2aaaaacc4700] {4}{runtime}: [warning 1071] LEGION WARNING: Region requirement 3 of operation init.parallel (UID 1344) in parent task main (UID 96) is using uninitialized data for field(s) 101 of logical region (64,32,32) (from file /users/mpapadak/legion/runtime/legion/legion_ops.cc:527)[warning 1071] 
For more information see:
http://legion.stanford.edu/messages/warning_code.html#warning_code_1071

[1 - 2aaaaacc4700] {4}{runtime}: [warning 1071] LEGION WARNING: Region requirement 2 of operation init.parallel (UID 257) in parent task main (UID 1) is using uninitialized data for field(s) 101 of logical region (129,2,2) (from file /users/mpapadak/legion/runtime/legion/legion_ops.cc:527)[warning 1071] 
For more information see:
http://legion.stanford.edu/messages/warning_code.html#warning_code_1071

[1 - 2aaaaacc4700] {4}{runtime}: [warning 1071] LEGION WARNING: Region requirement 3 of operation init.parallel (UID 257) in parent task main (UID 1) is using uninitialized data for field(s) 101 of logical region (33,32,32) (from file /users/mpapadak/legion/runtime/legion/legion_ops.cc:527)[warning 1071] 
For more information see:
http://legion.stanford.edu/messages/warning_code.html#warning_code_1071

[3 - 2aaaaacc4700] {4}{runtime}: [warning 1071] LEGION WARNING: Region requirement 2 of operation init.parallel (UID 259) in parent task main (UID 3) is using uninitialized data for field(s) 101 of logical region (131,2,2) (from file /users/mpapadak/legion/runtime/legion/legion_ops.cc:527)[warning 1071] 
For more information see:
http://legion.stanford.edu/messages/warning_code.html#warning_code_1071

[3 - 2aaaaacc4700] {4}{runtime}: [warning 1071] LEGION WARNING: Region requirement 3 of operation init.parallel (UID 259) in parent task main (UID 3) is using uninitialized data for field(s) 101 of logical region (35,32,32) (from file /users/mpapadak/legion/runtime/legion/legion_ops.cc:527)[warning 1071] 
For more information see:
http://legion.stanford.edu/messages/warning_code.html#warning_code_1071

[4 - 2aaaaacc4700] {4}{runtime}: [warning 1071] LEGION WARNING: Region requirement 2 of operation init.parallel (UID 260) in parent task main (UID 4) is using uninitialized data for field(s) 101 of logical region (132,2,2) (from file /users/mpapadak/legion/runtime/legion/legion_ops.cc:527)[warning 1071] 
For more information see:
http://legion.stanford.edu/messages/warning_code.html#warning_code_1071

[4 - 2aaaaacc4700] {4}{runtime}: [warning 1071] LEGION WARNING: Region requirement 3 of operation init.parallel (UID 260) in parent task main (UID 4) is using uninitialized data for field(s) 101 of logical region (36,32,32) (from file /users/mpapadak/legion/runtime/legion/legion_ops.cc:527)[warning 1071] 
For more information see:
http://legion.stanford.edu/messages/warning_code.html#warning_code_1071

[15 - 2aaaaacc4700] {4}{runtime}: [warning 1071] LEGION WARNING: Region requirement 2 of operation init.parallel (UID 271) in parent task main (UID 15) is using uninitialized data for field(s) 101 of logical region (111,2,2) (from file /users/mpapadak/legion/runtime/legion/legion_ops.cc:527)[warning 1071] 
For more information see:
http://legion.stanford.edu/messages/warning_code.html#warning_code_1071

[15 - 2aaaaacc4700] {4}{runtime}: [warning 1071] LEGION WARNING: Region requirement 3 of operation init.parallel (UID 271) in parent task main (UID 15) is using uninitialized data for field(s) 101 of logical region (15,32,32) (from file /users/mpapadak/legion/runtime/legion/legion_ops.cc:527)[warning 1071] 
For more information see:
http://legion.stanford.edu/messages/warning_code.html#warning_code_1071

[6 - 2aaaaac83700] {4}{runtime}: [warning 1071] LEGION WARNING: Region requirement 2 of operation init.parallel (UID 262) in parent task main (UID 6) is using uninitialized data for field(s) 101 of logical region (102,2,2) (from file /users/mpapadak/legion/runtime/legion/legion_ops.cc:527)[warning 1071] 
For more information see:
http://legion.stanford.edu/messages/warning_code.html#warning_code_1071

[6 - 2aaaaac83700] {4}{runtime}: [warning 1071] LEGION WARNING: Region requirement 3 of operation init.parallel (UID 262) in parent task main (UID 6) is using uninitialized data for field(s) 101 of logical region (6,32,32) (from file /users/mpapadak/legion/runtime/legion/legion_ops.cc:527)[warning 1071] 
For more information see:
http://legion.stanford.edu/messages/warning_code.html#warning_code_1071

[14 - 2aaaaacc4700] {4}{runtime}: [warning 1071] LEGION WARNING: Region requirement 2 of operation init.parallel (UID 270) in parent task main (UID 14) is using uninitialized data for field(s) 101 of logical region (110,2,2) (from file /users/mpapadak/legion/runtime/legion/legion_ops.cc:527)[warning 1071] 
For more information see:
http://legion.stanford.edu/messages/warning_code.html#warning_code_1071

[14 - 2aaaaacc4700] {4}{runtime}: [warning 1071] LEGION WARNING: Region requirement 3 of operation init.parallel (UID 270) in parent task main (UID 14) is using uninitialized data for field(s) 101 of logical region (14,32,32) (from file /users/mpapadak/legion/runtime/legion/legion_ops.cc:527)[warning 1071] 
For more information see:
http://legion.stanford.edu/messages/warning_code.html#warning_code_1071

[13 - 2aaaaacc4700] {4}{runtime}: [warning 1071] LEGION WARNING: Region requirement 2 of operation init.parallel (UID 269) in parent task main (UID 13) is using uninitialized data for field(s) 101 of logical region (109,2,2) (from file /users/mpapadak/legion/runtime/legion/legion_ops.cc:527)[warning 1071] 
For more information see:
http://legion.stanford.edu/messages/warning_code.html#warning_code_1071

[13 - 2aaaaacc4700] {4}{runtime}: [warning 1071] LEGION WARNING: Region requirement 3 of operation init.parallel (UID 269) in parent task main (UID 13) is using uninitialized data for field(s) 101 of logical region (13,32,32) (from file /users/mpapadak/legion/runtime/legion/legion_ops.cc:527)[warning 1071] 
For more information see:
http://legion.stanford.edu/messages/warning_code.html#warning_code_1071

[11 - 2aaaaacc4700] {4}{runtime}: [warning 1071] LEGION WARNING: Region requirement 2 of operation init.parallel (UID 267) in parent task main (UID 11) is using uninitialized data for field(s) 101 of logical region (107,2,2) (from file /users/mpapadak/legion/runtime/legion/legion_ops.cc:527)[warning 1071] 
For more information see:
http://legion.stanford.edu/messages/warning_code.html#warning_code_1071

[11 - 2aaaaacc4700] {4}{runtime}: [warning 1071] LEGION WARNING: Region requirement 3 of operation init.parallel (UID 267) in parent task main (UID 11) is using uninitialized data for field(s) 101 of logical region (11,32,32) (from file /users/mpapadak/legion/runtime/legion/legion_ops.cc:527)[warning 1071] 
For more information see:
http://legion.stanford.edu/messages/warning_code.html#warning_code_1071

[9 - 2aaaaacc4700] {4}{runtime}: [warning 1071] LEGION WARNING: Region requirement 2 of operation init.parallel (UID 265) in parent task main (UID 9) is using uninitialized data for field(s) 101 of logical region (105,2,2) (from file /users/mpapadak/legion/runtime/legion/legion_ops.cc:527)[warning 1071] 
For more information see:
http://legion.stanford.edu/messages/warning_code.html#warning_code_1071

[9 - 2aaaaacc4700] {4}{runtime}: [warning 1071] LEGION WARNING: Region requirement 3 of operation init.parallel (UID 265) in parent task main (UID 9) is using uninitialized data for field(s) 101 of logical region (9,32,32) (from file /users/mpapadak/legion/runtime/legion/legion_ops.cc:527)[warning 1071] 
For more information see:
http://legion.stanford.edu/messages/warning_code.html#warning_code_1071

[2 - 2aaaaacc4700] {4}{runtime}: [warning 1071] LEGION WARNING: Region requirement 2 of operation init.parallel (UID 258) in parent task main (UID 2) is using uninitialized data for field(s) 101 of logical region (130,2,2) (from file /users/mpapadak/legion/runtime/legion/legion_ops.cc:527)[warning 1071] 
For more information see:
http://legion.stanford.edu/messages/warning_code.html#warning_code_1071

[2 - 2aaaaacc4700] {4}{runtime}: [warning 1071] LEGION WARNING: Region requirement 3 of operation init.parallel (UID 258) in parent task main (UID 2) is using uninitialized data for field(s) 101 of logical region (34,32,32) (from file /users/mpapadak/legion/runtime/legion/legion_ops.cc:527)[warning 1071] 
For more information see:
http://legion.stanford.edu/messages/warning_code.html#warning_code_1071

ELAPSED TIME =   2.518 s
[5 - 2aaaaacc4700] {4}{runtime}: [warning 1071] LEGION WARNING: Region requirement 2 of operation init.parallel (UID 261) in parent task main (UID 5) is using uninitialized data for field(s) 101 of logical region (101,2,2) (from file /users/mpapadak/legion/runtime/legion/legion_ops.cc:527)[warning 1071] 
For more information see:
http://legion.stanford.edu/messages/warning_code.html#warning_code_1071

[5 - 2aaaaacc4700] {4}{runtime}: [warning 1071] LEGION WARNING: Region requirement 3 of operation init.parallel (UID 261) in parent task main (UID 5) is using uninitialized data for field(s) 101 of logical region (5,32,32) (from file /users/mpapadak/legion/runtime/legion/legion_ops.cc:527)[warning 1071] 
For more information see:
http://legion.stanford.edu/messages/warning_code.html#warning_code_1071

[10 - 2aaaaacc4700] {4}{runtime}: [warning 1071] LEGION WARNING: Region requirement 2 of operation init.parallel (UID 266) in parent task main (UID 10) is using uninitialized data for field(s) 101 of logical region (106,2,2) (from file /users/mpapadak/legion/runtime/legion/legion_ops.cc:527)[warning 1071] 
For more information see:
http://legion.stanford.edu/messages/warning_code.html#warning_code_1071

[10 - 2aaaaacc4700] {4}{runtime}: [warning 1071] LEGION WARNING: Region requirement 3 of operation init.parallel (UID 266) in parent task main (UID 10) is using uninitialized data for field(s) 101 of logical region (10,32,32) (from file /users/mpapadak/legion/runtime/legion/legion_ops.cc:527)[warning 1071] 
For more information see:
http://legion.stanford.edu/messages/warning_code.html#warning_code_1071

[8 - 2aaaaacc4700] {4}{runtime}: [warning 1071] LEGION WARNING: Region requirement 2 of operation init.parallel (UID 264) in parent task main (UID 8) is using uninitialized data for field(s) 101 of logical region (104,2,2) (from file /users/mpapadak/legion/runtime/legion/legion_ops.cc:527)[warning 1071] 
For more information see:
http://legion.stanford.edu/messages/warning_code.html#warning_code_1071

[8 - 2aaaaacc4700] {4}{runtime}: [warning 1071] LEGION WARNING: Region requirement 3 of operation init.parallel (UID 264) in parent task main (UID 8) is using uninitialized data for field(s) 101 of logical region (8,32,32) (from file /users/mpapadak/legion/runtime/legion/legion_ops.cc:527)[warning 1071] 
For more information see:
http://legion.stanford.edu/messages/warning_code.html#warning_code_1071

[12 - 2aaaaacc4700] {4}{runtime}: [warning 1071] LEGION WARNING: Region requirement 2 of operation init.parallel (UID 268) in parent task main (UID 12) is using uninitialized data for field(s) 101 of logical region (108,2,2) (from file /users/mpapadak/legion/runtime/legion/legion_ops.cc:527)[warning 1071] 
For more information see:
http://legion.stanford.edu/messages/warning_code.html#warning_code_1071

[12 - 2aaaaacc4700] {4}{runtime}: [warning 1071] LEGION WARNING: Region requirement 3 of operation init.parallel (UID 268) in parent task main (UID 12) is using uninitialized data for field(s) 101 of logical region (12,32,32) (from file /users/mpapadak/legion/runtime/legion/legion_ops.cc:527)[warning 1071] 
For more information see:
http://legion.stanford.edu/messages/warning_code.html#warning_code_1071

[7 - 2aaaaac83700] {4}{runtime}: [warning 1071] LEGION WARNING: Region requirement 2 of operation init.parallel (UID 263) in parent task main (UID 7) is using uninitialized data for field(s) 101 of logical region (103,2,2) (from file /users/mpapadak/legion/runtime/legion/legion_ops.cc:527)[warning 1071] 
For more information see:
http://legion.stanford.edu/messages/warning_code.html#warning_code_1071

[7 - 2aaaaac83700] {4}{runtime}: [warning 1071] LEGION WARNING: Region requirement 3 of operation init.parallel (UID 263) in parent task main (UID 7) is using uninitialized data for field(s) 101 of logical region (7,32,32) (from file /users/mpapadak/legion/runtime/legion/legion_ops.cc:527)[warning 1071] 
For more information see:
http://legion.stanford.edu/messages/warning_code.html#warning_code_1071

