[1 - 2aaaaaca4700] {4}{runtime}: [warning 1071] LEGION WARNING: Region requirement 0 of operation init.parallel (UID 21) in parent task main (UID 1) is using uninitialized data for field(s) 101,102 of logical region (7,3,3) (from file /users/mpapadak/legion/runtime/legion/legion_ops.cc:527)[warning 1071] 
For more information see:
http://legion.stanford.edu/messages/warning_code.html#warning_code_1071

[1 - 2aaaaaca4700] {4}{runtime}: [warning 1071] LEGION WARNING: Region requirement 1 of operation init.parallel (UID 21) in parent task main (UID 1) is using uninitialized data for field(s) 101 of logical region (9,1,1) (from file /users/mpapadak/legion/runtime/legion/legion_ops.cc:527)[warning 1071] 
For more information see:
http://legion.stanford.edu/messages/warning_code.html#warning_code_1071

[0 - 2aaaaac63700] {4}{runtime}: [warning 1071] LEGION WARNING: Region requirement 0 of operation init.parallel (UID 28) in parent task main (UID 6) is using uninitialized data for field(s) 101,102 of logical region (10,3,3) (from file /users/mpapadak/legion/runtime/legion/legion_ops.cc:527)[warning 1071] 
For more information see:
http://legion.stanford.edu/messages/warning_code.html#warning_code_1071

[0 - 2aaaaac63700] {4}{runtime}: [warning 1071] LEGION WARNING: Region requirement 1 of operation init.parallel (UID 28) in parent task main (UID 6) is using uninitialized data for field(s) 101 of logical region (12,1,1) (from file /users/mpapadak/legion/runtime/legion/legion_ops.cc:527)[warning 1071] 
For more information see:
http://legion.stanford.edu/messages/warning_code.html#warning_code_1071

[1 - 2aaaaaca4700] {4}{runtime}: [warning 1071] LEGION WARNING: Region requirement 2 of operation init.parallel (UID 21) in parent task main (UID 1) is using uninitialized data for field(s) 101 of logical region (11,4,4) (from file /users/mpapadak/legion/runtime/legion/legion_ops.cc:527)[warning 1071] 
For more information see:
http://legion.stanford.edu/messages/warning_code.html#warning_code_1071

[1 - 2aaaaaca4700] {4}{runtime}: [warning 1071] LEGION WARNING: Region requirement 3 of operation init.parallel (UID 21) in parent task main (UID 1) is using uninitialized data for field(s) 101 of logical region (5,2,2) (from file /users/mpapadak/legion/runtime/legion/legion_ops.cc:527)[warning 1071] 
For more information see:
http://legion.stanford.edu/messages/warning_code.html#warning_code_1071

[0 - 2aaaaac63700] {4}{runtime}: [warning 1071] LEGION WARNING: Region requirement 2 of operation init.parallel (UID 28) in parent task main (UID 6) is using uninitialized data for field(s) 101 of logical region (14,4,4) (from file /users/mpapadak/legion/runtime/legion/legion_ops.cc:527)[warning 1071] 
For more information see:
http://legion.stanford.edu/messages/warning_code.html#warning_code_1071

[0 - 2aaaaac63700] {4}{runtime}: [warning 1071] LEGION WARNING: Region requirement 3 of operation init.parallel (UID 28) in parent task main (UID 6) is using uninitialized data for field(s) 101 of logical region (8,2,2) (from file /users/mpapadak/legion/runtime/legion/legion_ops.cc:527)[warning 1071] 
For more information see:
http://legion.stanford.edu/messages/warning_code.html#warning_code_1071

ELAPSED TIME =   2.517 s
