[5 - 2aaaaaca9700] {4}{runtime}: [warning 1071] LEGION WARNING: Region requirement 0 of operation init.parallel (UID 77) in parent task main (UID 5) is using uninitialized data for field(s) 101,102 of logical region (13,3,3) (from file /users/mpapadak/legion/runtime/legion/legion_ops.cc:527)[warning 1071] 
For more information see:
http://legion.stanford.edu/messages/warning_code.html#warning_code_1071

[5 - 2aaaaaca9700] {4}{runtime}: [warning 1071] LEGION WARNING: Region requirement 1 of operation init.parallel (UID 77) in parent task main (UID 5) is using uninitialized data for field(s) 101 of logical region (21,1,1) (from file /users/mpapadak/legion/runtime/legion/legion_ops.cc:527)[warning 1071] 
For more information see:
http://legion.stanford.edu/messages/warning_code.html#warning_code_1071

[7 - 2aaaaaca9700] {4}{runtime}: [warning 1071] LEGION WARNING: Region requirement 0 of operation init.parallel (UID 71) in parent task main (UID 7) is using uninitialized data for field(s) 101,102 of logical region (15,3,3) (from file /users/mpapadak/legion/runtime/legion/legion_ops.cc:527)[warning 1071] 
For more information see:
http://legion.stanford.edu/messages/warning_code.html#warning_code_1071

[7 - 2aaaaaca9700] {4}{runtime}: [warning 1071] LEGION WARNING: Region requirement 1 of operation init.parallel (UID 71) in parent task main (UID 7) is using uninitialized data for field(s) 101 of logical region (23,1,1) (from file /users/mpapadak/legion/runtime/legion/legion_ops.cc:527)[warning 1071] 
For more information see:
http://legion.stanford.edu/messages/warning_code.html#warning_code_1071

[6 - 2aaaaaca9700] {4}{runtime}: [warning 1071] LEGION WARNING: Region requirement 0 of operation init.parallel (UID 70) in parent task main (UID 6) is using uninitialized data for field(s) 101,102 of logical region (14,3,3) (from file /users/mpapadak/legion/runtime/legion/legion_ops.cc:527)[warning 1071] 
For more information see:
http://legion.stanford.edu/messages/warning_code.html#warning_code_1071

[6 - 2aaaaaca9700] {4}{runtime}: [warning 1071] LEGION WARNING: Region requirement 1 of operation init.parallel (UID 70) in parent task main (UID 6) is using uninitialized data for field(s) 101 of logical region (22,1,1) (from file /users/mpapadak/legion/runtime/legion/legion_ops.cc:527)[warning 1071] 
For more information see:
http://legion.stanford.edu/messages/warning_code.html#warning_code_1071

[4 - 2aaaaaca9700] {4}{runtime}: [warning 1071] LEGION WARNING: Region requirement 0 of operation init.parallel (UID 84) in parent task main (UID 4) is using uninitialized data for field(s) 101,102 of logical region (20,3,3) (from file /users/mpapadak/legion/runtime/legion/legion_ops.cc:527)[warning 1071] 
For more information see:
http://legion.stanford.edu/messages/warning_code.html#warning_code_1071

[4 - 2aaaaaca9700] {4}{runtime}: [warning 1071] LEGION WARNING: Region requirement 1 of operation init.parallel (UID 84) in parent task main (UID 4) is using uninitialized data for field(s) 101 of logical region (28,1,1) (from file /users/mpapadak/legion/runtime/legion/legion_ops.cc:527)[warning 1071] 
For more information see:
http://legion.stanford.edu/messages/warning_code.html#warning_code_1071

[0 - 2aaaaaca9700] {4}{runtime}: [warning 1071] LEGION WARNING: Region requirement 0 of operation init.parallel (UID 144) in parent task main (UID 24) is using uninitialized data for field(s) 101,102 of logical region (24,3,3) (from file /users/mpapadak/legion/runtime/legion/legion_ops.cc:527)[warning 1071] 
For more information see:
http://legion.stanford.edu/messages/warning_code.html#warning_code_1071

[0 - 2aaaaaca9700] {4}{runtime}: [warning 1071] LEGION WARNING: Region requirement 1 of operation init.parallel (UID 144) in parent task main (UID 24) is using uninitialized data for field(s) 101 of logical region (32,1,1) (from file /users/mpapadak/legion/runtime/legion/legion_ops.cc:527)[warning 1071] 
For more information see:
http://legion.stanford.edu/messages/warning_code.html#warning_code_1071

[1 - 2aaaaaca9700] {4}{runtime}: [warning 1071] LEGION WARNING: Region requirement 0 of operation init.parallel (UID 65) in parent task main (UID 1) is using uninitialized data for field(s) 101,102 of logical region (17,3,3) (from file /users/mpapadak/legion/runtime/legion/legion_ops.cc:527)[warning 1071] 
For more information see:
http://legion.stanford.edu/messages/warning_code.html#warning_code_1071

[1 - 2aaaaaca9700] {4}{runtime}: [warning 1071] LEGION WARNING: Region requirement 1 of operation init.parallel (UID 65) in parent task main (UID 1) is using uninitialized data for field(s) 101 of logical region (25,1,1) (from file /users/mpapadak/legion/runtime/legion/legion_ops.cc:527)[warning 1071] 
For more information see:
http://legion.stanford.edu/messages/warning_code.html#warning_code_1071

[2 - 2aaaaac68700] {4}{runtime}: [warning 1071] LEGION WARNING: Region requirement 0 of operation init.parallel (UID 74) in parent task main (UID 2) is using uninitialized data for field(s) 101,102 of logical region (18,3,3) (from file /users/mpapadak/legion/runtime/legion/legion_ops.cc:527)[warning 1071] 
For more information see:
http://legion.stanford.edu/messages/warning_code.html#warning_code_1071

[2 - 2aaaaac68700] {4}{runtime}: [warning 1071] LEGION WARNING: Region requirement 1 of operation init.parallel (UID 74) in parent task main (UID 2) is using uninitialized data for field(s) 101 of logical region (26,1,1) (from file /users/mpapadak/legion/runtime/legion/legion_ops.cc:527)[warning 1071] 
For more information see:
http://legion.stanford.edu/messages/warning_code.html#warning_code_1071

[3 - 2aaaaaca9700] {4}{runtime}: [warning 1071] LEGION WARNING: Region requirement 0 of operation init.parallel (UID 67) in parent task main (UID 3) is using uninitialized data for field(s) 101,102 of logical region (19,3,3) (from file /users/mpapadak/legion/runtime/legion/legion_ops.cc:527)[warning 1071] 
For more information see:
http://legion.stanford.edu/messages/warning_code.html#warning_code_1071

[3 - 2aaaaaca9700] {4}{runtime}: [warning 1071] LEGION WARNING: Region requirement 1 of operation init.parallel (UID 67) in parent task main (UID 3) is using uninitialized data for field(s) 101 of logical region (27,1,1) (from file /users/mpapadak/legion/runtime/legion/legion_ops.cc:527)[warning 1071] 
For more information see:
http://legion.stanford.edu/messages/warning_code.html#warning_code_1071

[5 - 2aaaaaca9700] {4}{runtime}: [warning 1071] LEGION WARNING: Region requirement 2 of operation init.parallel (UID 77) in parent task main (UID 5) is using uninitialized data for field(s) 101 of logical region (29,2,2) (from file /users/mpapadak/legion/runtime/legion/legion_ops.cc:527)[warning 1071] 
For more information see:
http://legion.stanford.edu/messages/warning_code.html#warning_code_1071

[5 - 2aaaaaca9700] {4}{runtime}: [warning 1071] LEGION WARNING: Region requirement 3 of operation init.parallel (UID 77) in parent task main (UID 5) is using uninitialized data for field(s) 101 of logical region (5,8,8) (from file /users/mpapadak/legion/runtime/legion/legion_ops.cc:527)[warning 1071] 
For more information see:
http://legion.stanford.edu/messages/warning_code.html#warning_code_1071

[7 - 2aaaaaca9700] {4}{runtime}: [warning 1071] LEGION WARNING: Region requirement 2 of operation init.parallel (UID 71) in parent task main (UID 7) is using uninitialized data for field(s) 101 of logical region (31,2,2) (from file /users/mpapadak/legion/runtime/legion/legion_ops.cc:527)[warning 1071] 
For more information see:
http://legion.stanford.edu/messages/warning_code.html#warning_code_1071

[7 - 2aaaaaca9700] {4}{runtime}: [warning 1071] LEGION WARNING: Region requirement 3 of operation init.parallel (UID 71) in parent task main (UID 7) is using uninitialized data for field(s) 101 of logical region (7,8,8) (from file /users/mpapadak/legion/runtime/legion/legion_ops.cc:527)[warning 1071] 
For more information see:
http://legion.stanford.edu/messages/warning_code.html#warning_code_1071

[6 - 2aaaaaca9700] {4}{runtime}: [warning 1071] LEGION WARNING: Region requirement 2 of operation init.parallel (UID 70) in parent task main (UID 6) is using uninitialized data for field(s) 101 of logical region (30,2,2) (from file /users/mpapadak/legion/runtime/legion/legion_ops.cc:527)[warning 1071] 
For more information see:
http://legion.stanford.edu/messages/warning_code.html#warning_code_1071

[6 - 2aaaaaca9700] {4}{runtime}: [warning 1071] LEGION WARNING: Region requirement 3 of operation init.parallel (UID 70) in parent task main (UID 6) is using uninitialized data for field(s) 101 of logical region (6,8,8) (from file /users/mpapadak/legion/runtime/legion/legion_ops.cc:527)[warning 1071] 
For more information see:
http://legion.stanford.edu/messages/warning_code.html#warning_code_1071

[4 - 2aaaaaca9700] {4}{runtime}: [warning 1071] LEGION WARNING: Region requirement 2 of operation init.parallel (UID 84) in parent task main (UID 4) is using uninitialized data for field(s) 101 of logical region (36,2,2) (from file /users/mpapadak/legion/runtime/legion/legion_ops.cc:527)[warning 1071] 
For more information see:
http://legion.stanford.edu/messages/warning_code.html#warning_code_1071

[4 - 2aaaaaca9700] {4}{runtime}: [warning 1071] LEGION WARNING: Region requirement 3 of operation init.parallel (UID 84) in parent task main (UID 4) is using uninitialized data for field(s) 101 of logical region (12,8,8) (from file /users/mpapadak/legion/runtime/legion/legion_ops.cc:527)[warning 1071] 
For more information see:
http://legion.stanford.edu/messages/warning_code.html#warning_code_1071

[0 - 2aaaaaca9700] {4}{runtime}: [warning 1071] LEGION WARNING: Region requirement 2 of operation init.parallel (UID 144) in parent task main (UID 24) is using uninitialized data for field(s) 101 of logical region (40,2,2) (from file /users/mpapadak/legion/runtime/legion/legion_ops.cc:527)[warning 1071] 
For more information see:
http://legion.stanford.edu/messages/warning_code.html#warning_code_1071

[0 - 2aaaaaca9700] {4}{runtime}: [warning 1071] LEGION WARNING: Region requirement 3 of operation init.parallel (UID 144) in parent task main (UID 24) is using uninitialized data for field(s) 101 of logical region (16,8,8) (from file /users/mpapadak/legion/runtime/legion/legion_ops.cc:527)[warning 1071] 
For more information see:
http://legion.stanford.edu/messages/warning_code.html#warning_code_1071

[1 - 2aaaaaca9700] {4}{runtime}: [warning 1071] LEGION WARNING: Region requirement 2 of operation init.parallel (UID 65) in parent task main (UID 1) is using uninitialized data for field(s) 101 of logical region (33,2,2) (from file /users/mpapadak/legion/runtime/legion/legion_ops.cc:527)[warning 1071] 
For more information see:
http://legion.stanford.edu/messages/warning_code.html#warning_code_1071

[1 - 2aaaaaca9700] {4}{runtime}: [warning 1071] LEGION WARNING: Region requirement 3 of operation init.parallel (UID 65) in parent task main (UID 1) is using uninitialized data for field(s) 101 of logical region (9,8,8) (from file /users/mpapadak/legion/runtime/legion/legion_ops.cc:527)[warning 1071] 
For more information see:
http://legion.stanford.edu/messages/warning_code.html#warning_code_1071

[2 - 2aaaaac68700] {4}{runtime}: [warning 1071] LEGION WARNING: Region requirement 2 of operation init.parallel (UID 74) in parent task main (UID 2) is using uninitialized data for field(s) 101 of logical region (34,2,2) (from file /users/mpapadak/legion/runtime/legion/legion_ops.cc:527)[warning 1071] 
For more information see:
http://legion.stanford.edu/messages/warning_code.html#warning_code_1071

[2 - 2aaaaac68700] {4}{runtime}: [warning 1071] LEGION WARNING: Region requirement 3 of operation init.parallel (UID 74) in parent task main (UID 2) is using uninitialized data for field(s) 101 of logical region (10,8,8) (from file /users/mpapadak/legion/runtime/legion/legion_ops.cc:527)[warning 1071] 
For more information see:
http://legion.stanford.edu/messages/warning_code.html#warning_code_1071

ELAPSED TIME =   2.517 s
[3 - 2aaaaaca9700] {4}{runtime}: [warning 1071] LEGION WARNING: Region requirement 2 of operation init.parallel (UID 67) in parent task main (UID 3) is using uninitialized data for field(s) 101 of logical region (35,2,2) (from file /users/mpapadak/legion/runtime/legion/legion_ops.cc:527)[warning 1071] 
For more information see:
http://legion.stanford.edu/messages/warning_code.html#warning_code_1071

[3 - 2aaaaaca9700] {4}{runtime}: [warning 1071] LEGION WARNING: Region requirement 3 of operation init.parallel (UID 67) in parent task main (UID 3) is using uninitialized data for field(s) 101 of logical region (11,8,8) (from file /users/mpapadak/legion/runtime/legion/legion_ops.cc:527)[warning 1071] 
For more information see:
http://legion.stanford.edu/messages/warning_code.html#warning_code_1071

