[2 - 2aaaaaca5700] {4}{runtime}: [warning 1071] LEGION WARNING: Region requirement 0 of operation init.parallel (UID 42) in parent task main (UID 2) is using uninitialized data for field(s) 101,102 of logical region (10,3,3) (from file /users/mpapadak/legion/runtime/legion/legion_ops.cc:527)[warning 1071] 
For more information see:
http://legion.stanford.edu/messages/warning_code.html#warning_code_1071

[2 - 2aaaaaca5700] {4}{runtime}: [warning 1071] LEGION WARNING: Region requirement 1 of operation init.parallel (UID 42) in parent task main (UID 2) is using uninitialized data for field(s) 101 of logical region (14,1,1) (from file /users/mpapadak/legion/runtime/legion/legion_ops.cc:527)[warning 1071] 
For more information see:
http://legion.stanford.edu/messages/warning_code.html#warning_code_1071

[0 - 2aaaaaca5700] {4}{runtime}: [warning 1071] LEGION WARNING: Region requirement 0 of operation init.parallel (UID 64) in parent task main (UID 12) is using uninitialized data for field(s) 101,102 of logical region (16,3,3) (from file /users/mpapadak/legion/runtime/legion/legion_ops.cc:527)[warning 1071] 
For more information see:
http://legion.stanford.edu/messages/warning_code.html#warning_code_1071

[0 - 2aaaaaca5700] {4}{runtime}: [warning 1071] LEGION WARNING: Region requirement 1 of operation init.parallel (UID 64) in parent task main (UID 12) is using uninitialized data for field(s) 101 of logical region (20,1,1) (from file /users/mpapadak/legion/runtime/legion/legion_ops.cc:527)[warning 1071] 
For more information see:
http://legion.stanford.edu/messages/warning_code.html#warning_code_1071

[1 - 2aaaaaca5700] {4}{runtime}: [warning 1071] LEGION WARNING: Region requirement 0 of operation init.parallel (UID 41) in parent task main (UID 1) is using uninitialized data for field(s) 101,102 of logical region (9,3,3) (from file /users/mpapadak/legion/runtime/legion/legion_ops.cc:527)[warning 1071] 
For more information see:
http://legion.stanford.edu/messages/warning_code.html#warning_code_1071

[1 - 2aaaaaca5700] {4}{runtime}: [warning 1071] LEGION WARNING: Region requirement 1 of operation init.parallel (UID 41) in parent task main (UID 1) is using uninitialized data for field(s) 101 of logical region (13,1,1) (from file /users/mpapadak/legion/runtime/legion/legion_ops.cc:527)[warning 1071] 
For more information see:
http://legion.stanford.edu/messages/warning_code.html#warning_code_1071

[2 - 2aaaaaca5700] {4}{runtime}: [warning 1071] LEGION WARNING: Region requirement 2 of operation init.parallel (UID 42) in parent task main (UID 2) is using uninitialized data for field(s) 101 of logical region (18,2,2) (from file /users/mpapadak/legion/runtime/legion/legion_ops.cc:527)[warning 1071] 
For more information see:
http://legion.stanford.edu/messages/warning_code.html#warning_code_1071

[2 - 2aaaaaca5700] {4}{runtime}: [warning 1071] LEGION WARNING: Region requirement 3 of operation init.parallel (UID 42) in parent task main (UID 2) is using uninitialized data for field(s) 101 of logical region (6,4,4) (from file /users/mpapadak/legion/runtime/legion/legion_ops.cc:527)[warning 1071] 
For more information see:
http://legion.stanford.edu/messages/warning_code.html#warning_code_1071

ELAPSED TIME =   2.517 s
[3 - 2aaaaaca5700] {4}{runtime}: [warning 1071] LEGION WARNING: Region requirement 0 of operation init.parallel (UID 39) in parent task main (UID 3) is using uninitialized data for field(s) 101,102 of logical region (11,3,3) (from file /users/mpapadak/legion/runtime/legion/legion_ops.cc:527)[warning 1071] 
For more information see:
http://legion.stanford.edu/messages/warning_code.html#warning_code_1071

[3 - 2aaaaaca5700] {4}{runtime}: [warning 1071] LEGION WARNING: Region requirement 1 of operation init.parallel (UID 39) in parent task main (UID 3) is using uninitialized data for field(s) 101 of logical region (15,1,1) (from file /users/mpapadak/legion/runtime/legion/legion_ops.cc:527)[warning 1071] 
For more information see:
http://legion.stanford.edu/messages/warning_code.html#warning_code_1071

[0 - 2aaaaaca5700] {4}{runtime}: [warning 1071] LEGION WARNING: Region requirement 2 of operation init.parallel (UID 64) in parent task main (UID 12) is using uninitialized data for field(s) 101 of logical region (24,2,2) (from file /users/mpapadak/legion/runtime/legion/legion_ops.cc:527)[warning 1071] 
For more information see:
http://legion.stanford.edu/messages/warning_code.html#warning_code_1071

[0 - 2aaaaaca5700] {4}{runtime}: [warning 1071] LEGION WARNING: Region requirement 3 of operation init.parallel (UID 64) in parent task main (UID 12) is using uninitialized data for field(s) 101 of logical region (12,4,4) (from file /users/mpapadak/legion/runtime/legion/legion_ops.cc:527)[warning 1071] 
For more information see:
http://legion.stanford.edu/messages/warning_code.html#warning_code_1071

[3 - 2aaaaaca5700] {4}{runtime}: [warning 1071] LEGION WARNING: Region requirement 2 of operation init.parallel (UID 39) in parent task main (UID 3) is using uninitialized data for field(s) 101 of logical region (19,2,2) (from file /users/mpapadak/legion/runtime/legion/legion_ops.cc:527)[warning 1071] 
For more information see:
http://legion.stanford.edu/messages/warning_code.html#warning_code_1071

[3 - 2aaaaaca5700] {4}{runtime}: [warning 1071] LEGION WARNING: Region requirement 3 of operation init.parallel (UID 39) in parent task main (UID 3) is using uninitialized data for field(s) 101 of logical region (7,4,4) (from file /users/mpapadak/legion/runtime/legion/legion_ops.cc:527)[warning 1071] 
For more information see:
http://legion.stanford.edu/messages/warning_code.html#warning_code_1071

[1 - 2aaaaaca5700] {4}{runtime}: [warning 1071] LEGION WARNING: Region requirement 2 of operation init.parallel (UID 41) in parent task main (UID 1) is using uninitialized data for field(s) 101 of logical region (17,2,2) (from file /users/mpapadak/legion/runtime/legion/legion_ops.cc:527)[warning 1071] 
For more information see:
http://legion.stanford.edu/messages/warning_code.html#warning_code_1071

[1 - 2aaaaaca5700] {4}{runtime}: [warning 1071] LEGION WARNING: Region requirement 3 of operation init.parallel (UID 41) in parent task main (UID 1) is using uninitialized data for field(s) 101 of logical region (5,4,4) (from file /users/mpapadak/legion/runtime/legion/legion_ops.cc:527)[warning 1071] 
For more information see:
http://legion.stanford.edu/messages/warning_code.html#warning_code_1071

