partitioning took 8189562 us
partitioning took 8189522 us
partitioning took 8189548 us
partitioning took 8189509 us
partitioning took 8189529 us
partitioning took 8189650 us
partitioning took 8189566 us
partitioning took 8189580 us
partitioning took 8189572 us
partitioning took 8189594 us
partitioning took 8189579 us
partitioning took 8189588 us
partitioning took 8189572 us
cycle   60    sim time 1.123e-04    dt 1.615e-06    time 2.665e-02 (per iteration) 1.854e+00 (total)
partitioning took 8189579 us
partitioning took 8189508 us
partitioning took 8189565 us
partitioning took 8189565 us
partitioning took 8189513 us
partitioning took 8189533 us
partitioning took 8189605 us
ELAPSED TIME =   0.802 s
partitioning took 8189594 us
partitioning took 8189607 us
partitioning took 8189485 us
partitioning took 8189570 us
partitioning took 8189558 us
partitioning took 8189552 us
partitioning took 8189545 us
partitioning took 8189495 us
partitioning took 8189558 us
partitioning took 8189570 us
partitioning took 8189433 us
partitioning took 8189577 us
partitioning took 8189529 us
partitioning took 8189533 us
partitioning took 8189540 us
partitioning took 8189585 us
partitioning took 8189628 us
partitioning took 8189695 us
partitioning took 8189547 us
partitioning took 8189589 us
partitioning took 8189616 us
partitioning took 8189611 us
partitioning took 8189585 us
partitioning took 8189539 us
partitioning took 8189605 us
partitioning took 8189553 us
partitioning took 8189511 us
partitioning took 8189626 us
partitioning took 8189603 us
partitioning took 8189676 us
partitioning took 8189593 us
partitioning took 8189564 us
partitioning took 8189580 us
Reading "/users/wclee/legion/language/pennant/pennant.tests/leblanc_long256x30/leblanc.pnt"...
Config meshtype = "rect"
Config alfa = 5.00e-01
Config bcx = 0.00e+00 1.95e-03
Config bcx_n = 2
Config bcy = 0.00e+00 9.00e+00
Config bcy_n = 2
Config cfl = 6.00e-01
Config cflv = 1.00e-01
Config chunksize = 512
Config cstop = 30
Config dtfac = 1.20e+00
Config dtinit = 6.25e-07
Config dtmax = 1.00e+99
Config dtreport = 1.00e+02
Config einit = 1.00e-01
Config einitsub = 1.00e-07
Config gamma = 1.67e+00
Config meshscale = 1.00e+00
Config q1 = 3.00e-01
Config q2 = 2.00e+00
Config qgamma = 1.67e+00
Config rinit = 1.00e+00
Config rinitsub = 1.00e-03
Config ssmin = 1.00e-01
Config subregion = 0.00e+00 1.95e-03 3.00e+00 9.00e+00
Config subregion_n = 4
Config tstop = 6.00e+00
Config uinitradial = 0.00e+00
Config meshparams = 3.20e+02 1.47e+06 1.95e-03 9.00e+00
Config meshparams_n = 4
Config meshtype = 1
Config nzx = 320
Config nzy = 1474560
Config numpcx = 1
Config numpcy = 256
Config lenx = 1.95e-03
partitioning took 8189596 us
partitioning took 8189638 us
partitioning took 8189576 us
partitioning took 8189527 us
partitioning took 8189503 us
partitioning took 8189568 us
partitioning took 8189573 us
partitioning took 8189530 us
partitioning took 8189481 us
partitioning took 8189591 us
Warning: Skipping sequential validation
partitioning took 8189634 us
partitioning took 8189583 us
partitioning took 8189594 us
partitioning took 8189657 us
partitioning took 8189571 us
partitioning took 8189578 us
Starting simulation (t=28.0)...
partitioning took 8189519 us
partitioning took 8189610 us
partitioning took 8189566 us
partitioning took 8189525 us
partitioning took 8189537 us
partitioning took 8189548 us
partitioning took 8189571 us
partitioning took 8189535 us
partitioning took 8189540 us
partitioning took 8189579 us
partitioning took 8189549 us
partitioning took 8189521 us
cycle   80    sim time 1.436e-04    dt 1.525e-06    time 2.676e-02 (per iteration) 2.388e+00 (total)
partitioning took 8189585 us
partitioning took 8189513 us
partitioning took 8189517 us
partitioning took 8189558 us
partitioning took 8189551 us
partitioning took 8189565 us
partitioning took 8189613 us
partitioning took 8189599 us
partitioning took 8189525 us
cycle   20    sim time 4.089e-05    dt 2.121e-06    time 2.685e-02 (per iteration) 7.841e-01 (total)
partitioning took 8189596 us
partitioning took 8189621 us
partitioning took 8189580 us
partitioning took 8189573 us
partitioning took 8189495 us
partitioning took 8189568 us
partitioning took 8189558 us
partitioning took 8189509 us
partitioning took 8189609 us
partitioning took 8189446 us
partitioning took 8189594 us
partitioning took 8189588 us
partitioning took 8189556 us
partitioning took 8189549 us
Initializing (t=19.5)...
partitioning took 8189568 us
partitioning took 8189581 us
partitioning took 8189634 us
partitioning took 8189632 us
partitioning took 8189569 us
partitioning took 8189579 us
partitioning took 8189581 us
partitioning took 8189593 us
partitioning took 8189591 us
partitioning took 8189560 us
partitioning took 8189523 us
partitioning took 8189511 us
partitioning took 8189548 us
partitioning took 8189576 us
partitioning took 8189644 us
partitioning took 8189648 us
partitioning took 8189535 us
cycle   40    sim time 7.863e-05    dt 1.748e-06    time 2.669e-02 (per iteration) 1.318e+00 (total)
partitioning took 8189479 us
partitioning took 8189583 us
partitioning took 8189533 us
partitioning took 8189547 us
partitioning took 8189483 us
partitioning took 8189596 us
Running test (t=16.8)...
partitioning took 8189583 us
partitioning took 8189474 us
cycle   10    sim time 1.620e-05    dt 2.939e-06    time 5.156e-02 (per iteration) 5.156e-01 (total)
partitioning took 8189646 us
partitioning took 8189542 us
partitioning took 8189523 us
partitioning took 8189538 us
partitioning took 8189591 us
partitioning took 8189571 us
partitioning took 8189661 us
partitioning took 8189551 us
partitioning took 8189547 us
partitioning took 8189504 us
partitioning took 8189512 us
partitioning took 8189519 us
partitioning took 8189561 us
partitioning took 8189638 us
partitioning took 8189526 us
partitioning took 8189585 us
partitioning took 8189496 us
partitioning took 8189507 us
partitioning took 8189628 us
partitioning took 8189560 us
partitioning took 8189554 us
partitioning took 8189596 us
partitioning took 8189540 us
partitioning took 8189545 us
partitioning took 8189589 us
partitioning took 8189627 us
partitioning took 8189557 us
partitioning took 8189552 us
partitioning took 8189557 us
partitioning took 8189569 us
partitioning took 8189500 us
partitioning took 8189520 us
partitioning took 8189611 us
partitioning took 8189507 us
cycle   30    sim time 6.068e-05    dt 1.811e-06    time 2.673e-02 (per iteration) 1.051e+00 (total)
partitioning took 8189569 us
partitioning took 8189548 us
partitioning took 8189592 us
partitioning took 8189518 us
partitioning took 8189597 us
partitioning took 8189660 us
partitioning took 8189580 us
partitioning took 8189570 us
partitioning took 8189592 us
partitioning took 8189548 us
partitioning took 8189589 us
partitioning took 8189670 us
partitioning took 8189600 us
partitioning took 8189554 us
cycle   50    sim time 9.579e-05    dt 1.683e-06    time 2.687e-02 (per iteration) 1.587e+00 (total)
partitioning took 8189539 us
partitioning took 8189538 us
partitioning took 8189579 us
partitioning took 8189596 us
partitioning took 8189509 us
partitioning took 8189481 us
partitioning took 8189545 us
partitioning took 8189508 us
partitioning took 8189531 us
partitioning took 8189584 us
partitioning took 8189521 us
Config leny = 9.00e+00
Config nz = 471859200
Config np = 473334081
Config ns = 1887436800
Config maxznump = 4
Config npieces = 256
Config par_init = 1
Config seq_init = 0
Config print_ts = 0
Config enable = 1
Config warmup = 0
Config prune = 30
Config compact = 1
Config internal = 1
Config interior = 1
Config stripsize = 128
Config spansize = 2048
Config nspans_zones = 0
Config nspans_points = 0
Mesh memory usage:
  Zones  : 471859200 *  192 bytes = 90596966400 bytes
  Points : 473334081 *  128 bytes = 60586762368 bytes
  Sides  : 1887436800 *  256 bytes = 483183820800 bytes
  Total                             634367549568 bytes
partitioning took 8189583 us
partitioning took 8189625 us
partitioning took 8189545 us
partitioning took 8189549 us
partitioning took 8189553 us
partitioning took 8189521 us
partitioning took 8189540 us
partitioning took 8189595 us
Elapsed time = 2.654323e+00 (total)
partitioning took 8189522 us
partitioning took 8189598 us
partitioning took 8189615 us
partitioning took 8189576 us
partitioning took 8189564 us
partitioning took 8189517 us
partitioning took 8189585 us
partitioning took 8189594 us
partitioning took 8189601 us
partitioning took 8189549 us
partitioning took 8189530 us
partitioning took 8189572 us
partitioning took 8189546 us
partitioning took 8189546 us
partitioning took 8189640 us
partitioning took 8189544 us
partitioning took 8189696 us
partitioning took 8189513 us
partitioning took 8189612 us
partitioning took 8189619 us
partitioning took 8189542 us
partitioning took 8189562 us
partitioning took 8189615 us
cycle   70    sim time 1.282e-04    dt 1.564e-06    time 2.672e-02 (per iteration) 2.121e+00 (total)
partitioning took 8189554 us
partitioning took 8189580 us
partitioning took 8189571 us
partitioning took 8189560 us
partitioning took 8189567 us
partitioning took 8189523 us
partitioning took 8189542 us
partitioning took 8189547 us
partitioning took 8189530 us
partitioning took 8189524 us
partitioning took 8189505 us
partitioning took 8189540 us
partitioning took 8189522 us
partitioning took 8189521 us
partitioning took 8189566 us
partitioning took 8189593 us
partitioning took 8189521 us
partitioning took 8189497 us
partitioning took 8189546 us
partitioning took 8189511 us
partitioning took 8189596 us
partitioning took 8189577 us
partitioning took 8189575 us
partitioning took 8189532 us
partitioning took 8189575 us
partitioning took 8189605 us
partitioning took 8189529 us
partitioning took 8189475 us
partitioning took 8189566 us
partitioning took 8189487 us
partitioning took 8189441 us
partitioning took 8189540 us
partitioning took 8189527 us
partitioning took 8189651 us
partitioning took 8189456 us
partitioning took 8189570 us
partitioning took 8189509 us
