partitioning took 8158023 us
partitioning took 8157966 us
partitioning took 8158177 us
partitioning took 8158082 us
partitioning took 8158137 us
partitioning took 8158110 us
partitioning took 8158029 us
ELAPSED TIME =   0.795 s
partitioning took 8158113 us
partitioning took 8158038 us
partitioning took 8158024 us
partitioning took 8158156 us
partitioning took 8158151 us
partitioning took 8158170 us
partitioning took 8158082 us
partitioning took 8158156 us
partitioning took 8158008 us
partitioning took 8158131 us
partitioning took 8158130 us
partitioning took 8158071 us
partitioning took 8158094 us
partitioning took 8157981 us
partitioning took 8158138 us
partitioning took 8158006 us
partitioning took 8158137 us
partitioning took 8158133 us
partitioning took 8158120 us
partitioning took 8158102 us
partitioning took 8157993 us
cycle   60    sim time 1.123e-04    dt 1.615e-06    time 2.625e-02 (per iteration) 1.855e+00 (total)
partitioning took 8158112 us
partitioning took 8158167 us
partitioning took 8158148 us
partitioning took 8158154 us
partitioning took 8158030 us
partitioning took 8158132 us
partitioning took 8158112 us
partitioning took 8158054 us
partitioning took 8158089 us
partitioning took 8158150 us
partitioning took 8158107 us
partitioning took 8157981 us
partitioning took 8158014 us
partitioning took 8158018 us
partitioning took 8158129 us
partitioning took 8158136 us
partitioning took 8158164 us
partitioning took 8158157 us
partitioning took 8158126 us
partitioning took 8158134 us
partitioning took 8158130 us
partitioning took 8158162 us
partitioning took 8158022 us
partitioning took 8158128 us
partitioning took 8158120 us
partitioning took 8158103 us
partitioning took 8158125 us
Reading "/users/wclee/legion/language/pennant/pennant.tests/leblanc_long256x30/leblanc.pnt"...
Config meshtype = "rect"
Config alfa = 5.00e-01
Config bcx = 0.00e+00 1.95e-03
Config bcx_n = 2
Config bcy = 0.00e+00 9.00e+00
Config bcy_n = 2
Config cfl = 6.00e-01
Config cflv = 1.00e-01
Config chunksize = 512
Config cstop = 30
Config dtfac = 1.20e+00
Config dtinit = 6.25e-07
Config dtmax = 1.00e+99
Config dtreport = 1.00e+02
Config einit = 1.00e-01
Config einitsub = 1.00e-07
Config gamma = 1.67e+00
Config meshscale = 1.00e+00
Config q1 = 3.00e-01
Config q2 = 2.00e+00
Config qgamma = 1.67e+00
Config rinit = 1.00e+00
Config rinitsub = 1.00e-03
Config ssmin = 1.00e-01
Config subregion = 0.00e+00 1.95e-03 3.00e+00 9.00e+00
Config subregion_n = 4
Config tstop = 6.00e+00
Config uinitradial = 0.00e+00
Config meshparams = 3.20e+02 1.47e+06 1.95e-03 9.00e+00
Config meshparams_n = 4
Config meshtype = 1
Config nzx = 320
Config nzy = 1474560
Config numpcx = 1
Config numpcy = 256
Config lenx = 1.95e-03
partitioning took 8158105 us
partitioning took 8158141 us
partitioning took 8158156 us
partitioning took 8158119 us
partitioning took 8158019 us
partitioning took 8158066 us
Starting simulation (t=28.1)...
partitioning took 8158135 us
partitioning took 8158066 us
partitioning took 8157958 us
partitioning took 8158176 us
partitioning took 8158129 us
Warning: Skipping sequential validation
partitioning took 8158060 us
Initializing (t=19.7)...
partitioning took 8158072 us
partitioning took 8158159 us
partitioning took 8158081 us
partitioning took 8158123 us
partitioning took 8158235 us
partitioning took 8158123 us
partitioning took 8158213 us
partitioning took 8158104 us
partitioning took 8158085 us
partitioning took 8157995 us
partitioning took 8158012 us
partitioning took 8158065 us
cycle   20    sim time 4.089e-05    dt 2.121e-06    time 2.751e-02 (per iteration) 7.933e-01 (total)
partitioning took 8158184 us
partitioning took 8158089 us
partitioning took 8158143 us
partitioning took 8157987 us
partitioning took 8158128 us
partitioning took 8158173 us
partitioning took 8158106 us
partitioning took 8158117 us
partitioning took 8158079 us
partitioning took 8158208 us
partitioning took 8158164 us
cycle   80    sim time 1.436e-04    dt 1.525e-06    time 2.652e-02 (per iteration) 2.388e+00 (total)
partitioning took 8158113 us
partitioning took 8158156 us
partitioning took 8158003 us
partitioning took 8158144 us
partitioning took 8158144 us
partitioning took 8158027 us
partitioning took 8158037 us
partitioning took 8158207 us
cycle   40    sim time 7.863e-05    dt 1.748e-06    time 2.657e-02 (per iteration) 1.326e+00 (total)
partitioning took 8158018 us
partitioning took 8158085 us
partitioning took 8158209 us
partitioning took 8158158 us
partitioning took 8158217 us
partitioning took 8158189 us
partitioning took 8158177 us
partitioning took 8158087 us
partitioning took 8158157 us
partitioning took 8158136 us
partitioning took 8158188 us
partitioning took 8158064 us
partitioning took 8158180 us
partitioning took 8158172 us
partitioning took 8158127 us
partitioning took 8158148 us
partitioning took 8158039 us
partitioning took 8158152 us
partitioning took 8158145 us
partitioning took 8158018 us
partitioning took 8158168 us
partitioning took 8158102 us
partitioning took 8158143 us
partitioning took 8158128 us
partitioning took 8158092 us
partitioning took 8158175 us
partitioning took 8158188 us
partitioning took 8158211 us
partitioning took 8158082 us
partitioning took 8158082 us
partitioning took 8158126 us
partitioning took 8158144 us
partitioning took 8157977 us
partitioning took 8158008 us
partitioning took 8158046 us
partitioning took 8158165 us
partitioning took 8158025 us
partitioning took 8158019 us
partitioning took 8158075 us
partitioning took 8158167 us
partitioning took 8158147 us
partitioning took 8158184 us
cycle   10    sim time 1.620e-05    dt 2.939e-06    time 5.183e-02 (per iteration) 5.183e-01 (total)
partitioning took 8157981 us
partitioning took 8158023 us
partitioning took 8158036 us
partitioning took 8158003 us
partitioning took 8157984 us
partitioning took 8158122 us
partitioning took 8158081 us
partitioning took 8158152 us
partitioning took 8158157 us
partitioning took 8158113 us
partitioning took 8158072 us
partitioning took 8158154 us
partitioning took 8158013 us
partitioning took 8158174 us
partitioning took 8158098 us
Elapsed time = 2.650748e+00 (total)
partitioning took 8158153 us
partitioning took 8158121 us
partitioning took 8158125 us
partitioning took 8158056 us
partitioning took 8158062 us
partitioning took 8158009 us
partitioning took 8158079 us
partitioning took 8158112 us
partitioning took 8158094 us
partitioning took 8158105 us
cycle   30    sim time 6.068e-05    dt 1.811e-06    time 2.670e-02 (per iteration) 1.060e+00 (total)
partitioning took 8158178 us
partitioning took 8158151 us
partitioning took 8158140 us
partitioning took 8158084 us
partitioning took 8158005 us
partitioning took 8158148 us
partitioning took 8158163 us
partitioning took 8157991 us
partitioning took 8158148 us
partitioning took 8158178 us
partitioning took 8158085 us
partitioning took 8158177 us
partitioning took 8158133 us
cycle   50    sim time 9.579e-05    dt 1.683e-06    time 2.664e-02 (per iteration) 1.592e+00 (total)
partitioning took 8158085 us
partitioning took 8158102 us
partitioning took 8158110 us
partitioning took 8158189 us
partitioning took 8158128 us
partitioning took 8158141 us
partitioning took 8158151 us
partitioning took 8158211 us
partitioning took 8158143 us
Config leny = 9.00e+00
Config nz = 471859200
Config np = 473334081
Config ns = 1887436800
Config maxznump = 4
Config npieces = 256
Config par_init = 1
Config seq_init = 0
Config print_ts = 0
Config enable = 1
Config warmup = 0
Config prune = 30
Config compact = 1
Config internal = 1
Config interior = 1
Config stripsize = 128
Config spansize = 2048
Config nspans_zones = 0
Config nspans_points = 0
Mesh memory usage:
  Zones  : 471859200 *  192 bytes = 90596966400 bytes
  Points : 473334081 *  128 bytes = 60586762368 bytes
  Sides  : 1887436800 *  256 bytes = 483183820800 bytes
  Total                             634367549568 bytes
partitioning took 8158091 us
partitioning took 8158106 us
partitioning took 8158178 us
partitioning took 8158102 us
partitioning took 8158104 us
partitioning took 8158033 us
partitioning took 8158097 us
partitioning took 8158151 us
partitioning took 8158166 us
partitioning took 8158159 us
partitioning took 8158105 us
partitioning took 8158046 us
partitioning took 8158024 us
partitioning took 8158116 us
partitioning took 8157966 us
partitioning took 8158129 us
partitioning took 8158134 us
partitioning took 8158141 us
partitioning took 8158147 us
partitioning took 8158025 us
partitioning took 8158189 us
partitioning took 8158149 us
partitioning took 8158029 us
partitioning took 8158107 us
partitioning took 8158046 us
partitioning took 8158121 us
partitioning took 8158109 us
partitioning took 8158090 us
partitioning took 8158113 us
partitioning took 8158140 us
partitioning took 8158123 us
partitioning took 8158129 us
partitioning took 8158117 us
partitioning took 8158185 us
partitioning took 8158121 us
partitioning took 8158017 us
partitioning took 8158180 us
partitioning took 8158035 us
partitioning took 8158125 us
partitioning took 8158176 us
partitioning took 8158128 us
partitioning took 8158095 us
partitioning took 8158032 us
partitioning took 8158142 us
partitioning took 8158140 us
partitioning took 8158159 us
partitioning took 8158192 us
partitioning took 8158089 us
partitioning took 8157985 us
partitioning took 8158054 us
partitioning took 8158169 us
partitioning took 8158117 us
partitioning took 8158163 us
partitioning took 8158123 us
partitioning took 8158141 us
partitioning took 8158130 us
partitioning took 8158010 us
partitioning took 8158006 us
partitioning took 8158153 us
partitioning took 8158185 us
partitioning took 8157996 us
partitioning took 8158214 us
partitioning took 8158154 us
cycle   70    sim time 1.282e-04    dt 1.564e-06    time 2.678e-02 (per iteration) 2.123e+00 (total)
partitioning took 8158183 us
partitioning took 8158156 us
partitioning took 8158037 us
partitioning took 8158164 us
Running test (t=16.9)...
partitioning took 8158023 us
partitioning took 8158005 us
