partitioning took 1682326 us
partitioning took 1682335 us
Warning: Skipping sequential validation
partitioning took 1682332 us
partitioning took 1682314 us
Reading "/users/wclee/legion/language/pennant/pennant.tests/leblanc_long64x30/leblanc.pnt"...
Config meshtype = "rect"
Config alfa = 5.00e-01
Config bcx = 0.00e+00 7.81e-03
Config bcx_n = 2
Config bcy = 0.00e+00 9.00e+00
Config bcy_n = 2
Config cfl = 6.00e-01
Config cflv = 1.00e-01
Config chunksize = 512
Config cstop = 30
Config dtfac = 1.20e+00
Config dtinit = 2.50e-06
Config dtmax = 1.00e+99
Config dtreport = 1.00e+02
Config einit = 1.00e-01
Config einitsub = 1.00e-07
Config gamma = 1.67e+00
Config meshscale = 1.00e+00
Config q1 = 3.00e-01
Config q2 = 2.00e+00
Config qgamma = 1.67e+00
Config rinit = 1.00e+00
Config rinitsub = 1.00e-03
Config ssmin = 1.00e-01
Config subregion = 0.00e+00 7.81e-03 3.00e+00 9.00e+00
Config subregion_n = 4
Config tstop = 6.00e+00
Config uinitradial = 0.00e+00
Config meshparams = 3.20e+02 3.69e+05 7.81e-03 9.00e+00
Config meshparams_n = 4
Config meshtype = 1
Config nzx = 320
Config nzy = 368640
Config numpcx = 1
Config numpcy = 64
Config lenx = 7.81e-03
Config leny = 9.00e+00
partitioning took 1682335 us
partitioning took 1682340 us
partitioning took 1682366 us
partitioning took 1682346 us
partitioning took 1682307 us
partitioning took 1682341 us
cycle   60    sim time 4.491e-04    dt 6.459e-06    time 2.139e-02 (per iteration) 1.306e+00 (total)
partitioning took 1682334 us
partitioning took 1682339 us
partitioning took 1682318 us
Starting simulation (t=19.3)...
partitioning took 1682346 us
partitioning took 1682337 us
partitioning took 1682335 us
ELAPSED TIME =   0.636 s
partitioning took 1682350 us
partitioning took 1682325 us
partitioning took 1682336 us
partitioning took 1682321 us
partitioning took 1682325 us
partitioning took 1682335 us
partitioning took 1682335 us
cycle   40    sim time 3.145e-04    dt 6.992e-06    time 2.112e-02 (per iteration) 8.810e-01 (total)
partitioning took 1682329 us
partitioning took 1682335 us
partitioning took 1682343 us
Initializing (t=17.6)...
partitioning took 1682321 us
partitioning took 1682337 us
partitioning took 1682340 us
partitioning took 1682336 us
partitioning took 1682345 us
cycle   80    sim time 5.746e-04    dt 6.099e-06    time 2.107e-02 (per iteration) 1.728e+00 (total)
Config nz = 117964800
Config np = 118333761
Config ns = 471859200
Config maxznump = 4
Config npieces = 64
Config par_init = 1
Config seq_init = 0
Config print_ts = 0
Config enable = 1
Config warmup = 0
Config prune = 30
Config compact = 1
Config internal = 1
Config interior = 1
Config stripsize = 128
Config spansize = 2048
Config nspans_zones = 0
Config nspans_points = 0
Mesh memory usage:
  Zones  : 117964800 *  192 bytes = 22649241600 bytes
  Points : 118333761 *  128 bytes = 15146721408 bytes
  Sides  : 471859200 *  256 bytes = 120795955200 bytes
  Total                             158591918208 bytes
partitioning took 1682310 us
cycle   20    sim time 1.636e-04    dt 8.485e-06    time 2.180e-02 (per iteration) 4.567e-01 (total)
partitioning took 1682615 us
partitioning took 1682376 us
partitioning took 1682347 us
partitioning took 1682340 us
partitioning took 1682335 us
cycle   10    sim time 6.480e-05    dt 1.175e-05    time 2.387e-02 (per iteration) 2.387e-01 (total)
partitioning took 1682362 us
partitioning took 1682352 us
partitioning took 1682321 us
cycle   50    sim time 3.832e-04    dt 6.732e-06    time 2.111e-02 (per iteration) 1.092e+00 (total)
partitioning took 1682340 us
partitioning took 1682336 us
partitioning took 1682366 us
cycle   30    sim time 2.427e-04    dt 7.246e-06    time 2.131e-02 (per iteration) 6.698e-01 (total)
partitioning took 1682333 us
partitioning took 1682300 us
partitioning took 1682334 us
partitioning took 1682338 us
Elapsed time = 1.939241e+00 (total)
partitioning took 1682320 us
cycle   70    sim time 5.128e-04    dt 6.256e-06    time 2.116e-02 (per iteration) 1.518e+00 (total)
partitioning took 1682324 us
partitioning took 1682331 us
partitioning took 1682358 us
partitioning took 1682353 us
partitioning took 1682337 us
partitioning took 1682337 us
partitioning took 1682350 us
partitioning took 1682356 us
partitioning took 1682355 us
partitioning took 1682336 us
partitioning took 1682338 us
partitioning took 1682335 us
Running test (t=16.5)...
partitioning took 1682325 us
partitioning took 1682338 us
partitioning took 1682334 us
partitioning took 1682361 us
