partitioning took 1684685 us
partitioning took 1684696 us
partitioning took 1684683 us
partitioning took 1684699 us
partitioning took 1684684 us
partitioning took 1684694 us
partitioning took 1684684 us
partitioning took 1684695 us
partitioning took 1684683 us
partitioning took 1684705 us
partitioning took 1684693 us
partitioning took 1684695 us
partitioning took 1684681 us
partitioning took 1684678 us
Starting simulation (t=19.3)...
partitioning took 1684699 us
partitioning took 1684699 us
Warning: Skipping sequential validation
partitioning took 1684655 us
Initializing (t=17.5)...
partitioning took 1684682 us
partitioning took 1684663 us
partitioning took 1684714 us
cycle   40    sim time 3.145e-04    dt 6.992e-06    time 2.104e-02 (per iteration) 8.654e-01 (total)
partitioning took 1684694 us
partitioning took 1684694 us
partitioning took 1684657 us
partitioning took 1684695 us
cycle   80    sim time 5.746e-04    dt 6.099e-06    time 2.105e-02 (per iteration) 1.708e+00 (total)
partitioning took 1684658 us
partitioning took 1684692 us
cycle   60    sim time 4.491e-04    dt 6.459e-06    time 2.105e-02 (per iteration) 1.287e+00 (total)
partitioning took 1684690 us
partitioning took 1684680 us
partitioning took 1684675 us
Reading "/users/wclee/legion/language/pennant/pennant.tests/leblanc_long64x30/leblanc.pnt"...
Config meshtype = "rect"
Config alfa = 5.00e-01
Config bcx = 0.00e+00 7.81e-03
Config bcx_n = 2
Config bcy = 0.00e+00 9.00e+00
Config bcy_n = 2
Config cfl = 6.00e-01
Config cflv = 1.00e-01
Config chunksize = 512
Config cstop = 30
Config dtfac = 1.20e+00
Config dtinit = 2.50e-06
Config dtmax = 1.00e+99
Config dtreport = 1.00e+02
Config einit = 1.00e-01
Config einitsub = 1.00e-07
Config gamma = 1.67e+00
Config meshscale = 1.00e+00
Config q1 = 3.00e-01
Config q2 = 2.00e+00
Config qgamma = 1.67e+00
Config rinit = 1.00e+00
Config rinitsub = 1.00e-03
Config ssmin = 1.00e-01
Config subregion = 0.00e+00 7.81e-03 3.00e+00 9.00e+00
Config subregion_n = 4
Config tstop = 6.00e+00
Config uinitradial = 0.00e+00
Config meshparams = 3.20e+02 3.69e+05 7.81e-03 9.00e+00
Config meshparams_n = 4
Config meshtype = 1
Config nzx = 320
Config nzy = 368640
Config numpcx = 1
Config numpcy = 64
Config lenx = 7.81e-03
Config leny = 9.00e+00
partitioning took 1684665 us
partitioning took 1684683 us
ELAPSED TIME =   0.632 s
Running test (t=16.5)...
partitioning took 1684677 us
partitioning took 1684659 us
partitioning took 1684696 us
partitioning took 1684698 us
partitioning took 1684684 us
partitioning took 1684697 us
partitioning took 1684638 us
partitioning took 1684669 us
partitioning took 1684693 us
partitioning took 1684687 us
cycle   50    sim time 3.832e-04    dt 6.732e-06    time 2.109e-02 (per iteration) 1.076e+00 (total)
partitioning took 1684689 us
partitioning took 1684687 us
partitioning took 1684702 us
partitioning took 1684684 us
partitioning took 1684646 us
partitioning took 1684674 us
partitioning took 1684677 us
partitioning took 1684701 us
cycle   30    sim time 2.427e-04    dt 7.246e-06    time 2.110e-02 (per iteration) 6.550e-01 (total)
partitioning took 1684699 us
partitioning took 1684686 us
partitioning took 1684671 us
partitioning took 1684656 us
partitioning took 1684691 us
partitioning took 1684682 us
cycle   10    sim time 6.480e-05    dt 1.175e-05    time 2.326e-02 (per iteration) 2.326e-01 (total)
partitioning took 1684693 us
partitioning took 1684702 us
partitioning took 1684675 us
cycle   70    sim time 5.128e-04    dt 6.256e-06    time 2.105e-02 (per iteration) 1.497e+00 (total)
partitioning took 1684664 us
partitioning took 1684699 us
partitioning took 1684688 us
Elapsed time = 1.918501e+00 (total)
partitioning took 1684668 us
partitioning took 1684683 us
Config nz = 117964800
Config np = 118333761
Config ns = 471859200
Config maxznump = 4
Config npieces = 64
Config par_init = 1
Config seq_init = 0
Config print_ts = 0
Config enable = 1
Config warmup = 0
Config prune = 30
Config compact = 1
Config internal = 1
Config interior = 1
Config stripsize = 128
Config spansize = 2048
Config nspans_zones = 0
Config nspans_points = 0
Mesh memory usage:
  Zones  : 117964800 *  192 bytes = 22649241600 bytes
  Points : 118333761 *  128 bytes = 15146721408 bytes
  Sides  : 471859200 *  256 bytes = 120795955200 bytes
  Total                             158591918208 bytes
partitioning took 1684650 us
cycle   20    sim time 1.636e-04    dt 8.485e-06    time 2.114e-02 (per iteration) 4.439e-01 (total)
