partitioning took 2858238 us
partitioning took 2858161 us
cycle   80    sim time 2.873e-04    dt 3.049e-06    time 2.193e-02 (per iteration) 1.830e+00 (total)
partitioning took 2858233 us
partitioning took 2858212 us
partitioning took 2858163 us
partitioning took 2858256 us
Initializing (t=18.0)...
partitioning took 2858159 us
partitioning took 2858171 us
partitioning took 2858162 us
partitioning took 2858158 us
partitioning took 2858246 us
partitioning took 2858157 us
partitioning took 2858241 us
partitioning took 2858256 us
partitioning took 2858157 us
partitioning took 2858165 us
partitioning took 2858205 us
partitioning took 2858249 us
partitioning took 2858145 us
partitioning took 2858240 us
partitioning took 2858124 us
partitioning took 2858150 us
cycle   60    sim time 2.246e-04    dt 3.229e-06    time 2.192e-02 (per iteration) 1.392e+00 (total)
partitioning took 2858170 us
partitioning took 2858187 us
partitioning took 2858165 us
Warning: Skipping sequential validation
partitioning took 2858163 us
partitioning took 2858250 us
partitioning took 2858214 us
partitioning took 2858173 us
partitioning took 2858163 us
partitioning took 2858182 us
partitioning took 2858248 us
partitioning took 2858188 us
partitioning took 2858217 us
Reading "/users/wclee/legion/language/pennant/pennant.tests/leblanc_long128x30/leblanc.pnt"...
Config meshtype = "rect"
Config alfa = 5.00e-01
Config bcx = 0.00e+00 3.91e-03
Config bcx_n = 2
Config bcy = 0.00e+00 9.00e+00
Config bcy_n = 2
Config cfl = 6.00e-01
Config cflv = 1.00e-01
Config chunksize = 512
Config cstop = 30
Config dtfac = 1.20e+00
Config dtinit = 1.25e-06
Config dtmax = 1.00e+99
Config dtreport = 1.00e+02
Config einit = 1.00e-01
Config einitsub = 1.00e-07
Config gamma = 1.67e+00
Config meshscale = 1.00e+00
Config q1 = 3.00e-01
Config q2 = 2.00e+00
Config qgamma = 1.67e+00
Config rinit = 1.00e+00
Config rinitsub = 1.00e-03
Config ssmin = 1.00e-01
Config subregion = 0.00e+00 3.91e-03 3.00e+00 9.00e+00
Config subregion_n = 4
Config tstop = 6.00e+00
Config uinitradial = 0.00e+00
Config meshparams = 3.20e+02 7.37e+05 3.91e-03 9.00e+00
Config meshparams_n = 4
Config meshtype = 1
Config nzx = 320
Config nzy = 737280
Config numpcx = 1
Config numpcy = 128
Config lenx = 3.91e-03
Config leny = 9.00e+00
partitioning took 2858164 us
partitioning took 2858142 us
partitioning took 2858204 us
partitioning took 2858235 us
partitioning took 2858172 us
partitioning took 2858169 us
partitioning took 2858188 us
cycle   40    sim time 1.573e-04    dt 3.496e-06    time 2.188e-02 (per iteration) 9.542e-01 (total)
partitioning took 2858167 us
partitioning took 2858156 us
partitioning took 2858221 us
partitioning took 2858146 us
Starting simulation (t=20.9)...
partitioning took 2858164 us
partitioning took 2858136 us
partitioning took 2858163 us
ELAPSED TIME =   0.657 s
partitioning took 2858180 us
partitioning took 2858205 us
partitioning took 2858162 us
partitioning took 2858170 us
partitioning took 2858234 us
partitioning took 2858194 us
partitioning took 2858178 us
partitioning took 2858156 us
partitioning took 2858136 us
partitioning took 2858168 us
partitioning took 2858217 us
partitioning took 2858204 us
partitioning took 2858173 us
partitioning took 2858143 us
cycle   20    sim time 8.178e-05    dt 4.242e-06    time 2.178e-02 (per iteration) 5.164e-01 (total)
partitioning took 2858172 us
Config nz = 235929600
Config np = 236667201
Config ns = 943718400
Config maxznump = 4
Config npieces = 128
Config par_init = 1
Config seq_init = 0
Config print_ts = 0
Config enable = 1
Config warmup = 0
Config prune = 30
Config compact = 1
Config internal = 1
Config interior = 1
Config stripsize = 128
Config spansize = 2048
Config nspans_zones = 0
Config nspans_points = 0
Mesh memory usage:
  Zones  : 235929600 *  192 bytes = 45298483200 bytes
  Points : 236667201 *  128 bytes = 30293401728 bytes
  Sides  : 943718400 *  256 bytes = 241591910400 bytes
  Total                             317183795328 bytes
partitioning took 2858146 us
Running test (t=16.5)...
partitioning took 2858164 us
partitioning took 2858260 us
partitioning took 2858162 us
partitioning took 2858154 us
partitioning took 2858166 us
partitioning took 2858176 us
partitioning took 2858250 us
partitioning took 2858142 us
partitioning took 2858164 us
partitioning took 2858152 us
partitioning took 2858142 us
partitioning took 2858155 us
partitioning took 2858206 us
partitioning took 2858248 us
partitioning took 2858175 us
partitioning took 2858177 us
partitioning took 2858246 us
partitioning took 2858163 us
Elapsed time = 2.048393e+00 (total)
partitioning took 2858160 us
partitioning took 2858237 us
partitioning took 2858152 us
partitioning took 2858250 us
partitioning took 2858117 us
partitioning took 2858206 us
partitioning took 2858173 us
partitioning took 2858127 us
partitioning took 2858224 us
partitioning took 2858237 us
cycle   30    sim time 1.214e-04    dt 3.623e-06    time 2.189e-02 (per iteration) 7.353e-01 (total)
partitioning took 2858173 us
partitioning took 2858179 us
partitioning took 2858190 us
partitioning took 2858244 us
partitioning took 2858171 us
partitioning took 2858169 us
partitioning took 2858134 us
cycle   70    sim time 2.564e-04    dt 3.128e-06    time 2.185e-02 (per iteration) 1.611e+00 (total)
partitioning took 2858194 us
partitioning took 2858164 us
partitioning took 2858196 us
partitioning took 2858204 us
partitioning took 2858157 us
partitioning took 2858162 us
partitioning took 2858258 us
partitioning took 2858152 us
partitioning took 2858164 us
partitioning took 2858162 us
partitioning took 2858042 us
partitioning took 2858193 us
partitioning took 2858245 us
partitioning took 2858196 us
partitioning took 2858174 us
partitioning took 2858159 us
cycle   50    sim time 1.916e-04    dt 3.366e-06    time 2.190e-02 (per iteration) 1.173e+00 (total)
partitioning took 2858088 us
partitioning took 2858193 us
partitioning took 2858140 us
partitioning took 2858233 us
partitioning took 2858124 us
partitioning took 2858170 us
partitioning took 2858162 us
partitioning took 2858169 us
cycle   10    sim time 3.240e-05    dt 5.877e-06    time 2.986e-02 (per iteration) 2.986e-01 (total)
partitioning took 2858170 us
partitioning took 2858206 us
partitioning took 2858179 us
partitioning took 2858161 us
partitioning took 2858217 us
