Running test (t=16.8)...
partitioning took 2896691 us
partitioning took 2896609 us
partitioning took 2896666 us
partitioning took 2896710 us
partitioning took 2896720 us
partitioning took 2896662 us
partitioning took 2896701 us
cycle   10    sim time 3.240e-05    dt 5.877e-06    time 3.064e-02 (per iteration) 3.064e-01 (total)
partitioning took 2896675 us
partitioning took 2896567 us
partitioning took 2896604 us
partitioning took 2896690 us
partitioning took 2896695 us
partitioning took 2896724 us
partitioning took 2896691 us
cycle   30    sim time 1.214e-04    dt 3.623e-06    time 2.183e-02 (per iteration) 7.431e-01 (total)
partitioning took 2896689 us
partitioning took 2896686 us
partitioning took 2894929 us
partitioning took 2896797 us
partitioning took 2896639 us
partitioning took 2896686 us
partitioning took 2896627 us
partitioning took 2896598 us
partitioning took 2896717 us
partitioning took 2896677 us
partitioning took 2896691 us
partitioning took 2896625 us
partitioning took 2896673 us
partitioning took 2896693 us
partitioning took 2896569 us
partitioning took 2896645 us
partitioning took 2896699 us
partitioning took 2896695 us
partitioning took 2896663 us
partitioning took 2896681 us
partitioning took 2896620 us
partitioning took 2896693 us
partitioning took 2896672 us
partitioning took 2896690 us
partitioning took 2896662 us
partitioning took 2896700 us
partitioning took 2896676 us
partitioning took 2896646 us
partitioning took 2896681 us
cycle   50    sim time 1.916e-04    dt 3.366e-06    time 2.180e-02 (per iteration) 1.179e+00 (total)
partitioning took 2896571 us
partitioning took 2896695 us
partitioning took 2896701 us
partitioning took 2896680 us
partitioning took 2896673 us
partitioning took 2896724 us
partitioning took 2896675 us
cycle   70    sim time 2.564e-04    dt 3.128e-06    time 2.194e-02 (per iteration) 1.616e+00 (total)
partitioning took 2896682 us
partitioning took 2896671 us
partitioning took 2896688 us
partitioning took 2896690 us
partitioning took 2896706 us
partitioning took 2896593 us
partitioning took 2896698 us
partitioning took 2896670 us
partitioning took 2896653 us
partitioning took 2896703 us
Elapsed time = 2.052293e+00 (total)
partitioning took 2896662 us
partitioning took 2896628 us
partitioning took 2896617 us
partitioning took 2896700 us
partitioning took 2896671 us
partitioning took 2896641 us
partitioning took 2896639 us
cycle   80    sim time 2.873e-04    dt 3.049e-06    time 2.177e-02 (per iteration) 1.834e+00 (total)
partitioning took 2896696 us
cycle   60    sim time 2.246e-04    dt 3.229e-06    time 2.182e-02 (per iteration) 1.397e+00 (total)
partitioning took 2896634 us
partitioning took 2896697 us
Starting simulation (t=21.3)...
partitioning took 2896698 us
partitioning took 2894849 us
partitioning took 2896611 us
partitioning took 2896601 us
Reading "/users/wclee/legion/language/pennant/pennant.tests/leblanc_long128x30/leblanc.pnt"...
Config meshtype = "rect"
Config alfa = 5.00e-01
Config bcx = 0.00e+00 3.91e-03
Config bcx_n = 2
Config bcy = 0.00e+00 9.00e+00
Config bcy_n = 2
Config cfl = 6.00e-01
Config cflv = 1.00e-01
Config chunksize = 512
Config cstop = 30
Config dtfac = 1.20e+00
Config dtinit = 1.25e-06
Config dtmax = 1.00e+99
Config dtreport = 1.00e+02
Config einit = 1.00e-01
Config einitsub = 1.00e-07
Config gamma = 1.67e+00
Config meshscale = 1.00e+00
Config q1 = 3.00e-01
Config q2 = 2.00e+00
Config qgamma = 1.67e+00
Config rinit = 1.00e+00
Config rinitsub = 1.00e-03
Config ssmin = 1.00e-01
Config subregion = 0.00e+00 3.91e-03 3.00e+00 9.00e+00
Config subregion_n = 4
Config tstop = 6.00e+00
Config uinitradial = 0.00e+00
Config meshparams = 3.20e+02 7.37e+05 3.91e-03 9.00e+00
Config meshparams_n = 4
Config meshtype = 1
Config nzx = 320
Config nzy = 737280
Config numpcx = 1
Config numpcy = 128
Config lenx = 3.91e-03
Config leny = 9.00e+00
partitioning took 2896685 us
partitioning took 2896698 us
ELAPSED TIME =   0.654 s
partitioning took 2896699 us
partitioning took 2896598 us
partitioning took 2896609 us
partitioning took 2896698 us
partitioning took 2896623 us
cycle   40    sim time 1.573e-04    dt 3.496e-06    time 2.178e-02 (per iteration) 9.609e-01 (total)
partitioning took 2896719 us
partitioning took 2896686 us
partitioning took 2896671 us
partitioning took 2896625 us
partitioning took 2896680 us
partitioning took 2896701 us
Warning: Skipping sequential validation
partitioning took 2896629 us
partitioning took 2896690 us
partitioning took 2896626 us
partitioning took 2896607 us
partitioning took 2896635 us
partitioning took 2896691 us
partitioning took 2896694 us
partitioning took 2896609 us
partitioning took 2896667 us
partitioning took 2896698 us
partitioning took 2896690 us
partitioning took 2896681 us
partitioning took 2896704 us
partitioning took 2896625 us
partitioning took 2896603 us
partitioning took 2896704 us
partitioning took 2896691 us
partitioning took 2896669 us
partitioning took 2896569 us
partitioning took 2896651 us
partitioning took 2896609 us
partitioning took 2896680 us
partitioning took 2896599 us
partitioning took 2896674 us
partitioning took 2896687 us
partitioning took 2896663 us
partitioning took 2896644 us
partitioning took 2896685 us
partitioning took 2896689 us
partitioning took 2896659 us
Initializing (t=18.3)...
partitioning took 2896688 us
partitioning took 2896712 us
partitioning took 2896697 us
partitioning took 2896566 us
partitioning took 2896617 us
partitioning took 2896692 us
partitioning took 2896690 us
partitioning took 2896665 us
partitioning took 2896673 us
cycle   20    sim time 8.178e-05    dt 4.242e-06    time 2.184e-02 (per iteration) 5.247e-01 (total)
partitioning took 2896703 us
Config nz = 235929600
Config np = 236667201
Config ns = 943718400
Config maxznump = 4
Config npieces = 128
Config par_init = 1
Config seq_init = 0
Config print_ts = 0
Config enable = 1
Config warmup = 0
Config prune = 30
Config compact = 1
Config internal = 1
Config interior = 1
Config stripsize = 128
Config spansize = 2048
Config nspans_zones = 0
Config nspans_points = 0
Mesh memory usage:
  Zones  : 235929600 *  192 bytes = 45298483200 bytes
  Points : 236667201 *  128 bytes = 30293401728 bytes
  Sides  : 943718400 *  256 bytes = 241591910400 bytes
  Total                             317183795328 bytes
partitioning took 2896688 us
