Running test (t=16.3)...
partitioning took 1216012 us
partitioning took 1216014 us
partitioning took 1216044 us
partitioning took 1216054 us
cycle   10    sim time 2.592e-04    dt 4.702e-05    time 1.996e-02 (per iteration) 1.996e-01 (total)
partitioning took 1216008 us
Elapsed time = 1.872743e+00 (total)
partitioning took 1216026 us
cycle   70    sim time 2.051e-03    dt 2.502e-05    time 2.090e-02 (per iteration) 1.455e+00 (total)
partitioning took 1216020 us
cycle   30    sim time 9.709e-04    dt 2.898e-05    time 2.091e-02 (per iteration) 6.181e-01 (total)
partitioning took 1216022 us
cycle   50    sim time 1.533e-03    dt 2.693e-05    time 2.087e-02 (per iteration) 1.036e+00 (total)
Reading "/users/wclee/legion/language/pennant/pennant.tests/leblanc_long16x30/leblanc.pnt"...
Config meshtype = "rect"
Config alfa = 5.00e-01
Config bcx = 0.00e+00 3.12e-02
Config bcx_n = 2
Config bcy = 0.00e+00 9.00e+00
Config bcy_n = 2
Config cfl = 6.00e-01
Config cflv = 1.00e-01
Config chunksize = 512
Config cstop = 30
Config dtfac = 1.20e+00
Config dtinit = 1.00e-05
Config dtmax = 1.00e+99
Config dtreport = 1.00e+02
Config einit = 1.00e-01
Config einitsub = 1.00e-07
Config gamma = 1.67e+00
Config meshscale = 1.00e+00
Config q1 = 3.00e-01
Config q2 = 2.00e+00
Config qgamma = 1.67e+00
Config rinit = 1.00e+00
Config rinitsub = 1.00e-03
Config ssmin = 1.00e-01
Config subregion = 0.00e+00 3.12e-02 3.00e+00 9.00e+00
Config subregion_n = 4
Config tstop = 6.00e+00
Config uinitradial = 0.00e+00
Config meshparams = 3.20e+02 9.22e+04 3.12e-02 9.00e+00
Config meshparams_n = 4
Config meshtype = 1
Config nzx = 320
Config nzy = 92160
Config numpcx = 1
Config numpcy = 16
Config lenx = 3.12e-02
Config leny = 9.00e+00
partitioning took 1216012 us
Starting simulation (t=18.2)...
Initializing (t=17.0)...
partitioning took 1216014 us
cycle   80    sim time 2.298e-03    dt 2.439e-05    time 2.088e-02 (per iteration) 1.664e+00 (total)
partitioning took 1216015 us
partitioning took 1216022 us
cycle   60    sim time 1.796e-03    dt 2.583e-05    time 2.099e-02 (per iteration) 1.246e+00 (total)
ELAPSED TIME =   0.628 s
partitioning took 1215991 us
partitioning took 1215988 us
Warning: Skipping sequential validation
partitioning took 1216028 us
cycle   40    sim time 1.258e-03    dt 2.797e-05    time 2.090e-02 (per iteration) 8.272e-01 (total)
Config nz = 29491200
Config np = 29583681
Config ns = 117964800
Config maxznump = 4
Config npieces = 16
Config par_init = 1
Config seq_init = 0
Config print_ts = 0
Config enable = 1
Config warmup = 0
Config prune = 30
Config compact = 1
Config internal = 1
Config interior = 1
Config stripsize = 128
Config spansize = 2048
Config nspans_zones = 0
Config nspans_points = 0
Mesh memory usage:
  Zones  :  29491200 *  192 bytes =  5662310400 bytes
  Points :  29583681 *  128 bytes =  3786711168 bytes
  Sides  : 117964800 *  256 bytes = 30198988800 bytes
  Total                             39648010368 bytes
partitioning took 1216012 us
cycle   20    sim time 6.543e-04    dt 3.394e-05    time 2.094e-02 (per iteration) 4.090e-01 (total)
