codegen: cross_product_array 7.511025e+00
codegen: cross_product_array 7.510907e+00
codegen: cross_product_array 7.511026e+00
codegen: cross_product_array 7.510649e+00
codegen: cross_product_array 7.510989e+00
codegen: cross_product_array 7.510712e+00
codegen: cross_product_array 7.510766e+00
codegen: cross_product_array 7.510921e+00
codegen: cross_product_array 7.510899e+00
codegen: cross_product_array 7.510900e+00
codegen: cross_product_array 7.510671e+00
codegen: cross_product_array 7.511102e+00
codegen: cross_product_array 7.510549e+00
codegen: cross_product_array 7.510851e+00
codegen: cross_product_array 7.510780e+00
codegen: cross_product_array 7.510936e+00
codegen: cross_product_array 7.510879e+00
codegen: cross_product_array 7.510698e+00
codegen: cross_product_array 7.511175e+00
codegen: cross_product_array 7.510900e+00
codegen: cross_product_array 7.510810e+00
codegen: cross_product_array 7.511310e+00
codegen: cross_product_array 7.510718e+00
codegen: cross_product_array 7.510901e+00
codegen: cross_product_array 7.510886e+00
codegen: cross_product_array 7.510855e+00
codegen: cross_product_array 7.510957e+00
codegen: cross_product_array 7.510877e+00
codegen: cross_product_array 7.510962e+00
codegen: cross_product_array 7.510832e+00
codegen: cross_product_array 7.510925e+00
codegen: cross_product_array 7.511118e+00
codegen: cross_product_array 7.510829e+00
codegen: cross_product_array 7.510954e+00
codegen: cross_product_array 7.510772e+00
codegen: cross_product_array 7.510818e+00
codegen: cross_product_array 7.510866e+00
codegen: cross_product_array 7.510687e+00
codegen: cross_product_array 7.510668e+00
codegen: cross_product_array 7.510735e+00
codegen: cross_product_array 7.510795e+00
codegen: cross_product_array 7.510323e+00
codegen: cross_product_array 7.511072e+00
codegen: cross_product_array 7.510860e+00
codegen: cross_product_array 7.510850e+00
codegen: cross_product_array 7.510960e+00
codegen: cross_product_array 7.510649e+00
codegen: cross_product_array 7.510827e+00
codegen: cross_product_array 7.510593e+00
codegen: cross_product_array 7.510892e+00
codegen: cross_product_array 7.510802e+00
codegen: cross_product_array 7.511057e+00
codegen: cross_product_array 7.510824e+00
codegen: cross_product_array 7.511006e+00
codegen: cross_product_array 7.510861e+00
codegen: cross_product_array 7.510729e+00
codegen: cross_product_array 7.510693e+00
codegen: cross_product_array 7.510926e+00
codegen: cross_product_array 7.510815e+00
codegen: cross_product_array 7.510749e+00
codegen: cross_product_array 7.511266e+00
codegen: cross_product_array 7.510714e+00
codegen: cross_product_array 7.510924e+00
codegen: cross_product_array 7.510923e+00
codegen: cross_product_array 7.511065e+00
codegen: cross_product_array 7.511019e+00
codegen: cross_product_array 7.510756e+00
codegen: cross_product_array 7.510855e+00
codegen: cross_product_array 7.511196e+00
codegen: cross_product_array 7.511126e+00
codegen: cross_product_array 7.510987e+00
codegen: cross_product_array 7.510507e+00
codegen: cross_product_array 7.510734e+00
codegen: cross_product_array 7.511190e+00
codegen: cross_product_array 7.510961e+00
codegen: cross_product_array 7.510818e+00
codegen: cross_product_array 7.511075e+00
codegen: cross_product_array 7.510883e+00
codegen: cross_product_array 7.510756e+00
codegen: cross_product_array 7.510879e+00
codegen: cross_product_array 7.510778e+00
codegen: cross_product_array 7.511417e+00
codegen: cross_product_array 7.510827e+00
codegen: cross_product_array 7.510789e+00
codegen: cross_product_array 7.510892e+00
codegen: cross_product_array 7.510874e+00
codegen: cross_product_array 7.511358e+00
codegen: cross_product_array 7.510944e+00
codegen: cross_product_array 7.510886e+00
codegen: cross_product_array 7.510552e+00
codegen: cross_product_array 7.511005e+00
codegen: cross_product_array 7.510666e+00
codegen: cross_product_array 7.510698e+00
codegen: cross_product_array 7.510868e+00
codegen: cross_product_array 7.511370e+00
codegen: cross_product_array 7.510541e+00
codegen: cross_product_array 7.510827e+00
codegen: cross_product_array 7.511107e+00
codegen: cross_product_array 7.511304e+00
codegen: cross_product_array 7.511020e+00
codegen: cross_product_array 7.510662e+00
codegen: cross_product_array 7.510673e+00
codegen: cross_product_array 7.510985e+00
codegen: cross_product_array 7.509644e+00
codegen: cross_product_array 7.510716e+00
codegen: cross_product_array 7.510967e+00
codegen: cross_product_array 7.510853e+00
codegen: cross_product_array 7.510788e+00
codegen: cross_product_array 7.510753e+00
codegen: cross_product_array 7.510884e+00
codegen: cross_product_array 7.510952e+00
codegen: cross_product_array 7.513293e+00
codegen: cross_product_array 7.510798e+00
codegen: cross_product_array 7.510944e+00
codegen: cross_product_array 7.510646e+00
codegen: cross_product_array 7.510899e+00
codegen: cross_product_array 7.510851e+00
codegen: cross_product_array 7.511090e+00
codegen: cross_product_array 7.510963e+00
codegen: cross_product_array 7.511096e+00
codegen: cross_product_array 7.511214e+00
codegen: cross_product_array 7.511005e+00
codegen: cross_product_array 7.510886e+00
codegen: cross_product_array 7.511211e+00
codegen: cross_product_array 7.510901e+00
codegen: cross_product_array 7.510900e+00
codegen: cross_product_array 7.510934e+00
codegen: cross_product_array 7.511243e+00
problem_type = SOD
num_blocks = 256
interval_x = 64
interval_y = 64
interval_z = 131072
output_frequency = 101
time_steps = 50
length_x = 1.000000
length_y = 0.200000
length_z = 2.000000
ramp_angle = 0.000000
dt = 1e-08
wait = false
viscous = true
second_order_space = true
output_results = false
codegen: cross_product_array 7.510793e+00

Setup Time =  10.329420 s

ELAPSED TIME =  11.429 s
codegen: cross_product_array 7.510725e+00
codegen: cross_product_array 7.510962e+00
codegen: cross_product_array 7.511032e+00
codegen: cross_product_array 7.511261e+00
codegen: cross_product_array 7.510801e+00
codegen: cross_product_array 7.510968e+00
codegen: cross_product_array 7.510709e+00
codegen: cross_product_array 7.510973e+00
codegen: cross_product_array 7.510794e+00
codegen: cross_product_array 7.511009e+00
codegen: cross_product_array 7.510788e+00
codegen: cross_product_array 7.510977e+00
codegen: cross_product_array 7.511185e+00
codegen: cross_product_array 7.510573e+00
codegen: cross_product_array 7.510911e+00
codegen: cross_product_array 7.510656e+00
codegen: cross_product_array 7.510723e+00
codegen: cross_product_array 7.510801e+00
codegen: cross_product_array 7.510764e+00
codegen: cross_product_array 7.510763e+00
codegen: cross_product_array 7.510962e+00
codegen: cross_product_array 7.510947e+00
codegen: cross_product_array 7.510755e+00
codegen: cross_product_array 7.511142e+00
codegen: cross_product_array 7.510934e+00
codegen: cross_product_array 7.510906e+00
codegen: cross_product_array 7.510919e+00
codegen: cross_product_array 7.510670e+00
codegen: cross_product_array 7.510934e+00
codegen: cross_product_array 7.510918e+00
codegen: cross_product_array 7.511026e+00
codegen: cross_product_array 7.511154e+00
codegen: cross_product_array 7.510804e+00
codegen: cross_product_array 7.510770e+00
codegen: cross_product_array 7.511003e+00
codegen: cross_product_array 7.510731e+00
codegen: cross_product_array 7.510687e+00
codegen: cross_product_array 7.510893e+00
codegen: cross_product_array 7.511334e+00
codegen: cross_product_array 7.510770e+00
codegen: cross_product_array 7.510944e+00
codegen: cross_product_array 7.510826e+00
codegen: cross_product_array 7.510737e+00
codegen: cross_product_array 7.510980e+00
codegen: cross_product_array 7.510882e+00
codegen: cross_product_array 7.510689e+00
codegen: cross_product_array 7.510868e+00
codegen: cross_product_array 7.510512e+00
codegen: cross_product_array 7.510658e+00
codegen: cross_product_array 7.510917e+00
codegen: cross_product_array 7.511231e+00
codegen: cross_product_array 7.510858e+00
codegen: cross_product_array 7.510885e+00
codegen: cross_product_array 7.511161e+00
codegen: cross_product_array 7.511000e+00
codegen: cross_product_array 7.511025e+00
codegen: cross_product_array 7.510917e+00
codegen: cross_product_array 7.510682e+00
codegen: cross_product_array 7.510867e+00
codegen: cross_product_array 7.510502e+00
codegen: cross_product_array 7.510866e+00
codegen: cross_product_array 7.511116e+00
codegen: cross_product_array 7.510870e+00
codegen: cross_product_array 7.510872e+00
codegen: cross_product_array 7.510969e+00
codegen: cross_product_array 7.511012e+00
codegen: cross_product_array 7.510883e+00
codegen: cross_product_array 7.510831e+00
codegen: cross_product_array 7.510756e+00
codegen: cross_product_array 7.510736e+00
codegen: cross_product_array 7.510705e+00
codegen: cross_product_array 7.510820e+00
codegen: cross_product_array 7.510541e+00
codegen: cross_product_array 7.510753e+00
codegen: cross_product_array 7.510764e+00
codegen: cross_product_array 7.510688e+00
codegen: cross_product_array 7.511034e+00
codegen: cross_product_array 7.511051e+00
codegen: cross_product_array 7.511148e+00
codegen: cross_product_array 7.511038e+00
codegen: cross_product_array 7.510932e+00
codegen: cross_product_array 7.510888e+00
codegen: cross_product_array 7.510663e+00
codegen: cross_product_array 7.510853e+00
codegen: cross_product_array 7.510589e+00
codegen: cross_product_array 7.510729e+00
codegen: cross_product_array 7.510866e+00
codegen: cross_product_array 7.510944e+00
codegen: cross_product_array 7.511317e+00
codegen: cross_product_array 7.511053e+00
codegen: cross_product_array 7.510851e+00
codegen: cross_product_array 7.510939e+00
codegen: cross_product_array 7.510695e+00
codegen: cross_product_array 7.510951e+00
codegen: cross_product_array 7.510690e+00
codegen: cross_product_array 7.511091e+00
codegen: cross_product_array 7.510780e+00
codegen: cross_product_array 7.510708e+00
codegen: cross_product_array 7.510710e+00
codegen: cross_product_array 7.510879e+00
codegen: cross_product_array 7.510918e+00
codegen: cross_product_array 7.510820e+00
codegen: cross_product_array 7.510748e+00
codegen: cross_product_array 7.510657e+00
codegen: cross_product_array 7.510959e+00
codegen: cross_product_array 7.510955e+00
codegen: cross_product_array 7.510722e+00
codegen: cross_product_array 7.510682e+00
codegen: cross_product_array 7.510832e+00
codegen: cross_product_array 7.511308e+00
codegen: cross_product_array 7.510869e+00
codegen: cross_product_array 7.511179e+00
codegen: cross_product_array 7.510895e+00
codegen: cross_product_array 7.510966e+00
codegen: cross_product_array 7.510945e+00
codegen: cross_product_array 7.510761e+00
codegen: cross_product_array 7.510766e+00
codegen: cross_product_array 7.511382e+00
codegen: cross_product_array 7.510695e+00
codegen: cross_product_array 7.510716e+00
codegen: cross_product_array 7.510848e+00
codegen: cross_product_array 7.511230e+00
codegen: cross_product_array 7.511423e+00
codegen: cross_product_array 7.503201e+00
codegen: cross_product_array 7.510745e+00
codegen: cross_product_array 7.510860e+00
codegen: cross_product_array 7.510506e+00
