problem_type = SOD
num_blocks = 4
interval_x = 64
interval_y = 64
interval_z = 2048
output_frequency = 101
time_steps = 50
length_x = 1.000000
length_y = 0.200000
length_z = 2.000000
ramp_angle = 0.000000
dt = 1e-08
wait = false
viscous = true
second_order_space = true
output_results = false
codegen: cross_product_array 7.861000e-03

Setup Time =   1.588255 s

ELAPSED TIME =  11.280 s
codegen: cross_product_array 7.890000e-03
codegen: cross_product_array 7.948000e-03
codegen: cross_product_array 7.911000e-03
