codegen: cross_product_array 2.080800e-02
codegen: cross_product_array 2.084900e-02
codegen: cross_product_array 2.076600e-02
codegen: cross_product_array 2.084100e-02
codegen: cross_product_array 2.084000e-02
codegen: cross_product_array 2.082000e-02
codegen: cross_product_array 2.079100e-02
problem_type = SOD
num_blocks = 8
interval_x = 64
interval_y = 64
interval_z = 4096
output_frequency = 101
time_steps = 50
length_x = 1.000000
length_y = 0.200000
length_z = 2.000000
ramp_angle = 0.000000
dt = 1e-08
wait = false
viscous = true
second_order_space = true
output_results = false
codegen: cross_product_array 2.087600e-02

Setup Time =   1.571634 s

ELAPSED TIME =  11.285 s
