codegen: cross_product_array 7.385515e+00
codegen: cross_product_array 7.385351e+00
codegen: cross_product_array 7.385459e+00
codegen: cross_product_array 7.385307e+00
codegen: cross_product_array 7.382895e+00
codegen: cross_product_array 7.385407e+00
codegen: cross_product_array 7.385281e+00
codegen: cross_product_array 7.385329e+00
codegen: cross_product_array 7.385648e+00
codegen: cross_product_array 7.385628e+00
codegen: cross_product_array 7.385355e+00
codegen: cross_product_array 7.385396e+00
codegen: cross_product_array 7.385466e+00
codegen: cross_product_array 7.385386e+00
codegen: cross_product_array 7.385435e+00
codegen: cross_product_array 7.385298e+00
codegen: cross_product_array 7.385509e+00
codegen: cross_product_array 7.385396e+00
codegen: cross_product_array 7.385761e+00
codegen: cross_product_array 7.385670e+00
codegen: cross_product_array 7.385425e+00
codegen: cross_product_array 7.385316e+00
codegen: cross_product_array 7.385397e+00
codegen: cross_product_array 7.385297e+00
codegen: cross_product_array 7.385755e+00
codegen: cross_product_array 7.385227e+00
codegen: cross_product_array 7.383235e+00
codegen: cross_product_array 7.385765e+00
codegen: cross_product_array 7.385425e+00
codegen: cross_product_array 7.385626e+00
codegen: cross_product_array 7.385680e+00
codegen: cross_product_array 7.385298e+00
codegen: cross_product_array 7.385466e+00
codegen: cross_product_array 7.385311e+00
codegen: cross_product_array 7.385457e+00
codegen: cross_product_array 7.385572e+00
codegen: cross_product_array 7.385768e+00
codegen: cross_product_array 7.385319e+00
codegen: cross_product_array 7.385338e+00
codegen: cross_product_array 7.385434e+00
codegen: cross_product_array 7.385617e+00
codegen: cross_product_array 7.384042e+00
codegen: cross_product_array 7.385369e+00
codegen: cross_product_array 7.384606e+00
codegen: cross_product_array 7.385357e+00
codegen: cross_product_array 7.385227e+00
codegen: cross_product_array 7.385437e+00
codegen: cross_product_array 7.385398e+00
codegen: cross_product_array 7.385355e+00
codegen: cross_product_array 7.385629e+00
codegen: cross_product_array 7.385553e+00
codegen: cross_product_array 7.385637e+00
codegen: cross_product_array 7.385427e+00
codegen: cross_product_array 7.385564e+00
codegen: cross_product_array 7.385261e+00
codegen: cross_product_array 7.385601e+00
codegen: cross_product_array 7.384367e+00
codegen: cross_product_array 7.385342e+00
codegen: cross_product_array 7.384087e+00
codegen: cross_product_array 7.385380e+00
codegen: cross_product_array 7.383230e+00
codegen: cross_product_array 7.383802e+00
codegen: cross_product_array 7.385417e+00
codegen: cross_product_array 7.385542e+00
codegen: cross_product_array 7.385340e+00
codegen: cross_product_array 7.385635e+00
codegen: cross_product_array 7.385444e+00
codegen: cross_product_array 7.385531e+00
codegen: cross_product_array 7.385138e+00
codegen: cross_product_array 7.385679e+00
codegen: cross_product_array 7.385481e+00
codegen: cross_product_array 7.385609e+00
codegen: cross_product_array 7.385698e+00
codegen: cross_product_array 7.386586e+00
codegen: cross_product_array 7.385483e+00
codegen: cross_product_array 7.385433e+00
codegen: cross_product_array 7.385646e+00
codegen: cross_product_array 7.385594e+00
codegen: cross_product_array 7.385600e+00
codegen: cross_product_array 7.385249e+00
codegen: cross_product_array 7.385437e+00
codegen: cross_product_array 7.384615e+00
codegen: cross_product_array 7.385500e+00
codegen: cross_product_array 7.385263e+00
codegen: cross_product_array 7.385391e+00
codegen: cross_product_array 7.385315e+00
codegen: cross_product_array 7.385742e+00
codegen: cross_product_array 7.385230e+00
codegen: cross_product_array 7.385553e+00
codegen: cross_product_array 7.385836e+00
codegen: cross_product_array 7.385437e+00
codegen: cross_product_array 7.385505e+00
codegen: cross_product_array 7.385637e+00
codegen: cross_product_array 7.385397e+00
codegen: cross_product_array 7.385516e+00
codegen: cross_product_array 7.385497e+00
codegen: cross_product_array 7.385434e+00
codegen: cross_product_array 7.385324e+00
codegen: cross_product_array 7.385095e+00
codegen: cross_product_array 7.384925e+00
codegen: cross_product_array 7.383971e+00
codegen: cross_product_array 7.385511e+00
codegen: cross_product_array 7.385480e+00
codegen: cross_product_array 7.385606e+00
codegen: cross_product_array 7.385423e+00
codegen: cross_product_array 7.385284e+00
codegen: cross_product_array 7.385533e+00
codegen: cross_product_array 7.385530e+00
codegen: cross_product_array 7.385586e+00
codegen: cross_product_array 7.385188e+00
codegen: cross_product_array 7.385577e+00
codegen: cross_product_array 7.384755e+00
codegen: cross_product_array 7.385370e+00
codegen: cross_product_array 7.385653e+00
codegen: cross_product_array 7.385452e+00
codegen: cross_product_array 7.385606e+00
codegen: cross_product_array 7.385689e+00
codegen: cross_product_array 7.385255e+00
codegen: cross_product_array 7.385268e+00
codegen: cross_product_array 7.385547e+00
codegen: cross_product_array 7.385495e+00
codegen: cross_product_array 7.385139e+00
codegen: cross_product_array 7.385419e+00
codegen: cross_product_array 7.385811e+00
codegen: cross_product_array 7.385329e+00
problem_type = SOD
num_blocks = 256
interval_x = 64
interval_y = 64
interval_z = 131072
output_frequency = 101
time_steps = 50
length_x = 1.000000
length_y = 0.200000
length_z = 2.000000
ramp_angle = 0.000000
dt = 1e-08
wait = false
viscous = true
second_order_space = true
output_results = false
codegen: cross_product_array 7.386230e+00

Setup Time =  10.300126 s

ELAPSED TIME =  11.445 s
codegen: cross_product_array 7.383057e+00
codegen: cross_product_array 7.385314e+00
codegen: cross_product_array 7.385696e+00
codegen: cross_product_array 7.385872e+00
codegen: cross_product_array 7.385600e+00
codegen: cross_product_array 7.385588e+00
codegen: cross_product_array 7.385431e+00
codegen: cross_product_array 7.385342e+00
codegen: cross_product_array 7.385374e+00
codegen: cross_product_array 7.385336e+00
codegen: cross_product_array 7.385382e+00
codegen: cross_product_array 7.385247e+00
codegen: cross_product_array 7.385681e+00
codegen: cross_product_array 7.385565e+00
codegen: cross_product_array 7.385212e+00
codegen: cross_product_array 7.385526e+00
codegen: cross_product_array 7.383961e+00
codegen: cross_product_array 7.385825e+00
codegen: cross_product_array 7.385223e+00
codegen: cross_product_array 7.384978e+00
codegen: cross_product_array 7.385621e+00
codegen: cross_product_array 7.385590e+00
codegen: cross_product_array 7.385217e+00
codegen: cross_product_array 7.385302e+00
codegen: cross_product_array 7.385628e+00
codegen: cross_product_array 7.384266e+00
codegen: cross_product_array 7.385434e+00
codegen: cross_product_array 7.385069e+00
codegen: cross_product_array 7.385560e+00
codegen: cross_product_array 7.385224e+00
codegen: cross_product_array 7.385474e+00
codegen: cross_product_array 7.385339e+00
codegen: cross_product_array 7.385388e+00
codegen: cross_product_array 7.385581e+00
codegen: cross_product_array 7.384514e+00
codegen: cross_product_array 7.385598e+00
codegen: cross_product_array 7.385322e+00
codegen: cross_product_array 7.385622e+00
codegen: cross_product_array 7.385418e+00
codegen: cross_product_array 7.385254e+00
codegen: cross_product_array 7.385361e+00
codegen: cross_product_array 7.385277e+00
codegen: cross_product_array 7.385323e+00
codegen: cross_product_array 7.383474e+00
codegen: cross_product_array 7.385385e+00
codegen: cross_product_array 7.385378e+00
codegen: cross_product_array 7.385567e+00
codegen: cross_product_array 7.385264e+00
codegen: cross_product_array 7.385256e+00
codegen: cross_product_array 7.385350e+00
codegen: cross_product_array 7.385426e+00
codegen: cross_product_array 7.385693e+00
codegen: cross_product_array 7.385415e+00
codegen: cross_product_array 7.385490e+00
codegen: cross_product_array 7.385531e+00
codegen: cross_product_array 7.385424e+00
codegen: cross_product_array 7.385267e+00
codegen: cross_product_array 7.385542e+00
codegen: cross_product_array 7.385497e+00
codegen: cross_product_array 7.385781e+00
codegen: cross_product_array 7.385280e+00
codegen: cross_product_array 7.385304e+00
codegen: cross_product_array 7.385447e+00
codegen: cross_product_array 7.385663e+00
codegen: cross_product_array 7.385429e+00
codegen: cross_product_array 7.385322e+00
codegen: cross_product_array 7.385333e+00
codegen: cross_product_array 7.385213e+00
codegen: cross_product_array 7.383353e+00
codegen: cross_product_array 7.385431e+00
codegen: cross_product_array 7.383233e+00
codegen: cross_product_array 7.385380e+00
codegen: cross_product_array 7.385442e+00
codegen: cross_product_array 7.385425e+00
codegen: cross_product_array 7.385737e+00
codegen: cross_product_array 7.385464e+00
codegen: cross_product_array 7.385722e+00
codegen: cross_product_array 7.385358e+00
codegen: cross_product_array 7.386602e+00
codegen: cross_product_array 7.385408e+00
codegen: cross_product_array 7.385382e+00
codegen: cross_product_array 7.385318e+00
codegen: cross_product_array 7.385420e+00
codegen: cross_product_array 7.385348e+00
codegen: cross_product_array 7.385505e+00
codegen: cross_product_array 7.385511e+00
codegen: cross_product_array 7.385588e+00
codegen: cross_product_array 7.385634e+00
codegen: cross_product_array 7.385285e+00
codegen: cross_product_array 7.385552e+00
codegen: cross_product_array 7.385642e+00
codegen: cross_product_array 7.385442e+00
codegen: cross_product_array 7.385575e+00
codegen: cross_product_array 7.385574e+00
codegen: cross_product_array 7.385449e+00
codegen: cross_product_array 7.385518e+00
codegen: cross_product_array 7.385320e+00
codegen: cross_product_array 7.385430e+00
codegen: cross_product_array 7.385211e+00
codegen: cross_product_array 7.385733e+00
codegen: cross_product_array 7.385665e+00
codegen: cross_product_array 7.385477e+00
codegen: cross_product_array 7.385427e+00
codegen: cross_product_array 7.385453e+00
codegen: cross_product_array 7.385551e+00
codegen: cross_product_array 7.385258e+00
codegen: cross_product_array 7.385564e+00
codegen: cross_product_array 7.385313e+00
codegen: cross_product_array 7.385311e+00
codegen: cross_product_array 7.385242e+00
codegen: cross_product_array 7.385556e+00
codegen: cross_product_array 7.385423e+00
codegen: cross_product_array 7.385397e+00
codegen: cross_product_array 7.385617e+00
codegen: cross_product_array 7.385302e+00
codegen: cross_product_array 7.385600e+00
codegen: cross_product_array 7.385627e+00
codegen: cross_product_array 7.385367e+00
codegen: cross_product_array 7.384866e+00
codegen: cross_product_array 7.385605e+00
codegen: cross_product_array 7.385367e+00
codegen: cross_product_array 7.385442e+00
codegen: cross_product_array 7.385675e+00
codegen: cross_product_array 7.385438e+00
codegen: cross_product_array 7.385521e+00
codegen: cross_product_array 7.385665e+00
codegen: cross_product_array 7.385429e+00
codegen: cross_product_array 7.385412e+00
codegen: cross_product_array 7.385398e+00
codegen: cross_product_array 7.385690e+00
