codegen: cross_product_array 1.957060e+00
codegen: cross_product_array 1.957114e+00
codegen: cross_product_array 1.957401e+00
codegen: cross_product_array 1.957586e+00
codegen: cross_product_array 1.957471e+00
codegen: cross_product_array 1.957442e+00
codegen: cross_product_array 1.957303e+00
codegen: cross_product_array 1.957557e+00
codegen: cross_product_array 1.957481e+00
codegen: cross_product_array 1.957428e+00
codegen: cross_product_array 1.957334e+00
codegen: cross_product_array 1.957547e+00
codegen: cross_product_array 1.957601e+00
codegen: cross_product_array 1.957528e+00
codegen: cross_product_array 1.957319e+00
codegen: cross_product_array 1.957480e+00
codegen: cross_product_array 1.957428e+00
codegen: cross_product_array 1.957389e+00
codegen: cross_product_array 1.957391e+00
codegen: cross_product_array 1.957200e+00
codegen: cross_product_array 1.957517e+00
codegen: cross_product_array 1.957470e+00
codegen: cross_product_array 1.957520e+00
codegen: cross_product_array 1.957172e+00
codegen: cross_product_array 1.957715e+00
codegen: cross_product_array 1.957090e+00
codegen: cross_product_array 1.957475e+00
codegen: cross_product_array 1.957476e+00
codegen: cross_product_array 1.957325e+00
codegen: cross_product_array 1.957649e+00
codegen: cross_product_array 1.957525e+00
codegen: cross_product_array 1.957333e+00
codegen: cross_product_array 1.957620e+00
codegen: cross_product_array 1.957507e+00
codegen: cross_product_array 1.957271e+00
codegen: cross_product_array 1.957550e+00
codegen: cross_product_array 1.957552e+00
codegen: cross_product_array 1.957542e+00
codegen: cross_product_array 1.957467e+00
codegen: cross_product_array 1.957835e+00
codegen: cross_product_array 1.957524e+00
codegen: cross_product_array 1.957376e+00
codegen: cross_product_array 1.957663e+00
codegen: cross_product_array 1.957490e+00
codegen: cross_product_array 1.957587e+00
codegen: cross_product_array 1.957469e+00
codegen: cross_product_array 1.957368e+00
codegen: cross_product_array 1.957499e+00
codegen: cross_product_array 1.957560e+00
codegen: cross_product_array 1.957297e+00
codegen: cross_product_array 1.957785e+00
codegen: cross_product_array 1.957494e+00
codegen: cross_product_array 1.957549e+00
codegen: cross_product_array 1.957594e+00
codegen: cross_product_array 1.957335e+00
codegen: cross_product_array 1.957437e+00
codegen: cross_product_array 1.957331e+00
codegen: cross_product_array 1.957403e+00
codegen: cross_product_array 1.957515e+00
codegen: cross_product_array 1.957802e+00
codegen: cross_product_array 1.957529e+00
codegen: cross_product_array 1.957376e+00
codegen: cross_product_array 1.957417e+00
codegen: cross_product_array 1.957324e+00
problem_type = SOD
num_blocks = 128
interval_x = 64
interval_y = 64
interval_z = 65536
output_frequency = 101
time_steps = 50
length_x = 1.000000
length_y = 0.200000
length_z = 2.000000
ramp_angle = 0.000000
dt = 1e-08
wait = false
viscous = true
second_order_space = true
output_results = false
codegen: cross_product_array 1.957018e+00

Setup Time =   4.206047 s

ELAPSED TIME =  11.447 s
codegen: cross_product_array 1.957621e+00
codegen: cross_product_array 1.957215e+00
codegen: cross_product_array 1.957273e+00
codegen: cross_product_array 1.957449e+00
codegen: cross_product_array 1.957654e+00
codegen: cross_product_array 1.957505e+00
codegen: cross_product_array 1.957544e+00
codegen: cross_product_array 1.957554e+00
codegen: cross_product_array 1.957828e+00
codegen: cross_product_array 1.957536e+00
codegen: cross_product_array 1.957566e+00
codegen: cross_product_array 1.957324e+00
codegen: cross_product_array 1.957369e+00
codegen: cross_product_array 1.957636e+00
codegen: cross_product_array 1.957201e+00
codegen: cross_product_array 1.957286e+00
codegen: cross_product_array 1.957789e+00
codegen: cross_product_array 1.957774e+00
codegen: cross_product_array 1.957331e+00
codegen: cross_product_array 1.957445e+00
codegen: cross_product_array 1.957466e+00
codegen: cross_product_array 1.957359e+00
codegen: cross_product_array 1.957857e+00
codegen: cross_product_array 1.957296e+00
codegen: cross_product_array 1.957347e+00
codegen: cross_product_array 1.957275e+00
codegen: cross_product_array 1.957594e+00
codegen: cross_product_array 1.957593e+00
codegen: cross_product_array 1.957341e+00
codegen: cross_product_array 1.957208e+00
codegen: cross_product_array 1.957520e+00
codegen: cross_product_array 1.957625e+00
codegen: cross_product_array 1.957476e+00
codegen: cross_product_array 1.957642e+00
codegen: cross_product_array 1.957439e+00
codegen: cross_product_array 1.957285e+00
codegen: cross_product_array 1.957505e+00
codegen: cross_product_array 1.957353e+00
codegen: cross_product_array 1.957373e+00
codegen: cross_product_array 1.957236e+00
codegen: cross_product_array 1.957501e+00
codegen: cross_product_array 1.957503e+00
codegen: cross_product_array 1.957444e+00
codegen: cross_product_array 1.957248e+00
codegen: cross_product_array 1.957501e+00
codegen: cross_product_array 1.957728e+00
codegen: cross_product_array 1.957509e+00
codegen: cross_product_array 1.957599e+00
codegen: cross_product_array 1.957698e+00
codegen: cross_product_array 1.957575e+00
codegen: cross_product_array 1.957334e+00
codegen: cross_product_array 1.957593e+00
codegen: cross_product_array 1.957222e+00
codegen: cross_product_array 1.957228e+00
codegen: cross_product_array 1.957473e+00
codegen: cross_product_array 1.957524e+00
codegen: cross_product_array 1.957767e+00
codegen: cross_product_array 1.957285e+00
codegen: cross_product_array 1.957295e+00
codegen: cross_product_array 1.957535e+00
codegen: cross_product_array 1.957295e+00
codegen: cross_product_array 1.957527e+00
codegen: cross_product_array 1.955237e+00
