codegen: cross_product_array 7.315131e+00
codegen: cross_product_array 7.313604e+00
codegen: cross_product_array 7.313069e+00
codegen: cross_product_array 7.314056e+00
codegen: cross_product_array 7.314873e+00
codegen: cross_product_array 7.313890e+00
codegen: cross_product_array 7.313651e+00
codegen: cross_product_array 7.313773e+00
codegen: cross_product_array 7.313415e+00
codegen: cross_product_array 7.314776e+00
codegen: cross_product_array 7.313960e+00
codegen: cross_product_array 7.313182e+00
codegen: cross_product_array 7.315784e+00
codegen: cross_product_array 7.314255e+00
codegen: cross_product_array 7.312658e+00
codegen: cross_product_array 7.314859e+00
codegen: cross_product_array 7.313086e+00
codegen: cross_product_array 7.314471e+00
codegen: cross_product_array 7.313086e+00
codegen: cross_product_array 7.312958e+00
codegen: cross_product_array 7.314708e+00
codegen: cross_product_array 7.315026e+00
codegen: cross_product_array 7.313617e+00
codegen: cross_product_array 7.314298e+00
codegen: cross_product_array 7.314894e+00
codegen: cross_product_array 7.313949e+00
codegen: cross_product_array 7.314032e+00
codegen: cross_product_array 7.314116e+00
codegen: cross_product_array 7.314175e+00
codegen: cross_product_array 7.313322e+00
codegen: cross_product_array 7.314919e+00
codegen: cross_product_array 7.314560e+00
codegen: cross_product_array 7.314158e+00
codegen: cross_product_array 7.312687e+00
codegen: cross_product_array 7.312761e+00
codegen: cross_product_array 7.314167e+00
codegen: cross_product_array 7.313643e+00
codegen: cross_product_array 7.314878e+00
codegen: cross_product_array 7.315094e+00
codegen: cross_product_array 7.314221e+00
codegen: cross_product_array 7.315661e+00
codegen: cross_product_array 7.314398e+00
codegen: cross_product_array 7.313297e+00
codegen: cross_product_array 7.313056e+00
codegen: cross_product_array 7.314365e+00
codegen: cross_product_array 7.313547e+00
codegen: cross_product_array 7.314972e+00
codegen: cross_product_array 7.314940e+00
codegen: cross_product_array 7.314021e+00
codegen: cross_product_array 7.314990e+00
codegen: cross_product_array 7.314267e+00
codegen: cross_product_array 7.314425e+00
codegen: cross_product_array 7.314637e+00
codegen: cross_product_array 7.313542e+00
codegen: cross_product_array 7.313692e+00
codegen: cross_product_array 7.314620e+00
codegen: cross_product_array 7.313010e+00
codegen: cross_product_array 7.315417e+00
codegen: cross_product_array 7.314564e+00
codegen: cross_product_array 7.312712e+00
codegen: cross_product_array 7.314525e+00
codegen: cross_product_array 7.312890e+00
codegen: cross_product_array 7.313060e+00
codegen: cross_product_array 7.314084e+00
codegen: cross_product_array 7.313532e+00
codegen: cross_product_array 7.313470e+00
codegen: cross_product_array 7.313848e+00
codegen: cross_product_array 7.313810e+00
codegen: cross_product_array 7.315137e+00
codegen: cross_product_array 7.312743e+00
codegen: cross_product_array 7.313274e+00
codegen: cross_product_array 7.313286e+00
codegen: cross_product_array 7.314538e+00
codegen: cross_product_array 7.314180e+00
codegen: cross_product_array 7.314305e+00
codegen: cross_product_array 7.314852e+00
codegen: cross_product_array 7.312937e+00
codegen: cross_product_array 7.312594e+00
codegen: cross_product_array 7.314523e+00
codegen: cross_product_array 7.313734e+00
codegen: cross_product_array 7.312773e+00
codegen: cross_product_array 7.315280e+00
codegen: cross_product_array 7.313887e+00
codegen: cross_product_array 7.313098e+00
codegen: cross_product_array 7.313083e+00
codegen: cross_product_array 7.314599e+00
codegen: cross_product_array 7.314982e+00
codegen: cross_product_array 7.314312e+00
codegen: cross_product_array 7.313060e+00
codegen: cross_product_array 7.315133e+00
codegen: cross_product_array 7.313464e+00
codegen: cross_product_array 7.313411e+00
codegen: cross_product_array 7.313451e+00
codegen: cross_product_array 7.315292e+00
codegen: cross_product_array 7.312747e+00
codegen: cross_product_array 7.313079e+00
codegen: cross_product_array 7.314109e+00
codegen: cross_product_array 7.313133e+00
codegen: cross_product_array 7.314141e+00
codegen: cross_product_array 7.314454e+00
codegen: cross_product_array 7.312718e+00
codegen: cross_product_array 7.313599e+00
codegen: cross_product_array 7.314650e+00
codegen: cross_product_array 7.313228e+00
codegen: cross_product_array 7.314081e+00
codegen: cross_product_array 7.315564e+00
codegen: cross_product_array 7.314442e+00
codegen: cross_product_array 7.313141e+00
codegen: cross_product_array 7.313921e+00
codegen: cross_product_array 7.312755e+00
codegen: cross_product_array 7.313169e+00
codegen: cross_product_array 7.313522e+00
codegen: cross_product_array 7.313885e+00
codegen: cross_product_array 7.313550e+00
codegen: cross_product_array 7.313116e+00
codegen: cross_product_array 7.312772e+00
codegen: cross_product_array 7.314896e+00
codegen: cross_product_array 7.312980e+00
codegen: cross_product_array 7.313042e+00
codegen: cross_product_array 7.313356e+00
codegen: cross_product_array 7.312064e+00
codegen: cross_product_array 7.314660e+00
codegen: cross_product_array 7.314265e+00
codegen: cross_product_array 7.313620e+00
codegen: cross_product_array 7.312880e+00
codegen: cross_product_array 7.313825e+00
codegen: cross_product_array 7.314712e+00
codegen: cross_product_array 7.314061e+00
problem_type = SOD
num_blocks = 256
interval_x = 64
interval_y = 64
interval_z = 131072
output_frequency = 101
time_steps = 50
length_x = 1.000000
length_y = 0.200000
length_z = 2.000000
ramp_angle = 0.000000
dt = 1e-08
wait = false
viscous = true
second_order_space = true
output_results = false
codegen: cross_product_array 7.315138e+00

Setup Time =  10.141273 s

ELAPSED TIME =  11.437 s
codegen: cross_product_array 7.313498e+00
codegen: cross_product_array 7.312743e+00
codegen: cross_product_array 7.314537e+00
codegen: cross_product_array 7.314232e+00
codegen: cross_product_array 7.314515e+00
codegen: cross_product_array 7.313553e+00
codegen: cross_product_array 7.313859e+00
codegen: cross_product_array 7.313476e+00
codegen: cross_product_array 7.312614e+00
codegen: cross_product_array 7.314686e+00
codegen: cross_product_array 7.314996e+00
codegen: cross_product_array 7.313765e+00
codegen: cross_product_array 7.314902e+00
codegen: cross_product_array 7.313567e+00
codegen: cross_product_array 7.313142e+00
codegen: cross_product_array 7.313749e+00
codegen: cross_product_array 7.313288e+00
codegen: cross_product_array 7.314999e+00
codegen: cross_product_array 7.314460e+00
codegen: cross_product_array 7.314678e+00
codegen: cross_product_array 7.313726e+00
codegen: cross_product_array 7.313737e+00
codegen: cross_product_array 7.313193e+00
codegen: cross_product_array 7.313872e+00
codegen: cross_product_array 7.313571e+00
codegen: cross_product_array 7.314354e+00
codegen: cross_product_array 7.314859e+00
codegen: cross_product_array 7.312620e+00
codegen: cross_product_array 7.314219e+00
codegen: cross_product_array 7.314991e+00
codegen: cross_product_array 7.315031e+00
codegen: cross_product_array 7.312485e+00
codegen: cross_product_array 7.313776e+00
codegen: cross_product_array 7.312883e+00
codegen: cross_product_array 7.313798e+00
codegen: cross_product_array 7.314084e+00
codegen: cross_product_array 7.314355e+00
codegen: cross_product_array 7.313296e+00
codegen: cross_product_array 7.313868e+00
codegen: cross_product_array 7.312918e+00
codegen: cross_product_array 7.315025e+00
codegen: cross_product_array 7.313522e+00
codegen: cross_product_array 7.313516e+00
codegen: cross_product_array 7.313744e+00
codegen: cross_product_array 7.314396e+00
codegen: cross_product_array 7.313073e+00
codegen: cross_product_array 7.314870e+00
codegen: cross_product_array 7.314449e+00
codegen: cross_product_array 7.312588e+00
codegen: cross_product_array 7.313259e+00
codegen: cross_product_array 7.315806e+00
codegen: cross_product_array 7.314669e+00
codegen: cross_product_array 7.314113e+00
codegen: cross_product_array 7.313746e+00
codegen: cross_product_array 7.313932e+00
codegen: cross_product_array 7.313406e+00
codegen: cross_product_array 7.314371e+00
codegen: cross_product_array 7.313193e+00
codegen: cross_product_array 7.314219e+00
codegen: cross_product_array 7.314471e+00
codegen: cross_product_array 7.313355e+00
codegen: cross_product_array 7.314818e+00
codegen: cross_product_array 7.314898e+00
codegen: cross_product_array 7.314756e+00
codegen: cross_product_array 7.312825e+00
codegen: cross_product_array 7.313898e+00
codegen: cross_product_array 7.313924e+00
codegen: cross_product_array 7.313839e+00
codegen: cross_product_array 7.314868e+00
codegen: cross_product_array 7.315770e+00
codegen: cross_product_array 7.312876e+00
codegen: cross_product_array 7.313957e+00
codegen: cross_product_array 7.314548e+00
codegen: cross_product_array 7.315065e+00
codegen: cross_product_array 7.313625e+00
codegen: cross_product_array 7.313449e+00
codegen: cross_product_array 7.314247e+00
codegen: cross_product_array 7.315077e+00
codegen: cross_product_array 7.313965e+00
codegen: cross_product_array 7.314298e+00
codegen: cross_product_array 7.315274e+00
codegen: cross_product_array 7.314854e+00
codegen: cross_product_array 7.312225e+00
codegen: cross_product_array 7.314943e+00
codegen: cross_product_array 7.313573e+00
codegen: cross_product_array 7.313820e+00
codegen: cross_product_array 7.313463e+00
codegen: cross_product_array 7.312898e+00
codegen: cross_product_array 7.313216e+00
codegen: cross_product_array 7.313836e+00
codegen: cross_product_array 7.315213e+00
codegen: cross_product_array 7.313132e+00
codegen: cross_product_array 7.312772e+00
codegen: cross_product_array 7.313467e+00
codegen: cross_product_array 7.314982e+00
codegen: cross_product_array 7.314308e+00
codegen: cross_product_array 7.313059e+00
codegen: cross_product_array 7.313844e+00
codegen: cross_product_array 7.312954e+00
codegen: cross_product_array 7.313094e+00
codegen: cross_product_array 7.314020e+00
codegen: cross_product_array 7.312753e+00
codegen: cross_product_array 7.312761e+00
codegen: cross_product_array 7.312790e+00
codegen: cross_product_array 7.313338e+00
codegen: cross_product_array 7.313644e+00
codegen: cross_product_array 7.314512e+00
codegen: cross_product_array 7.314537e+00
codegen: cross_product_array 7.312664e+00
codegen: cross_product_array 7.313185e+00
codegen: cross_product_array 7.313052e+00
codegen: cross_product_array 7.313291e+00
codegen: cross_product_array 7.314968e+00
codegen: cross_product_array 7.314176e+00
codegen: cross_product_array 7.312715e+00
codegen: cross_product_array 7.312945e+00
codegen: cross_product_array 7.314117e+00
codegen: cross_product_array 7.314109e+00
codegen: cross_product_array 7.314784e+00
codegen: cross_product_array 7.313434e+00
codegen: cross_product_array 7.314128e+00
codegen: cross_product_array 7.313157e+00
codegen: cross_product_array 7.313194e+00
codegen: cross_product_array 7.313748e+00
codegen: cross_product_array 7.313063e+00
codegen: cross_product_array 7.314917e+00
codegen: cross_product_array 7.312721e+00
