codegen: cross_product_array 7.774512e+00
codegen: cross_product_array 7.775372e+00
codegen: cross_product_array 7.774388e+00
codegen: cross_product_array 7.772895e+00
codegen: cross_product_array 7.774158e+00
codegen: cross_product_array 7.774604e+00
codegen: cross_product_array 7.773872e+00
codegen: cross_product_array 7.774438e+00
codegen: cross_product_array 7.774149e+00
codegen: cross_product_array 7.774369e+00
codegen: cross_product_array 7.773085e+00
codegen: cross_product_array 7.773607e+00
codegen: cross_product_array 7.774131e+00
codegen: cross_product_array 7.773959e+00
codegen: cross_product_array 7.773910e+00
codegen: cross_product_array 7.774493e+00
codegen: cross_product_array 7.774306e+00
codegen: cross_product_array 7.775663e+00
codegen: cross_product_array 7.774066e+00
codegen: cross_product_array 7.774359e+00
codegen: cross_product_array 7.773104e+00
codegen: cross_product_array 7.774114e+00
codegen: cross_product_array 7.773976e+00
codegen: cross_product_array 7.774390e+00
codegen: cross_product_array 7.774525e+00
codegen: cross_product_array 7.774453e+00
codegen: cross_product_array 7.773967e+00
codegen: cross_product_array 7.775315e+00
codegen: cross_product_array 7.773917e+00
codegen: cross_product_array 7.774524e+00
codegen: cross_product_array 7.774436e+00
codegen: cross_product_array 7.775163e+00
codegen: cross_product_array 7.772864e+00
codegen: cross_product_array 7.773993e+00
codegen: cross_product_array 7.774212e+00
codegen: cross_product_array 7.774512e+00
codegen: cross_product_array 7.773832e+00
codegen: cross_product_array 7.774141e+00
codegen: cross_product_array 7.773960e+00
codegen: cross_product_array 7.774152e+00
codegen: cross_product_array 7.773286e+00
codegen: cross_product_array 7.773951e+00
codegen: cross_product_array 7.774383e+00
codegen: cross_product_array 7.774434e+00
codegen: cross_product_array 7.774197e+00
codegen: cross_product_array 7.774501e+00
codegen: cross_product_array 7.774041e+00
codegen: cross_product_array 7.774289e+00
codegen: cross_product_array 7.774624e+00
codegen: cross_product_array 7.773807e+00
codegen: cross_product_array 7.774232e+00
codegen: cross_product_array 7.774591e+00
codegen: cross_product_array 7.774829e+00
codegen: cross_product_array 7.774273e+00
codegen: cross_product_array 7.774011e+00
codegen: cross_product_array 7.774133e+00
codegen: cross_product_array 7.774003e+00
codegen: cross_product_array 7.773852e+00
codegen: cross_product_array 7.774431e+00
codegen: cross_product_array 7.774457e+00
codegen: cross_product_array 7.774637e+00
codegen: cross_product_array 7.771344e+00
codegen: cross_product_array 7.774694e+00
codegen: cross_product_array 7.774398e+00
codegen: cross_product_array 7.774191e+00
codegen: cross_product_array 7.774290e+00
codegen: cross_product_array 7.774543e+00
codegen: cross_product_array 7.773998e+00
codegen: cross_product_array 7.774017e+00
codegen: cross_product_array 7.773849e+00
codegen: cross_product_array 7.774215e+00
codegen: cross_product_array 7.773858e+00
codegen: cross_product_array 7.774802e+00
codegen: cross_product_array 7.773724e+00
codegen: cross_product_array 7.773937e+00
codegen: cross_product_array 7.774181e+00
codegen: cross_product_array 7.774303e+00
codegen: cross_product_array 7.773747e+00
codegen: cross_product_array 7.774614e+00
codegen: cross_product_array 7.774658e+00
codegen: cross_product_array 7.774399e+00
codegen: cross_product_array 7.775572e+00
codegen: cross_product_array 7.774097e+00
codegen: cross_product_array 7.774272e+00
codegen: cross_product_array 7.774047e+00
codegen: cross_product_array 7.773195e+00
codegen: cross_product_array 7.773820e+00
codegen: cross_product_array 7.774013e+00
codegen: cross_product_array 7.773586e+00
codegen: cross_product_array 7.774358e+00
codegen: cross_product_array 7.774009e+00
codegen: cross_product_array 7.773840e+00
codegen: cross_product_array 7.774230e+00
codegen: cross_product_array 7.772838e+00
codegen: cross_product_array 7.774152e+00
codegen: cross_product_array 7.773024e+00
codegen: cross_product_array 7.774022e+00
codegen: cross_product_array 7.775016e+00
codegen: cross_product_array 7.774380e+00
codegen: cross_product_array 7.774798e+00
codegen: cross_product_array 7.774032e+00
codegen: cross_product_array 7.773844e+00
codegen: cross_product_array 7.774392e+00
codegen: cross_product_array 7.773116e+00
codegen: cross_product_array 7.773695e+00
codegen: cross_product_array 7.774079e+00
codegen: cross_product_array 7.773967e+00
codegen: cross_product_array 7.773472e+00
codegen: cross_product_array 7.774004e+00
codegen: cross_product_array 7.775010e+00
codegen: cross_product_array 7.772954e+00
codegen: cross_product_array 7.774641e+00
codegen: cross_product_array 7.774228e+00
codegen: cross_product_array 7.774026e+00
codegen: cross_product_array 7.773896e+00
codegen: cross_product_array 7.774730e+00
codegen: cross_product_array 7.774606e+00
codegen: cross_product_array 7.775495e+00
codegen: cross_product_array 7.772929e+00
codegen: cross_product_array 7.773997e+00
codegen: cross_product_array 7.773984e+00
codegen: cross_product_array 7.774764e+00
codegen: cross_product_array 7.774788e+00
codegen: cross_product_array 7.774420e+00
codegen: cross_product_array 7.774062e+00
codegen: cross_product_array 7.773882e+00
codegen: cross_product_array 7.774242e+00
codegen: cross_product_array 7.774319e+00
codegen: cross_product_array 7.775089e+00
codegen: cross_product_array 7.774249e+00
codegen: cross_product_array 7.773991e+00
codegen: cross_product_array 7.773960e+00
codegen: cross_product_array 7.773550e+00
codegen: cross_product_array 7.773984e+00
codegen: cross_product_array 7.774722e+00
codegen: cross_product_array 7.772872e+00
codegen: cross_product_array 7.774419e+00
codegen: cross_product_array 7.774374e+00
codegen: cross_product_array 7.774433e+00
codegen: cross_product_array 7.773865e+00
codegen: cross_product_array 7.774003e+00
codegen: cross_product_array 7.774766e+00
codegen: cross_product_array 7.774425e+00
codegen: cross_product_array 7.774418e+00
codegen: cross_product_array 7.774038e+00
codegen: cross_product_array 7.774263e+00
codegen: cross_product_array 7.773984e+00
codegen: cross_product_array 7.774377e+00
codegen: cross_product_array 7.774471e+00
codegen: cross_product_array 7.772891e+00
codegen: cross_product_array 7.773790e+00
codegen: cross_product_array 7.773977e+00
codegen: cross_product_array 7.773966e+00
codegen: cross_product_array 7.773889e+00
codegen: cross_product_array 7.774331e+00
codegen: cross_product_array 7.773946e+00
codegen: cross_product_array 7.775494e+00
codegen: cross_product_array 7.774796e+00
codegen: cross_product_array 7.774412e+00
codegen: cross_product_array 7.774016e+00
codegen: cross_product_array 7.774297e+00
codegen: cross_product_array 7.774662e+00
codegen: cross_product_array 7.774637e+00
codegen: cross_product_array 7.772891e+00
codegen: cross_product_array 7.774407e+00
codegen: cross_product_array 7.774096e+00
codegen: cross_product_array 7.774069e+00
codegen: cross_product_array 7.773855e+00
codegen: cross_product_array 7.774402e+00
codegen: cross_product_array 7.774719e+00
codegen: cross_product_array 7.774008e+00
codegen: cross_product_array 7.774066e+00
codegen: cross_product_array 7.775073e+00
codegen: cross_product_array 7.774499e+00
codegen: cross_product_array 7.774199e+00
codegen: cross_product_array 7.775596e+00
codegen: cross_product_array 7.773900e+00
codegen: cross_product_array 7.775489e+00
codegen: cross_product_array 7.774545e+00
codegen: cross_product_array 7.774065e+00
codegen: cross_product_array 7.773908e+00
codegen: cross_product_array 7.773865e+00
codegen: cross_product_array 7.775369e+00
codegen: cross_product_array 7.774154e+00
codegen: cross_product_array 7.774502e+00
codegen: cross_product_array 7.774025e+00
codegen: cross_product_array 7.774751e+00
codegen: cross_product_array 7.774304e+00
codegen: cross_product_array 7.774043e+00
codegen: cross_product_array 7.774575e+00
codegen: cross_product_array 7.774158e+00
codegen: cross_product_array 7.772859e+00
codegen: cross_product_array 7.774406e+00
codegen: cross_product_array 7.774321e+00
codegen: cross_product_array 7.773999e+00
codegen: cross_product_array 7.774808e+00
codegen: cross_product_array 7.774196e+00
codegen: cross_product_array 7.775387e+00
codegen: cross_product_array 7.773966e+00
codegen: cross_product_array 7.774607e+00
codegen: cross_product_array 7.773876e+00
codegen: cross_product_array 7.774463e+00
codegen: cross_product_array 7.774484e+00
codegen: cross_product_array 7.773420e+00
codegen: cross_product_array 7.775498e+00
codegen: cross_product_array 7.773900e+00
codegen: cross_product_array 7.774143e+00
codegen: cross_product_array 7.773186e+00
codegen: cross_product_array 7.773906e+00
codegen: cross_product_array 7.773463e+00
codegen: cross_product_array 7.774682e+00
codegen: cross_product_array 7.774527e+00
codegen: cross_product_array 7.773160e+00
codegen: cross_product_array 7.774004e+00
codegen: cross_product_array 7.774211e+00
codegen: cross_product_array 7.774640e+00
codegen: cross_product_array 7.774161e+00
codegen: cross_product_array 7.774208e+00
codegen: cross_product_array 7.772970e+00
codegen: cross_product_array 7.773982e+00
codegen: cross_product_array 7.774124e+00
codegen: cross_product_array 7.774497e+00
codegen: cross_product_array 7.774395e+00
codegen: cross_product_array 7.774217e+00
codegen: cross_product_array 7.774198e+00
codegen: cross_product_array 7.774569e+00
codegen: cross_product_array 7.773320e+00
codegen: cross_product_array 7.774452e+00
codegen: cross_product_array 7.773969e+00
codegen: cross_product_array 7.774228e+00
codegen: cross_product_array 7.773893e+00
codegen: cross_product_array 7.773919e+00
codegen: cross_product_array 7.774712e+00
codegen: cross_product_array 7.774286e+00
codegen: cross_product_array 7.773152e+00
codegen: cross_product_array 7.773832e+00
codegen: cross_product_array 7.774496e+00
codegen: cross_product_array 7.775390e+00
codegen: cross_product_array 7.774449e+00
codegen: cross_product_array 7.773593e+00
codegen: cross_product_array 7.774553e+00
codegen: cross_product_array 7.774569e+00
codegen: cross_product_array 7.774252e+00
codegen: cross_product_array 7.774496e+00
codegen: cross_product_array 7.774308e+00
codegen: cross_product_array 7.774048e+00
codegen: cross_product_array 7.773893e+00
codegen: cross_product_array 7.773993e+00
codegen: cross_product_array 7.775272e+00
codegen: cross_product_array 7.774457e+00
codegen: cross_product_array 7.774755e+00
codegen: cross_product_array 7.774393e+00
codegen: cross_product_array 7.772927e+00
codegen: cross_product_array 7.773884e+00
problem_type = SOD
num_blocks = 256
interval_x = 64
interval_y = 64
interval_z = 131072
output_frequency = 101
time_steps = 50
length_x = 1.000000
length_y = 0.200000
length_z = 2.000000
ramp_angle = 0.000000
dt = 1e-08
wait = false
viscous = true
second_order_space = true
output_results = false
codegen: cross_product_array 7.774760e+00

Setup Time =  10.585642 s

ELAPSED TIME =  11.528 s
codegen: cross_product_array 7.774334e+00
