problem_type = SOD
num_blocks = 16
interval_x = 64
interval_y = 64
interval_z = 8192
output_frequency = 101
time_steps = 50
length_x = 1.000000
length_y = 0.200000
length_z = 2.000000
ramp_angle = 0.000000
dt = 1e-08
wait = false
viscous = true
second_order_space = true
output_results = false
codegen: cross_product_array 5.773000e-02

Setup Time =   1.704331 s

ELAPSED TIME =  11.302 s
codegen: cross_product_array 5.782500e-02
codegen: cross_product_array 5.777800e-02
codegen: cross_product_array 5.786900e-02
codegen: cross_product_array 5.677700e-02
codegen: cross_product_array 5.783300e-02
codegen: cross_product_array 5.784700e-02
codegen: cross_product_array 5.785400e-02
codegen: cross_product_array 5.784100e-02
codegen: cross_product_array 5.788500e-02
codegen: cross_product_array 5.784600e-02
codegen: cross_product_array 5.784400e-02
codegen: cross_product_array 5.780000e-02
codegen: cross_product_array 5.784400e-02
codegen: cross_product_array 5.787400e-02
codegen: cross_product_array 5.788400e-02
