problem_type = SOD
num_blocks = 32
interval_x = 64
interval_y = 64
interval_z = 16384
output_frequency = 101
time_steps = 50
length_x = 1.000000
length_y = 0.200000
length_z = 2.000000
ramp_angle = 0.000000
dt = 1e-08
wait = false
viscous = true
second_order_space = true
output_results = false
codegen: cross_product_array 1.638790e-01

Setup Time =   1.866114 s

ELAPSED TIME =  11.307 s
codegen: cross_product_array 1.635750e-01
codegen: cross_product_array 1.638690e-01
codegen: cross_product_array 1.635780e-01
codegen: cross_product_array 1.635290e-01
codegen: cross_product_array 1.638890e-01
codegen: cross_product_array 1.635290e-01
codegen: cross_product_array 1.635770e-01
codegen: cross_product_array 1.635400e-01
codegen: cross_product_array 1.635470e-01
codegen: cross_product_array 1.635000e-01
codegen: cross_product_array 1.637240e-01
codegen: cross_product_array 1.635790e-01
codegen: cross_product_array 1.635560e-01
codegen: cross_product_array 1.635100e-01
codegen: cross_product_array 1.635750e-01
codegen: cross_product_array 1.635740e-01
codegen: cross_product_array 1.635240e-01
codegen: cross_product_array 1.635390e-01
codegen: cross_product_array 1.638110e-01
codegen: cross_product_array 1.638780e-01
codegen: cross_product_array 1.635470e-01
codegen: cross_product_array 1.635120e-01
codegen: cross_product_array 1.639260e-01
codegen: cross_product_array 1.635800e-01
codegen: cross_product_array 1.634120e-01
codegen: cross_product_array 1.635490e-01
codegen: cross_product_array 1.636380e-01
codegen: cross_product_array 1.635400e-01
codegen: cross_product_array 1.635870e-01
codegen: cross_product_array 1.635950e-01
codegen: cross_product_array 1.636120e-01
