codegen: cross_product_array 2.114795e+00
codegen: cross_product_array 2.114787e+00
codegen: cross_product_array 2.114711e+00
codegen: cross_product_array 2.114960e+00
codegen: cross_product_array 2.114853e+00
codegen: cross_product_array 2.114809e+00
codegen: cross_product_array 2.114844e+00
codegen: cross_product_array 2.114999e+00
codegen: cross_product_array 2.114818e+00
codegen: cross_product_array 2.114992e+00
codegen: cross_product_array 2.114868e+00
codegen: cross_product_array 2.114765e+00
codegen: cross_product_array 2.114984e+00
codegen: cross_product_array 2.114643e+00
codegen: cross_product_array 2.114661e+00
codegen: cross_product_array 2.114922e+00
codegen: cross_product_array 2.115009e+00
codegen: cross_product_array 2.114864e+00
codegen: cross_product_array 2.114901e+00
codegen: cross_product_array 2.115233e+00
codegen: cross_product_array 2.114655e+00
codegen: cross_product_array 2.115001e+00
codegen: cross_product_array 2.114902e+00
codegen: cross_product_array 2.115013e+00
codegen: cross_product_array 2.114893e+00
codegen: cross_product_array 2.114949e+00
codegen: cross_product_array 2.114649e+00
codegen: cross_product_array 2.114613e+00
codegen: cross_product_array 2.114784e+00
codegen: cross_product_array 2.115024e+00
codegen: cross_product_array 2.114795e+00
codegen: cross_product_array 2.114608e+00
codegen: cross_product_array 2.114807e+00
codegen: cross_product_array 2.114932e+00
codegen: cross_product_array 2.115036e+00
codegen: cross_product_array 2.114793e+00
codegen: cross_product_array 2.114804e+00
codegen: cross_product_array 2.114835e+00
codegen: cross_product_array 2.114598e+00
codegen: cross_product_array 2.114779e+00
codegen: cross_product_array 2.114602e+00
codegen: cross_product_array 2.114988e+00
codegen: cross_product_array 2.115020e+00
codegen: cross_product_array 2.114824e+00
codegen: cross_product_array 2.114837e+00
codegen: cross_product_array 2.114800e+00
codegen: cross_product_array 2.114881e+00
codegen: cross_product_array 2.114802e+00
codegen: cross_product_array 2.114794e+00
codegen: cross_product_array 2.114910e+00
codegen: cross_product_array 2.115006e+00
codegen: cross_product_array 2.115230e+00
codegen: cross_product_array 2.114678e+00
codegen: cross_product_array 2.114605e+00
codegen: cross_product_array 2.114875e+00
codegen: cross_product_array 2.115199e+00
codegen: cross_product_array 2.114797e+00
codegen: cross_product_array 2.114826e+00
codegen: cross_product_array 2.114836e+00
codegen: cross_product_array 2.114913e+00
codegen: cross_product_array 2.114921e+00
codegen: cross_product_array 2.114864e+00
codegen: cross_product_array 2.115064e+00
codegen: cross_product_array 2.114942e+00
codegen: cross_product_array 2.114776e+00
codegen: cross_product_array 2.114770e+00
codegen: cross_product_array 2.115161e+00
codegen: cross_product_array 2.114848e+00
codegen: cross_product_array 2.115028e+00
codegen: cross_product_array 2.115103e+00
codegen: cross_product_array 2.114847e+00
codegen: cross_product_array 2.114730e+00
codegen: cross_product_array 2.115041e+00
codegen: cross_product_array 2.114851e+00
codegen: cross_product_array 2.115007e+00
codegen: cross_product_array 2.114870e+00
codegen: cross_product_array 2.114976e+00
codegen: cross_product_array 2.115137e+00
codegen: cross_product_array 2.114944e+00
codegen: cross_product_array 2.115245e+00
codegen: cross_product_array 2.114741e+00
codegen: cross_product_array 2.114857e+00
codegen: cross_product_array 2.114821e+00
codegen: cross_product_array 2.114673e+00
codegen: cross_product_array 2.114764e+00
codegen: cross_product_array 2.115078e+00
codegen: cross_product_array 2.114959e+00
codegen: cross_product_array 2.114682e+00
codegen: cross_product_array 2.114836e+00
codegen: cross_product_array 2.114824e+00
codegen: cross_product_array 2.114872e+00
codegen: cross_product_array 2.114732e+00
codegen: cross_product_array 2.114841e+00
problem_type = SOD
num_blocks = 128
interval_x = 64
interval_y = 64
interval_z = 65536
output_frequency = 101
time_steps = 50
length_x = 1.000000
length_y = 0.200000
length_z = 2.000000
ramp_angle = 0.000000
dt = 1e-08
wait = false
viscous = true
second_order_space = true
output_results = false
codegen: cross_product_array 2.114799e+00

Setup Time =   4.351143 s

ELAPSED TIME =  11.323 s
codegen: cross_product_array 2.115204e+00
codegen: cross_product_array 2.114849e+00
codegen: cross_product_array 2.115326e+00
codegen: cross_product_array 2.114729e+00
codegen: cross_product_array 2.114798e+00
codegen: cross_product_array 2.114858e+00
codegen: cross_product_array 2.114907e+00
codegen: cross_product_array 2.114799e+00
codegen: cross_product_array 2.114754e+00
codegen: cross_product_array 2.114906e+00
codegen: cross_product_array 2.114795e+00
codegen: cross_product_array 2.114453e+00
codegen: cross_product_array 2.115135e+00
codegen: cross_product_array 2.114888e+00
codegen: cross_product_array 2.114884e+00
codegen: cross_product_array 2.114833e+00
codegen: cross_product_array 2.114949e+00
codegen: cross_product_array 2.114816e+00
codegen: cross_product_array 2.114904e+00
codegen: cross_product_array 2.114901e+00
codegen: cross_product_array 2.114746e+00
codegen: cross_product_array 2.114995e+00
codegen: cross_product_array 2.114778e+00
codegen: cross_product_array 2.114860e+00
codegen: cross_product_array 2.114706e+00
codegen: cross_product_array 2.114821e+00
codegen: cross_product_array 2.114879e+00
codegen: cross_product_array 2.114868e+00
codegen: cross_product_array 2.114796e+00
codegen: cross_product_array 2.114806e+00
codegen: cross_product_array 2.114951e+00
codegen: cross_product_array 2.114886e+00
codegen: cross_product_array 2.114996e+00
codegen: cross_product_array 2.114745e+00
