codegen: cross_product_array 5.526370e-01
codegen: cross_product_array 5.536660e-01
codegen: cross_product_array 5.535180e-01
codegen: cross_product_array 5.537770e-01
codegen: cross_product_array 5.535490e-01
codegen: cross_product_array 5.524820e-01
codegen: cross_product_array 5.534230e-01
codegen: cross_product_array 5.537190e-01
codegen: cross_product_array 5.525790e-01
codegen: cross_product_array 5.536240e-01
codegen: cross_product_array 5.536680e-01
codegen: cross_product_array 5.538270e-01
codegen: cross_product_array 5.526300e-01
codegen: cross_product_array 5.539360e-01
codegen: cross_product_array 5.536910e-01
codegen: cross_product_array 5.527680e-01
codegen: cross_product_array 5.527950e-01
codegen: cross_product_array 5.534370e-01
codegen: cross_product_array 5.524720e-01
codegen: cross_product_array 5.526750e-01
codegen: cross_product_array 5.526780e-01
codegen: cross_product_array 5.535440e-01
codegen: cross_product_array 5.525560e-01
codegen: cross_product_array 5.528790e-01
codegen: cross_product_array 5.529470e-01
codegen: cross_product_array 5.526590e-01
codegen: cross_product_array 5.527680e-01
codegen: cross_product_array 5.524400e-01
codegen: cross_product_array 5.527950e-01
codegen: cross_product_array 5.526950e-01
codegen: cross_product_array 5.528720e-01
codegen: cross_product_array 5.527340e-01
problem_type = SOD
num_blocks = 64
interval_x = 64
interval_y = 64
interval_z = 32768
output_frequency = 101
time_steps = 50
length_x = 1.000000
length_y = 0.200000
length_z = 2.000000
ramp_angle = 0.000000
dt = 1e-08
wait = false
viscous = true
second_order_space = true
output_results = false
codegen: cross_product_array 5.527080e-01

Setup Time =   2.414404 s

ELAPSED TIME =  11.311 s
codegen: cross_product_array 5.537960e-01
codegen: cross_product_array 5.537740e-01
codegen: cross_product_array 5.525860e-01
codegen: cross_product_array 5.535640e-01
codegen: cross_product_array 5.537280e-01
codegen: cross_product_array 5.526780e-01
codegen: cross_product_array 5.535400e-01
codegen: cross_product_array 5.535330e-01
codegen: cross_product_array 5.534330e-01
codegen: cross_product_array 5.537810e-01
codegen: cross_product_array 5.536080e-01
codegen: cross_product_array 5.536500e-01
codegen: cross_product_array 5.537660e-01
codegen: cross_product_array 5.528880e-01
codegen: cross_product_array 5.526900e-01
codegen: cross_product_array 5.535710e-01
codegen: cross_product_array 5.529010e-01
codegen: cross_product_array 5.461530e-01
codegen: cross_product_array 5.533640e-01
codegen: cross_product_array 5.527590e-01
codegen: cross_product_array 5.527610e-01
codegen: cross_product_array 5.527170e-01
codegen: cross_product_array 5.525740e-01
codegen: cross_product_array 5.519960e-01
codegen: cross_product_array 5.528460e-01
codegen: cross_product_array 5.523410e-01
codegen: cross_product_array 5.528850e-01
codegen: cross_product_array 5.537080e-01
codegen: cross_product_array 5.528680e-01
codegen: cross_product_array 5.525060e-01
codegen: cross_product_array 5.528650e-01
