Running test (t=16.4)...
cycle   20    sim time 1.636e-04    dt 8.485e-06    time 2.226e-02 (per iteration) 6.992e-01 (total)
Warning: Skipping sequential validation
cycle   60    sim time 4.491e-04    dt 6.459e-06    time 2.115e-02 (per iteration) 1.551e+00 (total)
cycle   80    sim time 5.746e-04    dt 6.099e-06    time 2.079e-02 (per iteration) 1.970e+00 (total)
Starting simulation (t=18.7)...
Initializing (t=16.8)...
cycle   40    sim time 3.145e-04    dt 6.992e-06    time 2.119e-02 (per iteration) 1.127e+00 (total)
ELAPSED TIME =   0.636 s
Elapsed time = 2.176835e+00 (total)
cycle   10    sim time 6.480e-05    dt 1.175e-05    time 4.766e-02 (per iteration) 4.766e-01 (total)
Reading "/users/wclee/legion/language/pennant/pennant.tests/leblanc_long64x30/leblanc.pnt"...
Config meshtype = "rect"
Config alfa = 5.00e-01
Config bcx = 0.00e+00 7.81e-03
Config bcx_n = 2
Config bcy = 0.00e+00 9.00e+00
Config bcy_n = 2
Config cfl = 6.00e-01
Config cflv = 1.00e-01
Config chunksize = 512
Config cstop = 30
Config dtfac = 1.20e+00
Config dtinit = 2.50e-06
Config dtmax = 1.00e+99
Config dtreport = 1.00e+02
Config einit = 1.00e-01
Config einitsub = 1.00e-07
Config gamma = 1.67e+00
Config meshscale = 1.00e+00
Config q1 = 3.00e-01
Config q2 = 2.00e+00
Config qgamma = 1.67e+00
Config rinit = 1.00e+00
Config rinitsub = 1.00e-03
Config ssmin = 1.00e-01
Config subregion = 0.00e+00 7.81e-03 3.00e+00 9.00e+00
Config subregion_n = 4
Config tstop = 6.00e+00
Config uinitradial = 0.00e+00
Config meshparams = 3.20e+02 3.69e+05 7.81e-03 9.00e+00
Config meshparams_n = 4
Config meshtype = 1
Config nzx = 320
Config nzy = 368640
Config numpcx = 1
Config numpcy = 64
Config lenx = 7.81e-03
Config leny = 9.00e+00
cycle   30    sim time 2.427e-04    dt 7.246e-06    time 2.155e-02 (per iteration) 9.148e-01 (total)
cycle   50    sim time 3.832e-04    dt 6.732e-06    time 2.124e-02 (per iteration) 1.339e+00 (total)
cycle   70    sim time 5.128e-04    dt 6.256e-06    time 2.113e-02 (per iteration) 1.762e+00 (total)
Config nz = 117964800
Config np = 118333761
Config ns = 471859200
Config maxznump = 4
Config npieces = 64
Config par_init = 1
Config seq_init = 0
Config print_ts = 0
Config enable = 1
Config warmup = 0
Config prune = 30
Config compact = 1
Config internal = 1
Config interior = 1
Config stripsize = 128
Config spansize = 2048
Config nspans_zones = 0
Config nspans_points = 0
Mesh memory usage:
  Zones  : 117964800 *  192 bytes = 22649241600 bytes
  Points : 118333761 *  128 bytes = 15146721408 bytes
  Sides  : 471859200 *  272 bytes = 128345702400 bytes
  Total                             166141665408 bytes
