Running test (t=16.9)...
Elapsed time = 7.561775e+00 (total)
cycle   50    sim time 1.916e-04    dt 3.366e-06    time 6.240e-02 (per iteration) 5.057e+00 (total)
cycle   30    sim time 1.214e-04    dt 3.623e-06    time 6.210e-02 (per iteration) 3.794e+00 (total)
cycle   70    sim time 2.564e-04    dt 3.128e-06    time 6.311e-02 (per iteration) 6.310e+00 (total)
cycle   10    sim time 3.240e-05    dt 5.877e-06    time 2.489e-01 (per iteration) 2.489e+00 (total)
Initializing (t=18.6)...
ELAPSED TIME =   1.886 s
Reading "/users/wclee/legion/language/scratch/pennant_run1_04-05-2019/pennant.tests/leblanc_long128x30/leblanc.pnt"...
Config meshtype = "rect"
Config alfa = 5.00e-01
Config bcx = 0.00e+00 3.91e-03
Config bcx_n = 2
Config bcy = 0.00e+00 9.00e+00
Config bcy_n = 2
Config cfl = 6.00e-01
Config cflv = 1.00e-01
Config chunksize = 512
Config cstop = 30
Config dtfac = 1.20e+00
Config dtinit = 1.25e-06
Config dtmax = 1.00e+99
Config dtreport = 1.00e+02
Config einit = 1.00e-01
Config einitsub = 1.00e-07
Config gamma = 1.67e+00
Config meshscale = 1.00e+00
Config q1 = 3.00e-01
Config q2 = 2.00e+00
Config qgamma = 1.67e+00
Config rinit = 1.00e+00
Config rinitsub = 1.00e-03
Config ssmin = 1.00e-01
Config subregion = 0.00e+00 3.91e-03 3.00e+00 9.00e+00
Config subregion_n = 4
Config tstop = 6.00e+00
Config uinitradial = 0.00e+00
Config meshparams = 3.20e+02 7.37e+05 3.91e-03 9.00e+00
Config meshparams_n = 4
Config meshtype = 1
Config nzx = 320
Config nzy = 737280
Config numpcx = 1
Config numpcy = 128
cycle   60    sim time 2.246e-04    dt 3.229e-06    time 6.220e-02 (per iteration) 5.679e+00 (total)
cycle   20    sim time 8.178e-05    dt 4.242e-06    time 6.835e-02 (per iteration) 3.173e+00 (total)
cycle   40    sim time 1.573e-04    dt 3.496e-06    time 6.397e-02 (per iteration) 4.433e+00 (total)
Warning: Skipping sequential validation
Starting simulation (t=27.7)...
cycle   80    sim time 2.873e-04    dt 3.049e-06    time 6.273e-02 (per iteration) 6.938e+00 (total)
Config lenx = 3.91e-03
Config leny = 9.00e+00
Config nz = 235929600
Config np = 236667201
Config ns = 943718400
Config maxznump = 4
Config npieces = 128
Config par_init = 1
Config seq_init = 0
Config print_ts = 0
Config enable = 1
Config warmup = 0
Config prune = 30
Config compact = 1
Config internal = 1
Config interior = 1
Config stripsize = 128
Config spansize = 2048
Config nspans_zones = 0
Config nspans_points = 0
Mesh memory usage:
  Zones  : 235929600 *  192 bytes = 45298483200 bytes
  Points : 236667201 *  128 bytes = 30293401728 bytes
  Sides  : 943718400 *  256 bytes = 241591910400 bytes
  Total                             317183795328 bytes
