Reading "/users/wclee/legion/language/scratch/pennant_run1_04-05-2019/pennant.tests/leblanc_long2x30/leblanc.pnt"...
Config meshtype = "rect"
Config alfa = 5.00e-01
Config bcx = 0.00e+00 2.50e-01
Config bcx_n = 2
Config bcy = 0.00e+00 9.00e+00
Config bcy_n = 2
Config cfl = 6.00e-01
Config cflv = 1.00e-01
Config chunksize = 512
Config cstop = 30
Config dtfac = 1.20e+00
Config dtinit = 1.00e-04
Config dtmax = 1.00e+99
Config dtreport = 1.00e+02
Config einit = 1.00e-01
Config einitsub = 1.00e-07
Config gamma = 1.67e+00
Config meshscale = 1.00e+00
Config q1 = 3.00e-01
Config q2 = 2.00e+00
Config qgamma = 1.67e+00
Config rinit = 1.00e+00
Config rinitsub = 1.00e-03
Config ssmin = 1.00e-01
Config subregion = 0.00e+00 2.50e-01 3.00e+00 9.00e+00
Config subregion_n = 4
Config tstop = 6.00e+00
Config uinitradial = 0.00e+00
Config meshparams = 3.20e+02 1.15e+04 2.50e-01 9.00e+00
Config meshparams_n = 4
Config meshtype = 1
Config nzx = 320
Config nzy = 11520
Config numpcx = 1
Config numpcy = 2
Config lenx = 2.50e-01
Running test (t=16.8)...
cycle   10    sim time 2.439e-03    dt 3.493e-04    time 2.011e-02 (per iteration) 2.011e-01 (total)
cycle   30    sim time 7.991e-03    dt 2.402e-04    time 2.115e-02 (per iteration) 6.243e-01 (total)
cycle   50    sim time 1.247e-02    dt 2.144e-04    time 2.113e-02 (per iteration) 1.047e+00 (total)
cycle   70    sim time 1.660e-02    dt 1.997e-04    time 2.109e-02 (per iteration) 1.469e+00 (total)
Elapsed time = 1.890314e+00 (total)
Config leny = 9.00e+00
Config nz = 3686400
Config np = 3698241
Config ns = 14745600
Config maxznump = 4
Config npieces = 2
Config par_init = 1
Config seq_init = 0
Config print_ts = 0
Config enable = 1
Config warmup = 0
Config prune = 30
Config compact = 1
Config internal = 1
Config interior = 1
Config stripsize = 128
Config spansize = 2048
Config nspans_zones = 0
Config nspans_points = 0
Mesh memory usage:
  Zones  :   3686400 *  192 bytes =   707788800 bytes
  Points :   3698241 *  128 bytes =   473374848 bytes
  Sides  :  14745600 *  256 bytes =  3774873600 bytes
  Total                              4956037248 bytes
Initializing (t=17.4)...
Starting simulation (t=21.3)...
cycle   20    sim time 5.496e-03    dt 2.754e-04    time 2.117e-02 (per iteration) 4.128e-01 (total)
cycle   40    sim time 1.028e-02    dt 2.271e-04    time 2.110e-02 (per iteration) 8.353e-01 (total)
cycle   60    sim time 1.457e-02    dt 2.061e-04    time 2.113e-02 (per iteration) 1.258e+00 (total)
cycle   80    sim time 1.858e-02    dt 1.948e-04    time 2.109e-02 (per iteration) 1.680e+00 (total)
ELAPSED TIME =   0.633 s
Warning: Skipping sequential validation
