Running test (t=16.4)...
partitioning took 5765842 us
partitioning took 5765824 us
partitioning took 5765849 us
partitioning took 5765816 us
cycle   70    sim time -5.870e+171    dt -1.174e+171    time 6.501e-02 (per iteration) 7.624e+00 (total)
partitioning took 5765800 us
partitioning took 5765814 us
partitioning took 5765811 us
partitioning took 5765821 us
Elapsed time = 8.926734e+00 (total)
partitioning took 5765811 us
cycle   50    sim time -1.531e+170    dt -3.062e+169    time 6.548e-02 (per iteration) 6.312e+00 (total)
partitioning took 5765812 us
partitioning took 5765823 us
cycle   30    sim time -3.969e+168    dt -7.987e+167    time 1.018e-01 (per iteration) 4.744e+00 (total)
partitioning took 5765816 us
partitioning took 5765833 us
partitioning took 5765794 us
cycle   10    sim time -7.994e+166    dt -2.083e+166    time 2.157e-01 (per iteration) 2.157e+00 (total)
partitioning took 5765834 us
partitioning took 5765810 us
partitioning took 5765833 us
partitioning took 5765813 us
partitioning took 5765808 us
partitioning took 5765836 us
cycle   40    sim time -2.470e+169    dt -4.945e+168    time 9.131e-02 (per iteration) 5.657e+00 (total)
partitioning took 5765807 us
partitioning took 5765818 us
Initializing (t=17.3)...
partitioning took 5765815 us
cycle   80    sim time -3.634e+172    dt -7.269e+171    time 6.540e-02 (per iteration) 8.278e+00 (total)
partitioning took 5765827 us
Starting simulation (t=23.2)...
partitioning took 5765816 us
partitioning took 5765833 us
ELAPSED TIME =   2.229 s
Reading "/users/wclee/legion/language/scratch/pennant_run7_no-hint_04-07-2019/pennant.tests/leblanc_long32x30/leblanc.pnt"...
Config meshtype = "rect"
Config alfa = 5.00e-01
Config bcx = 0.00e+00 1.56e-02
Config bcx_n = 2
Config bcy = 0.00e+00 9.00e+00
Config bcy_n = 2
Config cfl = 6.00e-01
Config cflv = 1.00e-01
Config chunksize = 512
Config cstop = 30
Config dtfac = 1.20e+00
Config dtinit = 5.00e-06
Config dtmax = 1.00e+99
Config dtreport = 1.00e+02
Config einit = 1.00e-01
Config einitsub = 1.00e-07
Config gamma = 1.67e+00
Config meshscale = 1.00e+00
Config q1 = 3.00e-01
Config q2 = 2.00e+00
Config qgamma = 1.67e+00
Config rinit = 1.00e+00
Config rinitsub = 1.00e-03
Config ssmin = 1.00e-01
Config subregion = 0.00e+00 1.56e-02 3.00e+00 9.00e+00
Config subregion_n = 4
Config tstop = 6.00e+00
Config uinitradial = 0.00e+00
Config meshparams = 3.20e+02 1.84e+05 1.56e-02 9.00e+00
Config meshparams_n = 4
Config meshtype = 1
Config nzx = 320
Config nzy = 184320
Config numpcx = 1
Config numpcy = 32
partitioning took 5765812 us
Warning: Skipping sequential validation
partitioning took 5765737 us
cycle   60    sim time -9.480e+170    dt -1.896e+170    time 6.613e-02 (per iteration) 6.973e+00 (total)
partitioning took 5765820 us
partitioning took 5765812 us
partitioning took 5765778 us
Config lenx = 1.56e-02
Config leny = 9.00e+00
Config nz = 58982400
Config np = 59167041
Config ns = 235929600
Config maxznump = 4
Config npieces = 32
Config par_init = 1
Config seq_init = 0
Config print_ts = 0
Config enable = 1
Config warmup = 0
Config prune = 30
Config compact = 1
Config internal = 1
Config interior = 1
Config stripsize = 128
Config spansize = 2048
Config nspans_zones = 0
Config nspans_points = 0
Mesh memory usage:
  Zones  :  58982400 *  192 bytes = 11324620800 bytes
  Points :  59167041 *  128 bytes =  7573381248 bytes
  Sides  : 235929600 *  256 bytes = 60397977600 bytes
  Total                             79295979648 bytes
partitioning took 5765816 us
cycle   20    sim time -6.208e+167    dt -1.290e+167    time 1.570e-01 (per iteration) 3.726e+00 (total)
