partitioning took 4824782 us
cycle   40    sim time 2.570e-03    dt 5.679e-05    time 2.457e-02 (per iteration) 1.073e+00 (total)
Warning: Skipping sequential validation
partitioning took 4824749 us
cycle   60    sim time 3.643e-03    dt 5.152e-05    time 2.438e-02 (per iteration) 1.560e+00 (total)
ELAPSED TIME =   0.733 s
Initializing (t=17.0)...
partitioning took 4824784 us
cycle   80    sim time 4.644e-03    dt 4.870e-05    time 2.446e-02 (per iteration) 2.049e+00 (total)
Reading "/users/wclee/legion/language/scratch/pennant_run7_no-hint_04-07-2019/pennant.tests/leblanc_long8x30/leblanc.pnt"...
Config meshtype = "rect"
Config alfa = 5.00e-01
Config bcx = 0.00e+00 6.25e-02
Config bcx_n = 2
Config bcy = 0.00e+00 9.00e+00
Config bcy_n = 2
Config cfl = 6.00e-01
Config cflv = 1.00e-01
Config chunksize = 512
Config cstop = 30
Config dtfac = 1.20e+00
Config dtinit = 2.50e-05
Config dtmax = 1.00e+99
Config dtreport = 1.00e+02
Config einit = 1.00e-01
Config einitsub = 1.00e-07
Config gamma = 1.67e+00
Config meshscale = 1.00e+00
Config q1 = 3.00e-01
Config q2 = 2.00e+00
Config qgamma = 1.67e+00
Config rinit = 1.00e+00
Config rinitsub = 1.00e-03
Config ssmin = 1.00e-01
Config subregion = 0.00e+00 6.25e-02 3.00e+00 9.00e+00
Config subregion_n = 4
Config tstop = 6.00e+00
Config uinitradial = 0.00e+00
Config meshparams = 3.20e+02 4.61e+04 6.25e-02 9.00e+00
Config meshparams_n = 4
Config meshtype = 1
Config nzx = 320
Config nzy = 46080
Config numpcx = 1
Config numpcy = 8
Running test (t=16.3)...
partitioning took 4824817 us
cycle   70    sim time 4.151e-03    dt 4.992e-05    time 2.442e-02 (per iteration) 1.804e+00 (total)
partitioning took 4824782 us
cycle   10    sim time 6.097e-04    dt 8.732e-05    time 3.127e-02 (per iteration) 3.127e-01 (total)
Elapsed time = 2.292550e+00 (total)
partitioning took 4824825 us
cycle   30    sim time 1.998e-03    dt 6.004e-05    time 2.508e-02 (per iteration) 8.274e-01 (total)
partitioning took 4824791 us
cycle   50    sim time 3.118e-03    dt 5.360e-05    time 2.430e-02 (per iteration) 1.316e+00 (total)
Config lenx = 6.25e-02
Config leny = 9.00e+00
Config nz = 14745600
Config np = 14792001
Config ns = 58982400
Config maxznump = 4
Config npieces = 8
Config par_init = 1
Config seq_init = 0
Config print_ts = 0
Config enable = 1
Config warmup = 0
Config prune = 30
Config compact = 1
Config internal = 1
Config interior = 1
Config stripsize = 128
Config spansize = 2048
Config nspans_zones = 0
Config nspans_points = 0
Mesh memory usage:
  Zones  :  14745600 *  192 bytes =  2831155200 bytes
  Points :  14792001 *  128 bytes =  1893376128 bytes
  Sides  :  58982400 *  256 bytes = 15099494400 bytes
  Total                             19824025728 bytes
partitioning took 4824799 us
Starting simulation (t=21.9)...
cycle   20    sim time 1.374e-03    dt 6.885e-05    time 2.639e-02 (per iteration) 5.767e-01 (total)
