partitioning took 5383131 us
partitioning took 5383134 us
Starting simulation (t=22.7)...
partitioning took 5383122 us
partitioning took 5383135 us
Initializing (t=17.2)...
partitioning took 5383123 us
cycle   80    sim time -2.059e+172    dt -4.117e+171    time 6.380e-02 (per iteration) 8.392e+00 (total)
partitioning took 5383156 us
ELAPSED TIME =   2.070 s
partitioning took 5383126 us
cycle   40    sim time -1.398e+169    dt -2.801e+168    time 7.986e-02 (per iteration) 5.845e+00 (total)
partitioning took 5383102 us
partitioning took 5383117 us
partitioning took 5383133 us
Warning: Skipping sequential validation
partitioning took 5383130 us
partitioning took 5383118 us
cycle   60    sim time -5.369e+170    dt -1.074e+170    time 6.307e-02 (per iteration) 7.117e+00 (total)
partitioning took 5383161 us
partitioning took 5383126 us
Reading "/users/wclee/legion/language/scratch/pennant_run7_no-hint_04-07-2019/pennant.tests/leblanc_long32x30/leblanc.pnt"...
Config meshtype = "rect"
Config alfa = 5.00e-01
Config bcx = 0.00e+00 1.56e-02
Config bcx_n = 2
Config bcy = 0.00e+00 9.00e+00
Config bcy_n = 2
Config cfl = 6.00e-01
Config cflv = 1.00e-01
Config chunksize = 512
Config cstop = 30
Config dtfac = 1.20e+00
Config dtinit = 5.00e-06
Config dtmax = 1.00e+99
Config dtreport = 1.00e+02
Config einit = 1.00e-01
Config einitsub = 1.00e-07
Config gamma = 1.67e+00
Config meshscale = 1.00e+00
Config q1 = 3.00e-01
Config q2 = 2.00e+00
Config qgamma = 1.67e+00
Config rinit = 1.00e+00
Config rinitsub = 1.00e-03
Config ssmin = 1.00e-01
Config subregion = 0.00e+00 1.56e-02 3.00e+00 9.00e+00
Config subregion_n = 4
Config tstop = 6.00e+00
Config uinitradial = 0.00e+00
Config meshparams = 3.20e+02 1.84e+05 1.56e-02 9.00e+00
Config meshparams_n = 4
Config meshtype = 1
Config nzx = 320
Config nzy = 184320
Config numpcx = 1
Config numpcy = 32
partitioning took 5383125 us
Running test (t=16.4)...
partitioning took 5383111 us
partitioning took 5383136 us
partitioning took 5383130 us
partitioning took 5383151 us
partitioning took 5383101 us
partitioning took 5383132 us
partitioning took 5383127 us
cycle   30    sim time -2.238e+168    dt -4.524e+167    time 8.705e-02 (per iteration) 5.046e+00 (total)
partitioning took 5383130 us
cycle   50    sim time -8.670e+169    dt -1.734e+169    time 6.413e-02 (per iteration) 6.486e+00 (total)
partitioning took 5383156 us
partitioning took 5383128 us
partitioning took 5383123 us
partitioning took 5383145 us
Elapsed time = 9.034447e+00 (total)
partitioning took 5383114 us
partitioning took 5383134 us
cycle   10    sim time -3.529e+166    dt -1.180e+166    time 2.375e-01 (per iteration) 2.375e+00 (total)
partitioning took 5383102 us
cycle   70    sim time -3.325e+171    dt -6.649e+170    time 6.371e-02 (per iteration) 7.754e+00 (total)
partitioning took 5383137 us
Config lenx = 1.56e-02
Config leny = 9.00e+00
Config nz = 58982400
Config np = 59167041
Config ns = 235929600
Config maxznump = 4
Config npieces = 32
Config par_init = 1
Config seq_init = 0
Config print_ts = 0
Config enable = 1
Config warmup = 0
Config prune = 30
Config compact = 1
Config internal = 1
Config interior = 1
Config stripsize = 128
Config spansize = 2048
Config nspans_zones = 0
Config nspans_points = 0
Mesh memory usage:
  Zones  :  58982400 *  192 bytes = 11324620800 bytes
  Points :  59167041 *  128 bytes =  7573381248 bytes
  Sides  : 235929600 *  256 bytes = 60397977600 bytes
  Total                             79295979648 bytes
partitioning took 5383159 us
cycle   20    sim time -3.416e+167    dt -7.306e+166    time 1.801e-01 (per iteration) 4.176e+00 (total)
