partitioning took 5471002 us
Warning: Skipping sequential validation
partitioning took 5471004 us
cycle   40    sim time -3.167e+185    dt -6.381e+184    time 8.678e-02 (per iteration) 5.642e+00 (total)
partitioning took 5470957 us
partitioning took 5470997 us
partitioning took 5470999 us
cycle   60    sim time -1.223e+187    dt -2.446e+186    time 6.434e-02 (per iteration) 6.966e+00 (total)
partitioning took 5470995 us
partitioning took 5470992 us
Initializing (t=17.2)...
partitioning took 5470988 us
cycle   80    sim time -4.690e+188    dt -9.379e+187    time 6.323e-02 (per iteration) 8.225e+00 (total)
partitioning took 5470990 us
partitioning took 5470989 us
partitioning took 5470996 us
ELAPSED TIME =   2.192 s
partitioning took 5470992 us
partitioning took 5470996 us
partitioning took 5470972 us
partitioning took 5470981 us
Starting simulation (t=22.8)...
Reading "/users/wclee/legion/language/scratch/pennant_run7_no-hint_04-07-2019/pennant.tests/leblanc_long32x30/leblanc.pnt"...
Config meshtype = "rect"
Config alfa = 5.00e-01
Config bcx = 0.00e+00 1.56e-02
Config bcx_n = 2
Config bcy = 0.00e+00 9.00e+00
Config bcy_n = 2
Config cfl = 6.00e-01
Config cflv = 1.00e-01
Config chunksize = 512
Config cstop = 30
Config dtfac = 1.20e+00
Config dtinit = 5.00e-06
Config dtmax = 1.00e+99
Config dtreport = 1.00e+02
Config einit = 1.00e-01
Config einitsub = 1.00e-07
Config gamma = 1.67e+00
Config meshscale = 1.00e+00
Config q1 = 3.00e-01
Config q2 = 2.00e+00
Config qgamma = 1.67e+00
Config rinit = 1.00e+00
Config rinitsub = 1.00e-03
Config ssmin = 1.00e-01
Config subregion = 0.00e+00 1.56e-02 3.00e+00 9.00e+00
Config subregion_n = 4
Config tstop = 6.00e+00
Config uinitradial = 0.00e+00
Config meshparams = 3.20e+02 1.84e+05 1.56e-02 9.00e+00
Config meshparams_n = 4
Config meshtype = 1
Config nzx = 320
Config nzy = 184320
Config numpcx = 1
Config numpcy = 32
Config lenx = 1.56e-02
Config leny = 9.00e+00
Config nz = 58982400
Config np = 59167041
Config ns = 235929600
Config maxznump = 4
Config npieces = 32
Config par_init = 1
Config seq_init = 0
Config print_ts = 0
Config enable = 1
Config warmup = 0
Config prune = 30
Config compact = 1
Config internal = 1
Config interior = 1
Config stripsize = 128
Config spansize = 2048
Config nspans_zones = 0
Config nspans_points = 0
Mesh memory usage:
  Zones  :  58982400 *  192 bytes = 11324620800 bytes
  Points :  59167041 *  128 bytes =  7573381248 bytes
  Sides  : 235929600 *  256 bytes = 60397977600 bytes
  Total                             79295979648 bytes
partitioning took 5470989 us
cycle   20    sim time -6.000e+183    dt -1.665e+183    time 1.644e-01 (per iteration) 3.798e+00 (total)
Running test (t=16.4)...
partitioning took 5471004 us
partitioning took 5470993 us
cycle   30    sim time -4.921e+184    dt -1.031e+184    time 9.765e-02 (per iteration) 4.774e+00 (total)
partitioning took 5471005 us
partitioning took 5471009 us
partitioning took 5471008 us
partitioning took 5470990 us
partitioning took 5470997 us
partitioning took 5470983 us
partitioning took 5470998 us
partitioning took 5470988 us
cycle   70    sim time -7.574e+187    dt -1.515e+187    time 6.265e-02 (per iteration) 7.592e+00 (total)
partitioning took 5470985 us
cycle   50    sim time -1.973e+186    dt -3.951e+185    time 6.805e-02 (per iteration) 6.323e+00 (total)
partitioning took 5470996 us
partitioning took 5471018 us
partitioning took 5470994 us
cycle   10    sim time 1.296e-04    dt 2.351e-05    time 2.154e-01 (per iteration) 2.154e+00 (total)
partitioning took 5470986 us
partitioning took 5471002 us
Elapsed time = 8.854732e+00 (total)
