Running test (t=16.4)...
partitioning took 5365466 us
partitioning took 5365475 us
partitioning took 5365464 us
cycle   50    sim time -3.257e+186    dt -6.518e+185    time 6.675e-02 (per iteration) 6.691e+00 (total)
partitioning took 5365471 us
cycle   30    sim time -8.279e+184    dt -1.700e+184    time 1.340e-01 (per iteration) 5.070e+00 (total)
partitioning took 5365473 us
partitioning took 5365456 us
partitioning took 5365465 us
partitioning took 5365461 us
partitioning took 5365460 us
partitioning took 5365471 us
cycle   10    sim time 1.040e-04    dt -4.435e+182    time 2.168e-01 (per iteration) 2.168e+00 (total)
partitioning took 5365498 us
partitioning took 5365473 us
Elapsed time = 9.206315e+00 (total)
partitioning took 5365468 us
partitioning took 5365483 us
partitioning took 5365464 us
partitioning took 5365464 us
cycle   70    sim time -1.249e+188    dt -2.499e+187    time 6.245e-02 (per iteration) 7.942e+00 (total)
partitioning took 5365455 us
Warning: Skipping sequential validation
Reading "/users/wclee/legion/language/scratch/pennant_run7_no-hint_04-07-2019/pennant.tests/leblanc_long32x30/leblanc.pnt"...
Config meshtype = "rect"
Config alfa = 5.00e-01
Config bcx = 0.00e+00 1.56e-02
Config bcx_n = 2
Config bcy = 0.00e+00 9.00e+00
Config bcy_n = 2
Config cfl = 6.00e-01
Config cflv = 1.00e-01
Config chunksize = 512
Config cstop = 30
Config dtfac = 1.20e+00
Config dtinit = 5.00e-06
Config dtmax = 1.00e+99
Config dtreport = 1.00e+02
Config einit = 1.00e-01
Config einitsub = 1.00e-07
Config gamma = 1.67e+00
Config meshscale = 1.00e+00
Config q1 = 3.00e-01
Config q2 = 2.00e+00
Config qgamma = 1.67e+00
Config rinit = 1.00e+00
Config rinitsub = 1.00e-03
Config ssmin = 1.00e-01
Config subregion = 0.00e+00 1.56e-02 3.00e+00 9.00e+00
Config subregion_n = 4
Config tstop = 6.00e+00
Config uinitradial = 0.00e+00
Config meshparams = 3.20e+02 1.84e+05 1.56e-02 9.00e+00
Config meshparams_n = 4
Config meshtype = 1
Config nzx = 320
Config nzy = 184320
Config numpcx = 1
Config numpcy = 32
partitioning took 5365458 us
partitioning took 5365466 us
Starting simulation (t=22.8)...
partitioning took 5365458 us
cycle   60    sim time -2.018e+187    dt -4.036e+186    time 6.256e-02 (per iteration) 7.317e+00 (total)
partitioning took 5365468 us
partitioning took 5365467 us
partitioning took 5365469 us
ELAPSED TIME =   2.247 s
partitioning took 5365461 us
cycle   40    sim time -5.241e+185    dt -1.053e+185    time 9.542e-02 (per iteration) 6.024e+00 (total)
Initializing (t=17.3)...
partitioning took 5365473 us
cycle   80    sim time -7.736e+188    dt -1.547e+188    time 6.251e-02 (per iteration) 8.567e+00 (total)
partitioning took 5365446 us
partitioning took 5365452 us
partitioning took 5365443 us
partitioning took 5365472 us
partitioning took 5365464 us
partitioning took 5365473 us
Config lenx = 1.56e-02
Config leny = 9.00e+00
Config nz = 58982400
Config np = 59167041
Config ns = 235929600
Config maxznump = 4
Config npieces = 32
Config par_init = 1
Config seq_init = 0
Config print_ts = 0
Config enable = 1
Config warmup = 0
Config prune = 30
Config compact = 1
Config internal = 1
Config interior = 1
Config stripsize = 128
Config spansize = 2048
Config nspans_zones = 0
Config nspans_points = 0
Mesh memory usage:
  Zones  :  58982400 *  192 bytes = 11324620800 bytes
  Points :  59167041 *  128 bytes =  7573381248 bytes
  Sides  : 235929600 *  256 bytes = 60397977600 bytes
  Total                             79295979648 bytes
partitioning took 5365472 us
cycle   20    sim time -1.151e+184    dt -2.746e+183    time 1.562e-01 (per iteration) 3.730e+00 (total)
