partitioning took 4989497 us
cycle   60    sim time -6.680e+172    dt -1.336e+172    time 4.098e-02 (per iteration) 3.110e+00 (total)
ELAPSED TIME =   1.276 s
Reading "/users/wclee/legion/language/scratch/pennant_run7_no-hint_04-07-2019/pennant.tests/leblanc_long16x30/leblanc.pnt"...
Config meshtype = "rect"
Config alfa = 5.00e-01
Config bcx = 0.00e+00 3.12e-02
Config bcx_n = 2
Config bcy = 0.00e+00 9.00e+00
Config bcy_n = 2
Config cfl = 6.00e-01
Config cflv = 1.00e-01
Config chunksize = 512
Config cstop = 30
Config dtfac = 1.20e+00
Config dtinit = 1.00e-05
Config dtmax = 1.00e+99
Config dtreport = 1.00e+02
Config einit = 1.00e-01
Config einitsub = 1.00e-07
Config gamma = 1.67e+00
Config meshscale = 1.00e+00
Config q1 = 3.00e-01
Config q2 = 2.00e+00
Config qgamma = 1.67e+00
Config rinit = 1.00e+00
Config rinitsub = 1.00e-03
Config ssmin = 1.00e-01
Config subregion = 0.00e+00 3.12e-02 3.00e+00 9.00e+00
Config subregion_n = 4
Config tstop = 6.00e+00
Config uinitradial = 0.00e+00
Config meshparams = 3.20e+02 9.22e+04 3.12e-02 9.00e+00
Config meshparams_n = 4
Config meshtype = 1
Config nzx = 320
Config nzy = 92160
Config numpcx = 1
Config numpcy = 16
partitioning took 4989536 us
Starting simulation (t=22.1)...
partitioning took 4989481 us
partitioning took 4989538 us
cycle   40    sim time -1.737e+171    dt -3.485e+170    time 4.438e-02 (per iteration) 2.278e+00 (total)
partitioning took 4989508 us
Initializing (t=17.0)...
partitioning took 4989534 us
cycle   80    sim time -2.561e+174    dt -5.122e+173    time 6.077e-02 (per iteration) 4.089e+00 (total)
partitioning took 4989541 us
Warning: Skipping sequential validation
Config lenx = 3.12e-02
Config leny = 9.00e+00
Config nz = 29491200
Config np = 29583681
Config ns = 117964800
Config maxznump = 4
Config npieces = 16
Config par_init = 1
Config seq_init = 0
Config print_ts = 0
Config enable = 1
Config warmup = 0
Config prune = 30
Config compact = 1
Config internal = 1
Config interior = 1
Config stripsize = 128
Config spansize = 2048
Config nspans_zones = 0
Config nspans_points = 0
Mesh memory usage:
  Zones  :  29491200 *  192 bytes =  5662310400 bytes
  Points :  29583681 *  128 bytes =  3786711168 bytes
  Sides  : 117964800 *  256 bytes = 30198988800 bytes
  Total                             39648010368 bytes
partitioning took 4989540 us
cycle   20    sim time -4.035e+169    dt -9.090e+168    time 6.198e-02 (per iteration) 1.368e+00 (total)
Running test (t=16.3)...
partitioning took 4989576 us
partitioning took 4989503 us
Elapsed time = 4.423724e+00 (total)
partitioning took 4989551 us
cycle   50    sim time -1.078e+172    dt -2.158e+171    time 4.228e-02 (per iteration) 2.701e+00 (total)
partitioning took 4989539 us
cycle   70    sim time -4.136e+173    dt -8.273e+172    time 3.711e-02 (per iteration) 3.482e+00 (total)
partitioning took 4989540 us
cycle   10    sim time -2.243e+168    dt -1.468e+168    time 7.485e-02 (per iteration) 7.485e-01 (total)
partitioning took 4989562 us
partitioning took 4989352 us
cycle   30    sim time -2.763e+170    dt -5.629e+169    time 4.657e-02 (per iteration) 1.834e+00 (total)
partitioning took 4989463 us
