Running test (t=16.3)...
partitioning took 5017942 us
partitioning took 5017924 us
cycle   10    sim time -5.865e+167    dt -2.266e+167    time 7.578e-02 (per iteration) 7.578e-01 (total)
partitioning took 5017954 us
Elapsed time = 4.206149e+00 (total)
partitioning took 5017943 us
cycle   70    sim time -6.383e+172    dt -1.277e+172    time 4.181e-02 (per iteration) 3.454e+00 (total)
partitioning took 5017941 us
cycle   50    sim time -1.664e+171    dt -3.330e+170    time 4.052e-02 (per iteration) 2.632e+00 (total)
partitioning took 5017953 us
partitioning took 5017936 us
cycle   30    sim time -4.288e+169    dt -8.686e+168    time 4.647e-02 (per iteration) 1.788e+00 (total)
partitioning took 5017935 us
partitioning took 5017940 us
Starting simulation (t=22.1)...
partitioning took 5017940 us
Warning: Skipping sequential validation
Initializing (t=17.0)...
partitioning took 5017940 us
cycle   80    sim time -3.952e+173    dt -7.905e+172    time 3.862e-02 (per iteration) 3.840e+00 (total)
partitioning took 5017937 us
cycle   60    sim time -1.031e+172    dt -2.062e+171    time 4.040e-02 (per iteration) 3.036e+00 (total)
ELAPSED TIME =   1.248 s
partitioning took 5017897 us
partitioning took 5017964 us
partitioning took 5017907 us
cycle   40    sim time -2.684e+170    dt -5.378e+169    time 4.385e-02 (per iteration) 2.227e+00 (total)
Reading "/users/wclee/legion/language/scratch/pennant_run7_no-hint_04-07-2019/pennant.tests/leblanc_long16x30/leblanc.pnt"...
Config meshtype = "rect"
Config alfa = 5.00e-01
Config bcx = 0.00e+00 3.12e-02
Config bcx_n = 2
Config bcy = 0.00e+00 9.00e+00
Config bcy_n = 2
Config cfl = 6.00e-01
Config cflv = 1.00e-01
Config chunksize = 512
Config cstop = 30
Config dtfac = 1.20e+00
Config dtinit = 1.00e-05
Config dtmax = 1.00e+99
Config dtreport = 1.00e+02
Config einit = 1.00e-01
Config einitsub = 1.00e-07
Config gamma = 1.67e+00
Config meshscale = 1.00e+00
Config q1 = 3.00e-01
Config q2 = 2.00e+00
Config qgamma = 1.67e+00
Config rinit = 1.00e+00
Config rinitsub = 1.00e-03
Config ssmin = 1.00e-01
Config subregion = 0.00e+00 3.12e-02 3.00e+00 9.00e+00
Config subregion_n = 4
Config tstop = 6.00e+00
Config uinitradial = 0.00e+00
Config meshparams = 3.20e+02 9.22e+04 3.12e-02 9.00e+00
Config meshparams_n = 4
Config meshtype = 1
Config nzx = 320
Config nzy = 92160
Config numpcx = 1
Config numpcy = 16
Config lenx = 3.12e-02
Config leny = 9.00e+00
Config nz = 29491200
Config np = 29583681
Config ns = 117964800
Config maxznump = 4
Config npieces = 16
Config par_init = 1
Config seq_init = 0
Config print_ts = 0
Config enable = 1
Config warmup = 0
Config prune = 30
Config compact = 1
Config internal = 1
Config interior = 1
Config stripsize = 128
Config spansize = 2048
Config nspans_zones = 0
Config nspans_points = 0
Mesh memory usage:
  Zones  :  29491200 *  192 bytes =  5662310400 bytes
  Points :  29583681 *  128 bytes =  3786711168 bytes
  Sides  : 117964800 *  256 bytes = 30198988800 bytes
  Total                             39648010368 bytes
partitioning took 5017966 us
cycle   20    sim time -6.468e+168    dt -1.403e+168    time 5.658e-02 (per iteration) 1.324e+00 (total)
