Running test (t=16.4)...
partitioning took 5389640 us
partitioning took 5389651 us
partitioning took 5389613 us
partitioning took 5389621 us
partitioning took 5389614 us
partitioning took 5389628 us
cycle   50    sim time -1.569e+171    dt -3.139e+170    time 6.902e-02 (per iteration) 5.837e+00 (total)
partitioning took 5389615 us
partitioning took 5389610 us
partitioning took 5389647 us
partitioning took 5389620 us
partitioning took 5389622 us
cycle   10    sim time -1.780e+167    dt -2.136e+167    time 2.098e-01 (per iteration) 2.098e+00 (total)
partitioning took 5389628 us
cycle   70    sim time -6.017e+172    dt -1.203e+172    time 6.377e-02 (per iteration) 7.512e+00 (total)
partitioning took 5389625 us
cycle   30    sim time -4.005e+169    dt -8.187e+168    time 8.945e-02 (per iteration) 4.263e+00 (total)
partitioning took 5389619 us
partitioning took 5389628 us
partitioning took 5389629 us
Elapsed time = 8.773598e+00 (total)
partitioning took 5389618 us
partitioning took 5389621 us
partitioning took 5389626 us
Starting simulation (t=22.8)...
partitioning took 5389617 us
partitioning took 5389627 us
ELAPSED TIME =   2.611 s
partitioning took 5389615 us
partitioning took 5389625 us
Warning: Skipping sequential validation
partitioning took 5389634 us
partitioning took 5389614 us
partitioning took 5389626 us
cycle   60    sim time -9.717e+171    dt -1.943e+171    time 1.038e-01 (per iteration) 6.875e+00 (total)
partitioning took 5389605 us
cycle   40    sim time -2.526e+170    dt -5.069e+169    time 8.835e-02 (per iteration) 5.147e+00 (total)
partitioning took 5389629 us
partitioning took 5389616 us
Initializing (t=17.2)...
partitioning took 5389613 us
cycle   80    sim time -3.725e+173    dt -7.451e+172    time 6.302e-02 (per iteration) 8.143e+00 (total)
partitioning took 5389586 us
Reading "/users/wclee/legion/language/scratch/pennant_run7_no-hint_04-07-2019/pennant.tests/leblanc_long32x30/leblanc.pnt"...
Config meshtype = "rect"
Config alfa = 5.00e-01
Config bcx = 0.00e+00 1.56e-02
Config bcx_n = 2
Config bcy = 0.00e+00 9.00e+00
Config bcy_n = 2
Config cfl = 6.00e-01
Config cflv = 1.00e-01
Config chunksize = 512
Config cstop = 30
Config dtfac = 1.20e+00
Config dtinit = 5.00e-06
Config dtmax = 1.00e+99
Config dtreport = 1.00e+02
Config einit = 1.00e-01
Config einitsub = 1.00e-07
Config gamma = 1.67e+00
Config meshscale = 1.00e+00
Config q1 = 3.00e-01
Config q2 = 2.00e+00
Config qgamma = 1.67e+00
Config rinit = 1.00e+00
Config rinitsub = 1.00e-03
Config ssmin = 1.00e-01
Config subregion = 0.00e+00 1.56e-02 3.00e+00 9.00e+00
Config subregion_n = 4
Config tstop = 6.00e+00
Config uinitradial = 0.00e+00
Config meshparams = 3.20e+02 1.84e+05 1.56e-02 9.00e+00
Config meshparams_n = 4
Config meshtype = 1
Config nzx = 320
Config nzy = 184320
Config numpcx = 1
Config numpcy = 32
Config lenx = 1.56e-02
Config leny = 9.00e+00
Config nz = 58982400
Config np = 59167041
Config ns = 235929600
Config maxznump = 4
Config npieces = 32
Config par_init = 1
Config seq_init = 0
Config print_ts = 0
Config enable = 1
Config warmup = 0
Config prune = 30
Config compact = 1
Config internal = 1
Config interior = 1
Config stripsize = 128
Config spansize = 2048
Config nspans_zones = 0
Config nspans_points = 0
Mesh memory usage:
  Zones  :  58982400 *  192 bytes = 11324620800 bytes
  Points :  59167041 *  128 bytes =  7573381248 bytes
  Sides  : 235929600 *  256 bytes = 60397977600 bytes
  Total                             79295979648 bytes
partitioning took 5389638 us
cycle   20    sim time -5.722e+168    dt -1.322e+168    time 1.271e-01 (per iteration) 3.369e+00 (total)
