Running test (t=16.5)...
partitioning took 4673366 us
cycle   30    sim time 3.996e-03    dt 1.201e-04    time 2.196e-02 (per iteration) 6.590e-01 (total)
cycle   70    sim time 8.302e-03    dt 9.983e-05    time 2.185e-02 (per iteration) 1.536e+00 (total)
partitioning took 4673335 us
cycle   10    sim time 1.219e-03    dt 1.746e-04    time 2.196e-02 (per iteration) 2.196e-01 (total)
cycle   50    sim time 6.235e-03    dt 1.072e-04    time 2.192e-02 (per iteration) 1.099e+00 (total)
Elapsed time = 1.975797e+00 (total)
Reading "/users/wclee/legion/language/scratch/pennant_run7_no-hint_04-07-2019/pennant.tests/leblanc_long4x30/leblanc.pnt"...
Config meshtype = "rect"
Config alfa = 5.00e-01
Config bcx = 0.00e+00 1.25e-01
Config bcx_n = 2
Config bcy = 0.00e+00 9.00e+00
Config bcy_n = 2
Config cfl = 6.00e-01
Config cflv = 1.00e-01
Config chunksize = 512
Config cstop = 30
Config dtfac = 1.20e+00
Config dtinit = 5.00e-05
Config dtmax = 1.00e+99
Config dtreport = 1.00e+02
Config einit = 1.00e-01
Config einitsub = 1.00e-07
Config gamma = 1.67e+00
Config meshscale = 1.00e+00
Config q1 = 3.00e-01
Config q2 = 2.00e+00
Config qgamma = 1.67e+00
Config rinit = 1.00e+00
Config rinitsub = 1.00e-03
Config ssmin = 1.00e-01
Config subregion = 0.00e+00 1.25e-01 3.00e+00 9.00e+00
Config subregion_n = 4
Config tstop = 6.00e+00
Config uinitradial = 0.00e+00
Config meshparams = 3.20e+02 2.30e+04 1.25e-01 9.00e+00
Config meshparams_n = 4
Config meshtype = 1
Config nzx = 320
Config nzy = 23040
Config numpcx = 1
Config numpcy = 4
Initializing (t=17.2)...
partitioning took 4673364 us
cycle   40    sim time 5.141e-03    dt 1.136e-04    time 2.210e-02 (per iteration) 8.800e-01 (total)
cycle   80    sim time 9.289e-03    dt 9.741e-05    time 2.194e-02 (per iteration) 1.756e+00 (total)
Warning: Skipping sequential validation
Config lenx = 1.25e-01
Config leny = 9.00e+00
Config nz = 7372800
Config np = 7396161
Config ns = 29491200
Config maxznump = 4
Config npieces = 4
Config par_init = 1
Config seq_init = 0
Config print_ts = 0
Config enable = 1
Config warmup = 0
Config prune = 30
Config compact = 1
Config internal = 1
Config interior = 1
Config stripsize = 128
Config spansize = 2048
Config nspans_zones = 0
Config nspans_points = 0
Mesh memory usage:
  Zones  :   7372800 *  192 bytes =  1415577600 bytes
  Points :   7396161 *  128 bytes =   946708608 bytes
  Sides  :  29491200 *  256 bytes =  7549747200 bytes
  Total                              9912033408 bytes
partitioning took 4673312 us
Starting simulation (t=21.9)...
cycle   20    sim time 2.748e-03    dt 1.377e-04    time 2.198e-02 (per iteration) 4.393e-01 (total)
cycle   60    sim time 7.287e-03    dt 1.030e-04    time 2.187e-02 (per iteration) 1.318e+00 (total)
ELAPSED TIME =   0.659 s
